Using pre-set license
Built from '2022.3/staging' branch; Version is '2022.3.9f1 (ea401c316338) revision 15351836'; Using compiler version '192829333'; Build Type 'Release'
OS: 'Windows 10  (10.0.19045) 64bit Professional' Language: 'en' Physical Memory: 32702 MB
BatchMode: 1, IsHumanControllingUs: 0, StartBugReporterOnCrash: 0, Is64bit: 1, IsPro: 1

COMMAND LINE ARGUMENTS:
D:\Unity Installs\2022.3.9f1\Editor\Unity.exe
-adb2
-batchMode
-noUpm
-name
AssetImportWorker1
-projectPath
D:/Unity Projects/Stealth FPS
-logFile
Logs/AssetImportWorker1.log
-srvPort
65370
Successfully changed project path to: D:/Unity Projects/Stealth FPS
D:/Unity Projects/Stealth FPS
[UnityMemory] Configuration Parameters - Can be set up in boot.config
    "memorysetup-bucket-allocator-granularity=16"
    "memorysetup-bucket-allocator-bucket-count=8"
    "memorysetup-bucket-allocator-block-size=33554432"
    "memorysetup-bucket-allocator-block-count=8"
    "memorysetup-main-allocator-block-size=16777216"
    "memorysetup-thread-allocator-block-size=16777216"
    "memorysetup-gfx-main-allocator-block-size=16777216"
    "memorysetup-gfx-thread-allocator-block-size=16777216"
    "memorysetup-cache-allocator-block-size=4194304"
    "memorysetup-typetree-allocator-block-size=2097152"
    "memorysetup-profiler-bucket-allocator-granularity=16"
    "memorysetup-profiler-bucket-allocator-bucket-count=8"
    "memorysetup-profiler-bucket-allocator-block-size=33554432"
    "memorysetup-profiler-bucket-allocator-block-count=8"
    "memorysetup-profiler-allocator-block-size=16777216"
    "memorysetup-profiler-editor-allocator-block-size=1048576"
    "memorysetup-temp-allocator-size-main=16777216"
    "memorysetup-job-temp-allocator-block-size=2097152"
    "memorysetup-job-temp-allocator-block-size-background=1048576"
    "memorysetup-job-temp-allocator-reduction-small-platforms=262144"
    "memorysetup-allocator-temp-initial-block-size-main=262144"
    "memorysetup-allocator-temp-initial-block-size-worker=262144"
    "memorysetup-temp-allocator-size-background-worker=32768"
    "memorysetup-temp-allocator-size-job-worker=262144"
    "memorysetup-temp-allocator-size-preload-manager=33554432"
    "memorysetup-temp-allocator-size-nav-mesh-worker=65536"
    "memorysetup-temp-allocator-size-audio-worker=65536"
    "memorysetup-temp-allocator-size-cloud-worker=32768"
    "memorysetup-temp-allocator-size-gi-baking-worker=262144"
    "memorysetup-temp-allocator-size-gfx=262144"
Player connection [16972] Host "[IP] 192.168.1.172 [Port] 0 [Flags] 2 [Guid] 539547414 [EditorId] 539547414 [Version] 1048832 [Id] WindowsEditor(7,DESKTOP-01TE2F3) [Debug] 1 [PackageName] WindowsEditor [ProjectName] Editor" joined multi-casting on [225.0.0.222:54997]...

Player connection [16972] Host "[IP] 192.168.1.172 [Port] 0 [Flags] 2 [Guid] 539547414 [EditorId] 539547414 [Version] 1048832 [Id] WindowsEditor(7,DESKTOP-01TE2F3) [Debug] 1 [PackageName] WindowsEditor [ProjectName] Editor" joined alternative multi-casting on [225.0.0.222:34997]...

[Physics::Module] Initialized MultithreadedJobDispatcher with 15 workers.
Refreshing native plugins compatible for Editor in 6.66 ms, found 3 plugins.
Preloading 0 native plugins for Editor in 0.00 ms.
Initialize engine version: 2022.3.9f1 (ea401c316338)
[Subsystems] Discovering subsystems at path D:/Unity Installs/2022.3.9f1/Editor/Data/Resources/UnitySubsystems
[Subsystems] Discovering subsystems at path D:/Unity Projects/Stealth FPS/Assets
GfxDevice: creating device client; threaded=0; jobified=0
Direct3D:
    Version:  Direct3D 11.0 [level 11.1]
    Renderer: NVIDIA GeForce RTX 2080 Ti (ID=0x1e04)
    Vendor:   NVIDIA
    VRAM:     11027 MB
    Driver:   31.0.15.5161
Initialize mono
Mono path[0] = 'D:/Unity Installs/2022.3.9f1/Editor/Data/Managed'
Mono path[1] = 'D:/Unity Installs/2022.3.9f1/Editor/Data/MonoBleedingEdge/lib/mono/unityjit-win32'
Mono config path = 'D:/Unity Installs/2022.3.9f1/Editor/Data/MonoBleedingEdge/etc'
Using monoOptions --debugger-agent=transport=dt_socket,embedding=1,server=y,suspend=n,address=127.0.0.1:56852
Begin MonoManager ReloadAssembly
Registering precompiled unity dll's ...
Register platform support module: D:/Unity Installs/2022.3.9f1/Editor/Data/PlaybackEngines/WindowsStandaloneSupport/UnityEditor.WindowsStandalone.Extensions.dll
Registered in 0.002910 seconds.
- Loaded All Assemblies, in  0.256 seconds
Native extension for WindowsStandalone target not found
Mono: successfully reloaded assembly
- Finished resetting the current domain, in  0.192 seconds
Domain Reload Profiling: 448ms
	BeginReloadAssembly (81ms)
		ExecutionOrderSort (0ms)
		DisableScriptedObjects (0ms)
		BackupInstance (0ms)
		ReleaseScriptingObjects (0ms)
		CreateAndSetChildDomain (1ms)
	RebuildCommonClasses (27ms)
	RebuildNativeTypeToScriptingClass (9ms)
	initialDomainReloadingComplete (36ms)
	LoadAllAssembliesAndSetupDomain (103ms)
		LoadAssemblies (81ms)
		RebuildTransferFunctionScriptingTraits (0ms)
		AnalyzeDomain (102ms)
			TypeCache.Refresh (101ms)
				TypeCache.ScanAssembly (91ms)
			ScanForSourceGeneratedMonoScriptInfo (0ms)
			ResolveRequiredComponents (0ms)
	FinalizeReload (193ms)
		ReleaseScriptCaches (0ms)
		RebuildScriptCaches (0ms)
		SetupLoadedEditorAssemblies (149ms)
			LogAssemblyErrors (0ms)
			InitializePlatformSupportModulesInManaged (6ms)
			SetLoadedEditorAssemblies (5ms)
			RefreshPlugins (0ms)
			BeforeProcessingInitializeOnLoad (2ms)
			ProcessInitializeOnLoadAttributes (96ms)
			ProcessInitializeOnLoadMethodAttributes (41ms)
			AfterProcessingInitializeOnLoad (0ms)
			EditorAssembliesLoaded (0ms)
		ExecutionOrderSort2 (0ms)
		AwakeInstancesAfterBackupRestoration (0ms)
========================================================================
Worker process is ready to serve import requests
Begin MonoManager ReloadAssembly
- Loaded All Assemblies, in  0.458 seconds
Refreshing native plugins compatible for Editor in 1.95 ms, found 3 plugins.
Native extension for WindowsStandalone target not found
Package Manager log level set to [2]
[Package Manager] Server::EnsureServerProcessIsRunning -- launch failed, reason: Unity was launched with the -noUpm command-line argument
[Package Manager] UpmClient::Send -- Unable to send message (not connected to UPM process).
[Package Manager] Cannot connect to Unity Package Manager local server
Mono: successfully reloaded assembly
- Finished resetting the current domain, in  0.509 seconds
Domain Reload Profiling: 967ms
	BeginReloadAssembly (111ms)
		ExecutionOrderSort (0ms)
		DisableScriptedObjects (4ms)
		BackupInstance (0ms)
		ReleaseScriptingObjects (0ms)
		CreateAndSetChildDomain (15ms)
	RebuildCommonClasses (26ms)
	RebuildNativeTypeToScriptingClass (9ms)
	initialDomainReloadingComplete (29ms)
	LoadAllAssembliesAndSetupDomain (283ms)
		LoadAssemblies (191ms)
		RebuildTransferFunctionScriptingTraits (0ms)
		AnalyzeDomain (154ms)
			TypeCache.Refresh (127ms)
				TypeCache.ScanAssembly (113ms)
			ScanForSourceGeneratedMonoScriptInfo (19ms)
			ResolveRequiredComponents (7ms)
	FinalizeReload (509ms)
		ReleaseScriptCaches (0ms)
		RebuildScriptCaches (0ms)
		SetupLoadedEditorAssemblies (381ms)
			LogAssemblyErrors (0ms)
			InitializePlatformSupportModulesInManaged (3ms)
			SetLoadedEditorAssemblies (2ms)
			RefreshPlugins (0ms)
			BeforeProcessingInitializeOnLoad (53ms)
			ProcessInitializeOnLoadAttributes (269ms)
			ProcessInitializeOnLoadMethodAttributes (51ms)
			AfterProcessingInitializeOnLoad (2ms)
			EditorAssembliesLoaded (0ms)
		ExecutionOrderSort2 (0ms)
		AwakeInstancesAfterBackupRestoration (7ms)
Launched and connected shader compiler UnityShaderCompiler.exe after 0.04 seconds
Refreshing native plugins compatible for Editor in 2.95 ms, found 3 plugins.
Preloading 0 native plugins for Editor in 0.00 ms.
Unloading 4967 Unused Serialized files (Serialized files now loaded: 0)
Unloading 72 unused Assets / (0.7 MB). Loaded Objects now: 5419.
Memory consumption went from 199.6 MB to 198.9 MB.
Total: 5.151400 ms (FindLiveObjects: 0.673100 ms CreateObjectMapping: 0.540000 ms MarkObjects: 3.554100 ms  DeleteObjects: 0.383300 ms)

AssetImportParameters requested are different than current active one (requested -> active):
  custom:container-demuxer-ogg: 62fdf1f143b41e24485cea50d1cbac27 -> 
  custom:video-codec-MediaFoundation-h265: 746d11721c4dcdbdad8f713fa42b33f4 -> 
  custom:video-decoder-ogg-theora: a1e56fd34408186e4bbccfd4996cb3dc -> 
  custom:framework-win-MediaFoundation: 216162199b28c13a410421893ffa2e32 -> 
  custom:CustomObjectIndexerAttribute: a3ef5dd2817f97addfee359851a9dba5 -> 
  custom:container-demuxer-webm: 4f35f7cbe854078d1ac9338744f61a02 -> 
  custom:container-muxer-webm: aa71ff27fc2769a1b78a27578f13a17b -> 
  custom:video-decoder-webm-vp8: 9c59270c3fd7afecdb556c50c9e8de78 -> 
  custom:SearchIndexIgnoredProperties: e643bd26f0fe6173181afceb89e7c659 -> 
  custom:AudioImporter_EditorPlatform: d09bf68614088b80899f8185d706f6e7 -> 
  custom:video-encoder-webm-vp8: eb34c28f22e8b96e1ab97ce403110664 -> 
  custom:audio-decoder-ogg-vorbis: bf7c407c2cedff20999df2af8eb42d56 -> 
  custom:audio-encoder-webm-vorbis: bf7c407c2cedff20999df2af8eb42d56 -> 
========================================================================
Received Import Request.
  Time since last request: 4074.953411 seconds.
  path: Assets/CLazyRunnerActionAnimPack/Animations/P1_CLazyMovement/Mvm_5way_PwChargeDash/CLazy@Mvm_PowerChargeDash_Front_R45_Root.FBX
  artifactKey: Guid(a33c01e254972d34483753ff01c53599) Importer(815301076,1909f56bfc062723c751e8b465ee728b)
Start importing Assets/CLazyRunnerActionAnimPack/Animations/P1_CLazyMovement/Mvm_5way_PwChargeDash/CLazy@Mvm_PowerChargeDash_Front_R45_Root.FBX using Guid(a33c01e254972d34483753ff01c53599) Importer(815301076,1909f56bfc062723c751e8b465ee728b)  -> (artifact id: '19f0d8d556f4367fe606dbba797140ce') in 0.350687 seconds
Number of updated asset objects reloaded before import = 0
Number of asset objects unloaded after import = 149
========================================================================
Received Import Request.
  Time since last request: 0.000021 seconds.
  path: Assets/CLazyRunnerActionAnimPack/Animations/P1_CLazyMovement/Mvm_5way_PwChargeDash/CLazy@Mvm_PWChargeDash_Front.FBX
  artifactKey: Guid(c07c449d07bfccb4c9f8758b19d17e64) Importer(815301076,1909f56bfc062723c751e8b465ee728b)
Start importing Assets/CLazyRunnerActionAnimPack/Animations/P1_CLazyMovement/Mvm_5way_PwChargeDash/CLazy@Mvm_PWChargeDash_Front.FBX using Guid(c07c449d07bfccb4c9f8758b19d17e64) Importer(815301076,1909f56bfc062723c751e8b465ee728b)  -> (artifact id: 'c4182e7f3b90db97067aad21bbb2a757') in 0.018683 seconds
Number of updated asset objects reloaded before import = 0
Number of asset objects unloaded after import = 148
========================================================================
Received Import Request.
  Time since last request: 0.000018 seconds.
  path: Assets/CLazyRunnerActionAnimPack/Animations/P1_CLazyMovement/Mvm_5way_PwChargeDash/CLazy@Mvm_PWChargeDash_Front_L.FBX
  artifactKey: Guid(a18ffa168d8dae54ba8082690a289e68) Importer(815301076,1909f56bfc062723c751e8b465ee728b)
Start importing Assets/CLazyRunnerActionAnimPack/Animations/P1_CLazyMovement/Mvm_5way_PwChargeDash/CLazy@Mvm_PWChargeDash_Front_L.FBX using Guid(a18ffa168d8dae54ba8082690a289e68) Importer(815301076,1909f56bfc062723c751e8b465ee728b)  -> (artifact id: 'd3190e5f07ae63f17df8afb3e4bec0bb') in 0.019076 seconds
Number of updated asset objects reloaded before import = 0
Number of asset objects unloaded after import = 148
========================================================================
Received Import Request.
  Time since last request: 0.000016 seconds.
  path: Assets/CLazyRunnerActionAnimPack/Animations/P1_CLazyMovement/Mvm_5way_PwChargeDash/CLazy@Mvm_PowerChargeDash_Front_R_Root.FBX
  artifactKey: Guid(136a667d3e4e249458daa4a4aa98f728) Importer(815301076,1909f56bfc062723c751e8b465ee728b)
Start importing Assets/CLazyRunnerActionAnimPack/Animations/P1_CLazyMovement/Mvm_5way_PwChargeDash/CLazy@Mvm_PowerChargeDash_Front_R_Root.FBX using Guid(136a667d3e4e249458daa4a4aa98f728) Importer(815301076,1909f56bfc062723c751e8b465ee728b)  -> (artifact id: '05f4f144a37587f791c8527b7c00db95') in 0.016625 seconds
Number of updated asset objects reloaded before import = 0
Number of asset objects unloaded after import = 148
========================================================================
Received Import Request.
  Time since last request: 55.759492 seconds.
  path: Assets/CLazyRunnerActionAnimPack/Animations/P4_CLazyAttack/Attack_Wp_Swing_Run/CLazy@WpAttack_Hand_2L.FBX
  artifactKey: Guid(3f5af7597f38cb7459fca1062f257f76) Importer(815301076,1909f56bfc062723c751e8b465ee728b)
Start importing Assets/CLazyRunnerActionAnimPack/Animations/P4_CLazyAttack/Attack_Wp_Swing_Run/CLazy@WpAttack_Hand_2L.FBX using Guid(3f5af7597f38cb7459fca1062f257f76) Importer(815301076,1909f56bfc062723c751e8b465ee728b)  -> (artifact id: 'c4b896ecd3d5f9103c103de8f78ea8cf') in 0.022152 seconds
Number of updated asset objects reloaded before import = 0
Number of asset objects unloaded after import = 148
========================================================================
Received Import Request.
  Time since last request: 0.000013 seconds.
  path: Assets/CLazyRunnerActionAnimPack/Animations/P4_CLazyAttack/Attack_Wp_Swing_Run/CLazy@WpAttack_Rolling.FBX
  artifactKey: Guid(def280b1ebbfb334bbaed8fabbb30262) Importer(815301076,1909f56bfc062723c751e8b465ee728b)
Start importing Assets/CLazyRunnerActionAnimPack/Animations/P4_CLazyAttack/Attack_Wp_Swing_Run/CLazy@WpAttack_Rolling.FBX using Guid(def280b1ebbfb334bbaed8fabbb30262) Importer(815301076,1909f56bfc062723c751e8b465ee728b)  -> (artifact id: '253bcf3869c09f576083e74981377fca') in 0.126903 seconds
Number of updated asset objects reloaded before import = 0
Number of asset objects unloaded after import = 148
========================================================================
Received Import Request.
  Time since last request: 0.000015 seconds.
  path: Assets/CLazyRunnerActionAnimPack/Animations/P4_CLazyAttack/Attack_Wp_Swing_Run/CLazy@WpAttack_Rolling_All_Root.FBX
  artifactKey: Guid(5c8f550a39bc16d4398e55481bc38358) Importer(815301076,1909f56bfc062723c751e8b465ee728b)
Start importing Assets/CLazyRunnerActionAnimPack/Animations/P4_CLazyAttack/Attack_Wp_Swing_Run/CLazy@WpAttack_Rolling_All_Root.FBX using Guid(5c8f550a39bc16d4398e55481bc38358) Importer(815301076,1909f56bfc062723c751e8b465ee728b)  -> (artifact id: '191e7dd8b4393eb42aafb895e2de3c2b') in 0.023770 seconds
Number of updated asset objects reloaded before import = 0
Number of asset objects unloaded after import = 148
========================================================================
Received Import Request.
  Time since last request: 0.000021 seconds.
  path: Assets/CLazyRunnerActionAnimPack/Animations/P4_CLazyAttack/Attack_Wp_Swing_Run/CLazy@WpAttack_Hand_All.FBX
  artifactKey: Guid(a76532d7d558aa64484348e7861aa934) Importer(815301076,1909f56bfc062723c751e8b465ee728b)
Start importing Assets/CLazyRunnerActionAnimPack/Animations/P4_CLazyAttack/Attack_Wp_Swing_Run/CLazy@WpAttack_Hand_All.FBX using Guid(a76532d7d558aa64484348e7861aa934) Importer(815301076,1909f56bfc062723c751e8b465ee728b)  -> (artifact id: '9a97f114402591efbb657711b20f0634') in 0.040901 seconds
Number of updated asset objects reloaded before import = 0
Number of asset objects unloaded after import = 148
========================================================================
Received Import Request.
  Time since last request: 44.179721 seconds.
  path: Assets/CLazyRunnerActionAnimPack/Animations/P5_CLazyCollision/Dam_Stumble_Run/CLazy@Dam_Turn_Stumble_Left.FBX
  artifactKey: Guid(1476643a6c8e9a84c9dac8f79aa672c4) Importer(815301076,1909f56bfc062723c751e8b465ee728b)
Start importing Assets/CLazyRunnerActionAnimPack/Animations/P5_CLazyCollision/Dam_Stumble_Run/CLazy@Dam_Turn_Stumble_Left.FBX using Guid(1476643a6c8e9a84c9dac8f79aa672c4) Importer(815301076,1909f56bfc062723c751e8b465ee728b)  -> (artifact id: '976500c8124022c787a69dd9ac5bcd03') in 0.042282 seconds
Number of updated asset objects reloaded before import = 0
Number of asset objects unloaded after import = 148
========================================================================
Received Import Request.
  Time since last request: 0.000015 seconds.
  path: Assets/CLazyRunnerActionAnimPack/Animations/P5_CLazyCollision/Dam_Stumble_Run/CLazy@Dam_Turn_Stumble_Right_Root.FBX
  artifactKey: Guid(8ecb3ac0c6636ea42ba45776a6b1fa14) Importer(815301076,1909f56bfc062723c751e8b465ee728b)
Start importing Assets/CLazyRunnerActionAnimPack/Animations/P5_CLazyCollision/Dam_Stumble_Run/CLazy@Dam_Turn_Stumble_Right_Root.FBX using Guid(8ecb3ac0c6636ea42ba45776a6b1fa14) Importer(815301076,1909f56bfc062723c751e8b465ee728b)  -> (artifact id: '7d7ce906736b0f91fdf50ef3b89bacda') in 0.016776 seconds
Number of updated asset objects reloaded before import = 0
Number of asset objects unloaded after import = 148
========================================================================
Received Import Request.
  Time since last request: 11.876530 seconds.
  path: Assets/CLazyRunnerActionAnimPack/Animations/P4_CLazyAttack/Attack_Jump_Air/CLazy@JAttack_AirDrop_End.FBX
  artifactKey: Guid(4155c6de8599c904e9088576d146c0ef) Importer(815301076,1909f56bfc062723c751e8b465ee728b)
Start importing Assets/CLazyRunnerActionAnimPack/Animations/P4_CLazyAttack/Attack_Jump_Air/CLazy@JAttack_AirDrop_End.FBX using Guid(4155c6de8599c904e9088576d146c0ef) Importer(815301076,1909f56bfc062723c751e8b465ee728b)  -> (artifact id: 'ad9ff1cf7291310e03f3f6b2d3f3beca') in 0.015926 seconds
Number of updated asset objects reloaded before import = 0
Number of asset objects unloaded after import = 148
========================================================================
Received Import Request.
  Time since last request: 0.000017 seconds.
  path: Assets/CLazyRunnerActionAnimPack/Animations/P4_CLazyAttack/Attack_Jump_Air/CLazy@JAttack_AirFront_All_Root.FBX
  artifactKey: Guid(841318c27a2ceb04d9ed4ec58c2771a1) Importer(815301076,1909f56bfc062723c751e8b465ee728b)
Start importing Assets/CLazyRunnerActionAnimPack/Animations/P4_CLazyAttack/Attack_Jump_Air/CLazy@JAttack_AirFront_All_Root.FBX using Guid(841318c27a2ceb04d9ed4ec58c2771a1) Importer(815301076,1909f56bfc062723c751e8b465ee728b)  -> (artifact id: '4e9cbd06394eb8feb71d8eb7ae6ddedc') in 0.019206 seconds
Number of updated asset objects reloaded before import = 0
Number of asset objects unloaded after import = 148
========================================================================
Received Import Request.
  Time since last request: 22.332320 seconds.
  path: Assets/CLazyRunnerActionAnimPack/Animations/P4_CLazyAttack/Attack_Punch_Run/CLazy@Attack_Hand_2L.FBX
  artifactKey: Guid(c62dd38c11e60514cbfbd75556f131da) Importer(815301076,1909f56bfc062723c751e8b465ee728b)
Start importing Assets/CLazyRunnerActionAnimPack/Animations/P4_CLazyAttack/Attack_Punch_Run/CLazy@Attack_Hand_2L.FBX using Guid(c62dd38c11e60514cbfbd75556f131da) Importer(815301076,1909f56bfc062723c751e8b465ee728b)  -> (artifact id: '59fe1599251a14990840fe3821d5ead0') in 0.252842 seconds
Number of updated asset objects reloaded before import = 0
Number of asset objects unloaded after import = 148
========================================================================
Received Import Request.
  Time since last request: 0.000020 seconds.
  path: Assets/CLazyRunnerActionAnimPack/Animations/P4_CLazyAttack/Attack_Punch_Run/CLazy@Attack_Hand_Ready.FBX
  artifactKey: Guid(32c81dcc25359e84b9cd84f59da49fdd) Importer(815301076,1909f56bfc062723c751e8b465ee728b)
Start importing Assets/CLazyRunnerActionAnimPack/Animations/P4_CLazyAttack/Attack_Punch_Run/CLazy@Attack_Hand_Ready.FBX using Guid(32c81dcc25359e84b9cd84f59da49fdd) Importer(815301076,1909f56bfc062723c751e8b465ee728b)  -> (artifact id: '24dba14f19ebd6ceac44dbd20b0f5c9e') in 0.016539 seconds
Number of updated asset objects reloaded before import = 0
Number of asset objects unloaded after import = 148
========================================================================
Received Prepare
Begin MonoManager ReloadAssembly
- Loaded All Assemblies, in  0.342 seconds
Refreshing native plugins compatible for Editor in 2.05 ms, found 3 plugins.
Native extension for WindowsStandalone target not found
[Package Manager] Server::EnsureServerProcessIsRunning -- launch failed, reason: Unity was launched with the -noUpm command-line argument
[Package Manager] UpmClient::Send -- Unable to send message (not connected to UPM process).
[Package Manager] Cannot connect to Unity Package Manager local server
Mono: successfully reloaded assembly
- Finished resetting the current domain, in  0.897 seconds
Domain Reload Profiling: 1238ms
	BeginReloadAssembly (140ms)
		ExecutionOrderSort (0ms)
		DisableScriptedObjects (8ms)
		BackupInstance (0ms)
		ReleaseScriptingObjects (0ms)
		CreateAndSetChildDomain (34ms)
	RebuildCommonClasses (29ms)
	RebuildNativeTypeToScriptingClass (9ms)
	initialDomainReloadingComplete (19ms)
	LoadAllAssembliesAndSetupDomain (144ms)
		LoadAssemblies (197ms)
		RebuildTransferFunctionScriptingTraits (0ms)
		AnalyzeDomain (14ms)
			TypeCache.Refresh (5ms)
				TypeCache.ScanAssembly (0ms)
			ScanForSourceGeneratedMonoScriptInfo (0ms)
			ResolveRequiredComponents (8ms)
	FinalizeReload (898ms)
		ReleaseScriptCaches (0ms)
		RebuildScriptCaches (0ms)
		SetupLoadedEditorAssemblies (423ms)
			LogAssemblyErrors (0ms)
			InitializePlatformSupportModulesInManaged (4ms)
			SetLoadedEditorAssemblies (2ms)
			RefreshPlugins (0ms)
			BeforeProcessingInitializeOnLoad (67ms)
			ProcessInitializeOnLoadAttributes (286ms)
			ProcessInitializeOnLoadMethodAttributes (59ms)
			AfterProcessingInitializeOnLoad (3ms)
			EditorAssembliesLoaded (0ms)
		ExecutionOrderSort2 (0ms)
		AwakeInstancesAfterBackupRestoration (22ms)
Refreshing native plugins compatible for Editor in 2.53 ms, found 3 plugins.
Preloading 0 native plugins for Editor in 0.00 ms.
Unloading 4810 Unused Serialized files (Serialized files now loaded: 0)
Unloading 47 unused Assets / (0.6 MB). Loaded Objects now: 5475.
Memory consumption went from 192.8 MB to 192.1 MB.
Total: 4.039400 ms (FindLiveObjects: 0.447600 ms CreateObjectMapping: 0.507700 ms MarkObjects: 2.773400 ms  DeleteObjects: 0.310000 ms)

Prepare: number of updated asset objects reloaded= 0
AssetImportParameters requested are different than current active one (requested -> active):
  custom:container-demuxer-ogg: 62fdf1f143b41e24485cea50d1cbac27 -> 
  custom:video-codec-MediaFoundation-h265: 746d11721c4dcdbdad8f713fa42b33f4 -> 
  custom:video-decoder-ogg-theora: a1e56fd34408186e4bbccfd4996cb3dc -> 
  custom:framework-win-MediaFoundation: 216162199b28c13a410421893ffa2e32 -> 
  custom:CustomObjectIndexerAttribute: a3ef5dd2817f97addfee359851a9dba5 -> 
  custom:container-demuxer-webm: 4f35f7cbe854078d1ac9338744f61a02 -> 
  custom:container-muxer-webm: aa71ff27fc2769a1b78a27578f13a17b -> 
  custom:video-decoder-webm-vp8: 9c59270c3fd7afecdb556c50c9e8de78 -> 
  custom:SearchIndexIgnoredProperties: e643bd26f0fe6173181afceb89e7c659 -> 
  custom:AudioImporter_EditorPlatform: d09bf68614088b80899f8185d706f6e7 -> 
  custom:video-encoder-webm-vp8: eb34c28f22e8b96e1ab97ce403110664 -> 
  custom:audio-decoder-ogg-vorbis: bf7c407c2cedff20999df2af8eb42d56 -> 
  custom:audio-encoder-webm-vorbis: bf7c407c2cedff20999df2af8eb42d56 -> 
========================================================================
Received Prepare
Begin MonoManager ReloadAssembly
- Loaded All Assemblies, in  0.367 seconds
Refreshing native plugins compatible for Editor in 2.30 ms, found 3 plugins.
Native extension for WindowsStandalone target not found
[Package Manager] Server::EnsureServerProcessIsRunning -- launch failed, reason: Unity was launched with the -noUpm command-line argument
[Package Manager] UpmClient::Send -- Unable to send message (not connected to UPM process).
[Package Manager] Cannot connect to Unity Package Manager local server
Mono: successfully reloaded assembly
- Finished resetting the current domain, in  0.960 seconds
Domain Reload Profiling: 1327ms
	BeginReloadAssembly (136ms)
		ExecutionOrderSort (0ms)
		DisableScriptedObjects (4ms)
		BackupInstance (0ms)
		ReleaseScriptingObjects (0ms)
		CreateAndSetChildDomain (33ms)
	RebuildCommonClasses (31ms)
	RebuildNativeTypeToScriptingClass (11ms)
	initialDomainReloadingComplete (22ms)
	LoadAllAssembliesAndSetupDomain (166ms)
		LoadAssemblies (223ms)
		RebuildTransferFunctionScriptingTraits (0ms)
		AnalyzeDomain (15ms)
			TypeCache.Refresh (5ms)
				TypeCache.ScanAssembly (0ms)
			ScanForSourceGeneratedMonoScriptInfo (0ms)
			ResolveRequiredComponents (9ms)
	FinalizeReload (960ms)
		ReleaseScriptCaches (0ms)
		RebuildScriptCaches (0ms)
		SetupLoadedEditorAssemblies (447ms)
			LogAssemblyErrors (0ms)
			InitializePlatformSupportModulesInManaged (5ms)
			SetLoadedEditorAssemblies (3ms)
			RefreshPlugins (0ms)
			BeforeProcessingInitializeOnLoad (64ms)
			ProcessInitializeOnLoadAttributes (311ms)
			ProcessInitializeOnLoadMethodAttributes (61ms)
			AfterProcessingInitializeOnLoad (3ms)
			EditorAssembliesLoaded (0ms)
		ExecutionOrderSort2 (0ms)
		AwakeInstancesAfterBackupRestoration (22ms)
Refreshing native plugins compatible for Editor in 3.01 ms, found 3 plugins.
Preloading 0 native plugins for Editor in 0.00 ms.
Unloading 4810 Unused Serialized files (Serialized files now loaded: 0)
Unloading 47 unused Assets / (0.6 MB). Loaded Objects now: 5479.
Memory consumption went from 192.7 MB to 192.1 MB.
Total: 4.042700 ms (FindLiveObjects: 0.419400 ms CreateObjectMapping: 0.509400 ms MarkObjects: 2.821400 ms  DeleteObjects: 0.291400 ms)

Prepare: number of updated asset objects reloaded= 0
AssetImportParameters requested are different than current active one (requested -> active):
  custom:container-demuxer-ogg: 62fdf1f143b41e24485cea50d1cbac27 -> 
  custom:video-codec-MediaFoundation-h265: 746d11721c4dcdbdad8f713fa42b33f4 -> 
  custom:video-decoder-ogg-theora: a1e56fd34408186e4bbccfd4996cb3dc -> 
  custom:framework-win-MediaFoundation: 216162199b28c13a410421893ffa2e32 -> 
  custom:CustomObjectIndexerAttribute: a3ef5dd2817f97addfee359851a9dba5 -> 
  custom:container-demuxer-webm: 4f35f7cbe854078d1ac9338744f61a02 -> 
  custom:container-muxer-webm: aa71ff27fc2769a1b78a27578f13a17b -> 
  custom:video-decoder-webm-vp8: 9c59270c3fd7afecdb556c50c9e8de78 -> 
  custom:SearchIndexIgnoredProperties: e643bd26f0fe6173181afceb89e7c659 -> 
  custom:AudioImporter_EditorPlatform: d09bf68614088b80899f8185d706f6e7 -> 
  custom:video-encoder-webm-vp8: eb34c28f22e8b96e1ab97ce403110664 -> 
  custom:audio-decoder-ogg-vorbis: bf7c407c2cedff20999df2af8eb42d56 -> 
  custom:audio-encoder-webm-vorbis: bf7c407c2cedff20999df2af8eb42d56 -> 
========================================================================
Received Prepare
Begin MonoManager ReloadAssembly
- Loaded All Assemblies, in  0.296 seconds
Refreshing native plugins compatible for Editor in 1.90 ms, found 3 plugins.
Native extension for WindowsStandalone target not found
[Package Manager] Server::EnsureServerProcessIsRunning -- launch failed, reason: Unity was launched with the -noUpm command-line argument
[Package Manager] UpmClient::Send -- Unable to send message (not connected to UPM process).
[Package Manager] Cannot connect to Unity Package Manager local server
Mono: successfully reloaded assembly
- Finished resetting the current domain, in  0.845 seconds
Domain Reload Profiling: 1141ms
	BeginReloadAssembly (118ms)
		ExecutionOrderSort (0ms)
		DisableScriptedObjects (5ms)
		BackupInstance (0ms)
		ReleaseScriptingObjects (0ms)
		CreateAndSetChildDomain (28ms)
	RebuildCommonClasses (26ms)
	RebuildNativeTypeToScriptingClass (9ms)
	initialDomainReloadingComplete (18ms)
	LoadAllAssembliesAndSetupDomain (124ms)
		LoadAssemblies (171ms)
		RebuildTransferFunctionScriptingTraits (0ms)
		AnalyzeDomain (14ms)
			TypeCache.Refresh (5ms)
				TypeCache.ScanAssembly (0ms)
			ScanForSourceGeneratedMonoScriptInfo (0ms)
			ResolveRequiredComponents (8ms)
	FinalizeReload (845ms)
		ReleaseScriptCaches (0ms)
		RebuildScriptCaches (0ms)
		SetupLoadedEditorAssemblies (397ms)
			LogAssemblyErrors (0ms)
			InitializePlatformSupportModulesInManaged (5ms)
			SetLoadedEditorAssemblies (3ms)
			RefreshPlugins (0ms)
			BeforeProcessingInitializeOnLoad (59ms)
			ProcessInitializeOnLoadAttributes (271ms)
			ProcessInitializeOnLoadMethodAttributes (56ms)
			AfterProcessingInitializeOnLoad (3ms)
			EditorAssembliesLoaded (0ms)
		ExecutionOrderSort2 (0ms)
		AwakeInstancesAfterBackupRestoration (21ms)
Refreshing native plugins compatible for Editor in 2.04 ms, found 3 plugins.
Preloading 0 native plugins for Editor in 0.00 ms.
Unloading 4810 Unused Serialized files (Serialized files now loaded: 0)
Unloading 47 unused Assets / (0.6 MB). Loaded Objects now: 5483.
Memory consumption went from 192.7 MB to 192.1 MB.
Total: 3.337400 ms (FindLiveObjects: 0.328100 ms CreateObjectMapping: 0.354400 ms MarkObjects: 2.390200 ms  DeleteObjects: 0.264000 ms)

Prepare: number of updated asset objects reloaded= 0
AssetImportParameters requested are different than current active one (requested -> active):
  custom:container-demuxer-ogg: 62fdf1f143b41e24485cea50d1cbac27 -> 
  custom:video-codec-MediaFoundation-h265: 746d11721c4dcdbdad8f713fa42b33f4 -> 
  custom:video-decoder-ogg-theora: a1e56fd34408186e4bbccfd4996cb3dc -> 
  custom:framework-win-MediaFoundation: 216162199b28c13a410421893ffa2e32 -> 
  custom:CustomObjectIndexerAttribute: a3ef5dd2817f97addfee359851a9dba5 -> 
  custom:container-demuxer-webm: 4f35f7cbe854078d1ac9338744f61a02 -> 
  custom:container-muxer-webm: aa71ff27fc2769a1b78a27578f13a17b -> 
  custom:video-decoder-webm-vp8: 9c59270c3fd7afecdb556c50c9e8de78 -> 
  custom:SearchIndexIgnoredProperties: e643bd26f0fe6173181afceb89e7c659 -> 
  custom:AudioImporter_EditorPlatform: d09bf68614088b80899f8185d706f6e7 -> 
  custom:video-encoder-webm-vp8: eb34c28f22e8b96e1ab97ce403110664 -> 
  custom:audio-decoder-ogg-vorbis: bf7c407c2cedff20999df2af8eb42d56 -> 
  custom:audio-encoder-webm-vorbis: bf7c407c2cedff20999df2af8eb42d56 -> 
========================================================================
Received Import Request.
  Time since last request: 326.055250 seconds.
  path: Assets/PolygonHeist/Model/Collisions/SM_Env_Ceiling_Light_03_Convex 1.asset
  artifactKey: Guid(6e32548317bffe2409eeb8d4ec36d0f0) Importer(815301076,1909f56bfc062723c751e8b465ee728b)
Start importing Assets/PolygonHeist/Model/Collisions/SM_Env_Ceiling_Light_03_Convex 1.asset using Guid(6e32548317bffe2409eeb8d4ec36d0f0) Importer(815301076,1909f56bfc062723c751e8b465ee728b)  -> (artifact id: '8badd7588a96c735181f3a91c8a789df') in 0.058828 seconds
Number of updated asset objects reloaded before import = 0
Number of asset objects unloaded after import = 3
========================================================================
Received Import Request.
  Time since last request: 0.000011 seconds.
  path: Assets/PolygonHeist/Model/Collisions/SM_Item_DuffleBag_Open_Full_01_Convex.asset
  artifactKey: Guid(a7765d47ecbaada46a9f7253aac000a2) Importer(815301076,1909f56bfc062723c751e8b465ee728b)
Start importing Assets/PolygonHeist/Model/Collisions/SM_Item_DuffleBag_Open_Full_01_Convex.asset using Guid(a7765d47ecbaada46a9f7253aac000a2) Importer(815301076,1909f56bfc062723c751e8b465ee728b)  -> (artifact id: '5072a9774cf12b76ed9ca6954a453aa1') in 0.002989 seconds
Number of updated asset objects reloaded before import = 0
Number of asset objects unloaded after import = 2
========================================================================
Received Import Request.
  Time since last request: 0.000010 seconds.
  path: Assets/PolygonHeist/Model/Collisions/SM_Item_DuffleBag_Empty_01_Convex.asset
  artifactKey: Guid(d2aafeff6cf8d3045918e39279f65a41) Importer(815301076,1909f56bfc062723c751e8b465ee728b)
Start importing Assets/PolygonHeist/Model/Collisions/SM_Item_DuffleBag_Empty_01_Convex.asset using Guid(d2aafeff6cf8d3045918e39279f65a41) Importer(815301076,1909f56bfc062723c751e8b465ee728b)  -> (artifact id: 'd39b62e26a01fc22348237b29b4099f0') in 0.003289 seconds
Number of updated asset objects reloaded before import = 0
Number of asset objects unloaded after import = 2
========================================================================
Received Import Request.
  Time since last request: 0.000017 seconds.
  path: Assets/PolygonHeist/Model/Collisions/SM_Prop_AlarmButton_01_Convex.asset
  artifactKey: Guid(5b056109de00b274683e2625be40602a) Importer(815301076,1909f56bfc062723c751e8b465ee728b)
Start importing Assets/PolygonHeist/Model/Collisions/SM_Prop_AlarmButton_01_Convex.asset using Guid(5b056109de00b274683e2625be40602a) Importer(815301076,1909f56bfc062723c751e8b465ee728b)  -> (artifact id: '2b4953b7b1f70c97d1832058f876d19e') in 0.003065 seconds
Number of updated asset objects reloaded before import = 0
Number of asset objects unloaded after import = 2
========================================================================
Received Import Request.
  Time since last request: 0.000063 seconds.
  path: Assets/PolygonHeist/Model/Collisions/SM_Item_Hammer_01_Convex.asset
  artifactKey: Guid(e089a8101556434408ea5f7fc98c9078) Importer(815301076,1909f56bfc062723c751e8b465ee728b)
Start importing Assets/PolygonHeist/Model/Collisions/SM_Item_Hammer_01_Convex.asset using Guid(e089a8101556434408ea5f7fc98c9078) Importer(815301076,1909f56bfc062723c751e8b465ee728b)  -> (artifact id: '9a27b037ae8cfddd92df31a358f6b5e6') in 0.003197 seconds
Number of updated asset objects reloaded before import = 0
Number of asset objects unloaded after import = 2
========================================================================
Received Import Request.
  Time since last request: 0.000072 seconds.
  path: Assets/PolygonHeist/Model/Collisions/SM_Prop_Computer_Screen_01_Convex.asset
  artifactKey: Guid(89165370569c9b74193b3424b87d2bfd) Importer(815301076,1909f56bfc062723c751e8b465ee728b)
Start importing Assets/PolygonHeist/Model/Collisions/SM_Prop_Computer_Screen_01_Convex.asset using Guid(89165370569c9b74193b3424b87d2bfd) Importer(815301076,1909f56bfc062723c751e8b465ee728b)  -> (artifact id: 'b0e481598df588e27ae584ef68531973') in 0.002972 seconds
Number of updated asset objects reloaded before import = 0
Number of asset objects unloaded after import = 2
========================================================================
Received Import Request.
  Time since last request: 0.000064 seconds.
  path: Assets/PolygonHeist/Model/Collisions/SM_Prop_Computer_Mouse_01_Convex.asset
  artifactKey: Guid(4495d403b164b6f428e1914bce45f623) Importer(815301076,1909f56bfc062723c751e8b465ee728b)
Start importing Assets/PolygonHeist/Model/Collisions/SM_Prop_Computer_Mouse_01_Convex.asset using Guid(4495d403b164b6f428e1914bce45f623) Importer(815301076,1909f56bfc062723c751e8b465ee728b)  -> (artifact id: '8062f89f49ba2b85dbf9ba5191a70422') in 0.003174 seconds
Number of updated asset objects reloaded before import = 0
Number of asset objects unloaded after import = 2
========================================================================
Received Import Request.
  Time since last request: 0.000082 seconds.
  path: Assets/PolygonHeist/Model/Collisions/SM_Prop_Couch_01_Convex.asset
  artifactKey: Guid(3879d5016acbb2c4abca7e592ab6c0d4) Importer(815301076,1909f56bfc062723c751e8b465ee728b)
Start importing Assets/PolygonHeist/Model/Collisions/SM_Prop_Couch_01_Convex.asset using Guid(3879d5016acbb2c4abca7e592ab6c0d4) Importer(815301076,1909f56bfc062723c751e8b465ee728b)  -> (artifact id: '24d5cb5f513b529b9fd407371614e765') in 0.002937 seconds
Number of updated asset objects reloaded before import = 0
Number of asset objects unloaded after import = 2
========================================================================
Received Import Request.
  Time since last request: 0.000081 seconds.
  path: Assets/PolygonHeist/Model/Collisions/SM_Prop_Folder_03_Convex.asset
  artifactKey: Guid(177a2ef750101824abe556128b31d060) Importer(815301076,1909f56bfc062723c751e8b465ee728b)
Start importing Assets/PolygonHeist/Model/Collisions/SM_Prop_Folder_03_Convex.asset using Guid(177a2ef750101824abe556128b31d060) Importer(815301076,1909f56bfc062723c751e8b465ee728b)  -> (artifact id: 'dfeff79aff610a0faaecf90038948f87') in 0.003404 seconds
Number of updated asset objects reloaded before import = 0
Number of asset objects unloaded after import = 2
========================================================================
Received Import Request.
  Time since last request: 0.000011 seconds.
  path: Assets/PolygonHeist/Model/Collisions/SM_Prop_Flag_Wall_02_Convex.asset
  artifactKey: Guid(92e648851e80e2d4db485e27a0357a87) Importer(815301076,1909f56bfc062723c751e8b465ee728b)
Start importing Assets/PolygonHeist/Model/Collisions/SM_Prop_Flag_Wall_02_Convex.asset using Guid(92e648851e80e2d4db485e27a0357a87) Importer(815301076,1909f56bfc062723c751e8b465ee728b)  -> (artifact id: '08640e0e3fa9e591fb944269c0b5d20a') in 0.004149 seconds
Number of updated asset objects reloaded before import = 0
Number of asset objects unloaded after import = 2
========================================================================
Received Import Request.
  Time since last request: 0.000011 seconds.
  path: Assets/PolygonHeist/Model/Collisions/SM_Item_ZipTies_01_Convex.asset
  artifactKey: Guid(2a7a888c160dead44b45529a4a98da4e) Importer(815301076,1909f56bfc062723c751e8b465ee728b)
Start importing Assets/PolygonHeist/Model/Collisions/SM_Item_ZipTies_01_Convex.asset using Guid(2a7a888c160dead44b45529a4a98da4e) Importer(815301076,1909f56bfc062723c751e8b465ee728b)  -> (artifact id: '98d713784a658494eb8229aa3ff0eb05') in 0.003385 seconds
Number of updated asset objects reloaded before import = 0
Number of asset objects unloaded after import = 2
========================================================================
Received Import Request.
  Time since last request: 0.000010 seconds.
  path: Assets/PolygonHeist/Model/Collisions/SM_Item_Wrench_01_Convex.asset
  artifactKey: Guid(9932334b8b645e14c83fe3d3c10adc84) Importer(815301076,1909f56bfc062723c751e8b465ee728b)
Start importing Assets/PolygonHeist/Model/Collisions/SM_Item_Wrench_01_Convex.asset using Guid(9932334b8b645e14c83fe3d3c10adc84) Importer(815301076,1909f56bfc062723c751e8b465ee728b)  -> (artifact id: 'c9724c4329a18b1285f194e931bfa6ff') in 0.004014 seconds
Number of updated asset objects reloaded before import = 0
Number of asset objects unloaded after import = 2
========================================================================
Received Import Request.
  Time since last request: 0.000014 seconds.
  path: Assets/PolygonHeist/Model/Collisions/SM_Env_Steps_03_Collision.fbx
  artifactKey: Guid(9bc9e771a89cd8b46afbba2126dd816c) Importer(815301076,1909f56bfc062723c751e8b465ee728b)
Start importing Assets/PolygonHeist/Model/Collisions/SM_Env_Steps_03_Collision.fbx using Guid(9bc9e771a89cd8b46afbba2126dd816c) Importer(815301076,1909f56bfc062723c751e8b465ee728b)  -> (artifact id: 'e5859fa0f3c2fa61590ad1e86293e05b') in 0.192160 seconds
Number of updated asset objects reloaded before import = 0
Number of asset objects unloaded after import = 27
========================================================================
Received Import Request.
  Time since last request: 0.000015 seconds.
  path: Assets/PolygonHeist/Model/Collisions/SM_Item_AmmoPack_02_Convex.asset
  artifactKey: Guid(f93a07ea49ff01d41956293cabb94448) Importer(815301076,1909f56bfc062723c751e8b465ee728b)
Start importing Assets/PolygonHeist/Model/Collisions/SM_Item_AmmoPack_02_Convex.asset using Guid(f93a07ea49ff01d41956293cabb94448) Importer(815301076,1909f56bfc062723c751e8b465ee728b)  -> (artifact id: '737e5568b4388faf0c19752f38a4c607') in 0.008926 seconds
Number of updated asset objects reloaded before import = 0
Number of asset objects unloaded after import = 2
========================================================================
Received Import Request.
  Time since last request: 0.000020 seconds.
  path: Assets/PolygonHeist/Model/Collisions/SM_Item_DuffleBag_01_Convex.asset
  artifactKey: Guid(d9df8c68bc766074da7d92d0812a5da2) Importer(815301076,1909f56bfc062723c751e8b465ee728b)
Start importing Assets/PolygonHeist/Model/Collisions/SM_Item_DuffleBag_01_Convex.asset using Guid(d9df8c68bc766074da7d92d0812a5da2) Importer(815301076,1909f56bfc062723c751e8b465ee728b)  -> (artifact id: '4218c9de5e86b06b244f5a5c6635884b') in 0.005317 seconds
Number of updated asset objects reloaded before import = 0
Number of asset objects unloaded after import = 2
========================================================================
Received Import Request.
  Time since last request: 0.000015 seconds.
  path: Assets/PolygonHeist/Model/Collisions/SM_Prop_Camera_01_Convex.asset
  artifactKey: Guid(9388bf8f4b8f63f44b7df901e05dc6e2) Importer(815301076,1909f56bfc062723c751e8b465ee728b)
Start importing Assets/PolygonHeist/Model/Collisions/SM_Prop_Camera_01_Convex.asset using Guid(9388bf8f4b8f63f44b7df901e05dc6e2) Importer(815301076,1909f56bfc062723c751e8b465ee728b)  -> (artifact id: '271199bc13bd3f6356b823b6f580e778') in 0.004419 seconds
Number of updated asset objects reloaded before import = 0
Number of asset objects unloaded after import = 2
========================================================================
Received Import Request.
  Time since last request: 0.000014 seconds.
  path: Assets/PolygonHeist/Model/Collisions/SM_Prop_Drawers_01_Convex.asset
  artifactKey: Guid(29e9cc0c616071845b01c53a5dab691b) Importer(815301076,1909f56bfc062723c751e8b465ee728b)
Start importing Assets/PolygonHeist/Model/Collisions/SM_Prop_Drawers_01_Convex.asset using Guid(29e9cc0c616071845b01c53a5dab691b) Importer(815301076,1909f56bfc062723c751e8b465ee728b)  -> (artifact id: '228883854642bc7767355b41fe9a72c4') in 0.005001 seconds
Number of updated asset objects reloaded before import = 0
Number of asset objects unloaded after import = 2
========================================================================
Received Import Request.
  Time since last request: 0.000014 seconds.
  path: Assets/PolygonHeist/Model/Collisions/SM_Item_Bomb_01_Convex.asset
  artifactKey: Guid(36b58b9e58ea50f4781a9cac97f01ce1) Importer(815301076,1909f56bfc062723c751e8b465ee728b)
Start importing Assets/PolygonHeist/Model/Collisions/SM_Item_Bomb_01_Convex.asset using Guid(36b58b9e58ea50f4781a9cac97f01ce1) Importer(815301076,1909f56bfc062723c751e8b465ee728b)  -> (artifact id: '1d496989552423d6209714718e4b1381') in 0.004719 seconds
Number of updated asset objects reloaded before import = 0
Number of asset objects unloaded after import = 2
========================================================================
Received Import Request.
  Time since last request: 0.000013 seconds.
  path: Assets/PolygonHeist/Model/Collisions/SM_Env_Steps_01_Collision.fbx
  artifactKey: Guid(5dadd905b8140ed439fcda59447025f5) Importer(815301076,1909f56bfc062723c751e8b465ee728b)
Start importing Assets/PolygonHeist/Model/Collisions/SM_Env_Steps_01_Collision.fbx using Guid(5dadd905b8140ed439fcda59447025f5) Importer(815301076,1909f56bfc062723c751e8b465ee728b)  -> (artifact id: '2c986db6a9bed31e19ef27f64c7b6c15') in 0.009205 seconds
Number of updated asset objects reloaded before import = 0
Number of asset objects unloaded after import = 8
========================================================================
Received Import Request.
  Time since last request: 0.000012 seconds.
  path: Assets/PolygonHeist/Model/Collisions/SM_Prop_Fire_Detector_01_Convex.asset
  artifactKey: Guid(8090a5e1c1139d8439d4807ece29de2d) Importer(815301076,1909f56bfc062723c751e8b465ee728b)
Start importing Assets/PolygonHeist/Model/Collisions/SM_Prop_Fire_Detector_01_Convex.asset using Guid(8090a5e1c1139d8439d4807ece29de2d) Importer(815301076,1909f56bfc062723c751e8b465ee728b)  -> (artifact id: 'acb7e33f1b78127703fdc25cba51068f') in 0.005879 seconds
Number of updated asset objects reloaded before import = 0
Number of asset objects unloaded after import = 2
========================================================================
Received Import Request.
  Time since last request: 0.000014 seconds.
  path: Assets/PolygonHeist/Model/Collisions/SM_Prop_DisplayCase_01_Convex.asset
  artifactKey: Guid(e75acbdec9f64b844b47ff581bf6f9a5) Importer(815301076,1909f56bfc062723c751e8b465ee728b)
Start importing Assets/PolygonHeist/Model/Collisions/SM_Prop_DisplayCase_01_Convex.asset using Guid(e75acbdec9f64b844b47ff581bf6f9a5) Importer(815301076,1909f56bfc062723c751e8b465ee728b)  -> (artifact id: '8ac02dacd0d877da17c82a085e9dd456') in 0.005714 seconds
Number of updated asset objects reloaded before import = 0
Number of asset objects unloaded after import = 2
========================================================================
Received Import Request.
  Time since last request: 0.000018 seconds.
  path: Assets/PolygonHeist/Model/Collisions/SM_Prop_Flag_Straight_01_Convex.asset
  artifactKey: Guid(c8198dd408e89b6429e984d5fe3d6eba) Importer(815301076,1909f56bfc062723c751e8b465ee728b)
Start importing Assets/PolygonHeist/Model/Collisions/SM_Prop_Flag_Straight_01_Convex.asset using Guid(c8198dd408e89b6429e984d5fe3d6eba) Importer(815301076,1909f56bfc062723c751e8b465ee728b)  -> (artifact id: '7da9efce3a573afaf9fcb3513303a62d') in 0.006126 seconds
Number of updated asset objects reloaded before import = 0
Number of asset objects unloaded after import = 2
========================================================================
Received Import Request.
  Time since last request: 0.000013 seconds.
  path: Assets/PolygonHeist/Model/Collisions/SM_Env_VaultDoor_Frame_01_Convex 1.asset
  artifactKey: Guid(dbfdb3cd65ae3e54aa296eb3226143e5) Importer(815301076,1909f56bfc062723c751e8b465ee728b)
Start importing Assets/PolygonHeist/Model/Collisions/SM_Env_VaultDoor_Frame_01_Convex 1.asset using Guid(dbfdb3cd65ae3e54aa296eb3226143e5) Importer(815301076,1909f56bfc062723c751e8b465ee728b)  -> (artifact id: 'f8368fe4ab74f748450c272943761abe') in 0.018070 seconds
Number of updated asset objects reloaded before import = 0
Number of asset objects unloaded after import = 6
========================================================================
Received Import Request.
  Time since last request: 0.000013 seconds.
  path: Assets/PolygonHeist/Model/Collisions/SM_Item_Crowbar_01_Convex.asset
  artifactKey: Guid(4744d720627d33c4fb34c85a62a9f073) Importer(815301076,1909f56bfc062723c751e8b465ee728b)
Start importing Assets/PolygonHeist/Model/Collisions/SM_Item_Crowbar_01_Convex.asset using Guid(4744d720627d33c4fb34c85a62a9f073) Importer(815301076,1909f56bfc062723c751e8b465ee728b)  -> (artifact id: '43aaca2f84316b7d4d11626dcb6661c1') in 0.004501 seconds
Number of updated asset objects reloaded before import = 0
Number of asset objects unloaded after import = 2
========================================================================
Received Import Request.
  Time since last request: 0.000017 seconds.
  path: Assets/PolygonHeist/Model/Collisions/SM_Prop_ATM_01_Convex.asset
  artifactKey: Guid(0300f53802c1e0340a4d96e7eeedb24a) Importer(815301076,1909f56bfc062723c751e8b465ee728b)
Start importing Assets/PolygonHeist/Model/Collisions/SM_Prop_ATM_01_Convex.asset using Guid(0300f53802c1e0340a4d96e7eeedb24a) Importer(815301076,1909f56bfc062723c751e8b465ee728b)  -> (artifact id: '9fbe4e0014e9c3572c1b3a491c91d520') in 0.005159 seconds
Number of updated asset objects reloaded before import = 0
Number of asset objects unloaded after import = 2
========================================================================
Received Import Request.
  Time since last request: 0.000018 seconds.
  path: Assets/PolygonHeist/Model/Collisions/SM_Prop_Desk_01_Convex 1.asset
  artifactKey: Guid(0053460420524e04a87296117d7aeb7c) Importer(815301076,1909f56bfc062723c751e8b465ee728b)
Start importing Assets/PolygonHeist/Model/Collisions/SM_Prop_Desk_01_Convex 1.asset using Guid(0053460420524e04a87296117d7aeb7c) Importer(815301076,1909f56bfc062723c751e8b465ee728b)  -> (artifact id: 'c528f2dc3503dafe47dbde0ec736e997') in 0.015300 seconds
Number of updated asset objects reloaded before import = 0
Number of asset objects unloaded after import = 4
========================================================================
Received Import Request.
  Time since last request: 0.000014 seconds.
  path: Assets/PolygonHeist/Model/Collisions/SM_Env_Steps_02_Collision.fbx
  artifactKey: Guid(fb0ddac540f91fb44bb1339008837af0) Importer(815301076,1909f56bfc062723c751e8b465ee728b)
Start importing Assets/PolygonHeist/Model/Collisions/SM_Env_Steps_02_Collision.fbx using Guid(fb0ddac540f91fb44bb1339008837af0) Importer(815301076,1909f56bfc062723c751e8b465ee728b)  -> (artifact id: 'ea1efc89f49be85f417c81f7b4a9c85d') in 0.008755 seconds
Number of updated asset objects reloaded before import = 0
Number of asset objects unloaded after import = 8
========================================================================
Received Import Request.
  Time since last request: 0.000014 seconds.
  path: Assets/PolygonHeist/Model/Collisions/SM_Item_HealthKit_01_Convex.asset
  artifactKey: Guid(94af02462093e8840bb4b085856d4c58) Importer(815301076,1909f56bfc062723c751e8b465ee728b)
Start importing Assets/PolygonHeist/Model/Collisions/SM_Item_HealthKit_01_Convex.asset using Guid(94af02462093e8840bb4b085856d4c58) Importer(815301076,1909f56bfc062723c751e8b465ee728b)  -> (artifact id: 'cbc664e69d313a239f124ff7addd9aaf') in 0.006133 seconds
Number of updated asset objects reloaded before import = 0
Number of asset objects unloaded after import = 2
========================================================================
Received Import Request.
  Time since last request: 0.000013 seconds.
  path: Assets/PolygonHeist/Model/Collisions/SM_Prop_Bin_01_Convex.asset
  artifactKey: Guid(e5bd1e5a49828324d9ae4eaedb0101d0) Importer(815301076,1909f56bfc062723c751e8b465ee728b)
Start importing Assets/PolygonHeist/Model/Collisions/SM_Prop_Bin_01_Convex.asset using Guid(e5bd1e5a49828324d9ae4eaedb0101d0) Importer(815301076,1909f56bfc062723c751e8b465ee728b)  -> (artifact id: '93bec71a017a37094865504209fc92f6') in 0.006207 seconds
Number of updated asset objects reloaded before import = 0
Number of asset objects unloaded after import = 2
========================================================================
Received Import Request.
  Time since last request: 0.000014 seconds.
  path: Assets/PolygonHeist/Model/Collisions/SM_Prop_Desk_01_Convex.asset
  artifactKey: Guid(267f8f6237e19be4b90342e1ef61e599) Importer(815301076,1909f56bfc062723c751e8b465ee728b)
Start importing Assets/PolygonHeist/Model/Collisions/SM_Prop_Desk_01_Convex.asset using Guid(267f8f6237e19be4b90342e1ef61e599) Importer(815301076,1909f56bfc062723c751e8b465ee728b)  -> (artifact id: 'fbf89e12590838ed7308b06159b52218') in 0.007064 seconds
Number of updated asset objects reloaded before import = 0
Number of asset objects unloaded after import = 2
========================================================================
Received Import Request.
  Time since last request: 0.000019 seconds.
  path: Assets/PolygonHeist/Model/Collisions/SM_Item_DuffleBag_Full_01_Convex.asset
  artifactKey: Guid(288f48f1ad1b3f1478a5ea9e9971ae44) Importer(815301076,1909f56bfc062723c751e8b465ee728b)
Start importing Assets/PolygonHeist/Model/Collisions/SM_Item_DuffleBag_Full_01_Convex.asset using Guid(288f48f1ad1b3f1478a5ea9e9971ae44) Importer(815301076,1909f56bfc062723c751e8b465ee728b)  -> (artifact id: '83994ac1fe17861417538d2ff1568b82') in 0.004228 seconds
Number of updated asset objects reloaded before import = 0
Number of asset objects unloaded after import = 2
========================================================================
Received Import Request.
  Time since last request: 0.000044 seconds.
  path: Assets/PolygonHeist/Model/Collisions/SM_Prop_Drill_01_Convex.asset
  artifactKey: Guid(0fd8171e451a4e7469002ad9db8ec9f8) Importer(815301076,1909f56bfc062723c751e8b465ee728b)
Start importing Assets/PolygonHeist/Model/Collisions/SM_Prop_Drill_01_Convex.asset using Guid(0fd8171e451a4e7469002ad9db8ec9f8) Importer(815301076,1909f56bfc062723c751e8b465ee728b)  -> (artifact id: '6492e945c2c0c4ad7be172ff473939c3') in 0.004696 seconds
Number of updated asset objects reloaded before import = 0
Number of asset objects unloaded after import = 2
========================================================================
Received Import Request.
  Time since last request: 0.000013 seconds.
  path: Assets/PolygonHeist/Model/Collisions/SM_Item_AmmoPack_01_Convex.asset
  artifactKey: Guid(ce1cf3baac72c9e49a909e11e8a3f445) Importer(815301076,1909f56bfc062723c751e8b465ee728b)
Start importing Assets/PolygonHeist/Model/Collisions/SM_Item_AmmoPack_01_Convex.asset using Guid(ce1cf3baac72c9e49a909e11e8a3f445) Importer(815301076,1909f56bfc062723c751e8b465ee728b)  -> (artifact id: '88e828d21b7264fe150eba230c223144') in 0.005001 seconds
Number of updated asset objects reloaded before import = 0
Number of asset objects unloaded after import = 2
========================================================================
Received Import Request.
  Time since last request: 0.000014 seconds.
  path: Assets/PolygonHeist/Model/Collisions/SM_Prop_Computer_01_Convex.asset
  artifactKey: Guid(e1ef86d75a281d942aa6149f471667a3) Importer(815301076,1909f56bfc062723c751e8b465ee728b)
Start importing Assets/PolygonHeist/Model/Collisions/SM_Prop_Computer_01_Convex.asset using Guid(e1ef86d75a281d942aa6149f471667a3) Importer(815301076,1909f56bfc062723c751e8b465ee728b)  -> (artifact id: '23077813d99b0e336433f33f7b8cbf84') in 0.005671 seconds
Number of updated asset objects reloaded before import = 0
Number of asset objects unloaded after import = 2
========================================================================
Received Import Request.
  Time since last request: 3.930805 seconds.
  path: Assets/PolygonHeist/Model/Collisions/SM_Prop_GoldBar_01_Convex.asset
  artifactKey: Guid(dbb00c0b5f1bc5946857b50c577bad9a) Importer(815301076,1909f56bfc062723c751e8b465ee728b)
Start importing Assets/PolygonHeist/Model/Collisions/SM_Prop_GoldBar_01_Convex.asset using Guid(dbb00c0b5f1bc5946857b50c577bad9a) Importer(815301076,1909f56bfc062723c751e8b465ee728b)  -> (artifact id: '77edae6e677c6d71b93adc19c7157915') in 0.004919 seconds
Number of updated asset objects reloaded before import = 0
Number of asset objects unloaded after import = 2
========================================================================
Received Import Request.
  Time since last request: 0.000017 seconds.
  path: Assets/PolygonHeist/Model/Collisions/SM_Prop_Jewellery_Necklace_01_Convex.asset
  artifactKey: Guid(8fe8570c98db1c84c95f621e16238de6) Importer(815301076,1909f56bfc062723c751e8b465ee728b)
Start importing Assets/PolygonHeist/Model/Collisions/SM_Prop_Jewellery_Necklace_01_Convex.asset using Guid(8fe8570c98db1c84c95f621e16238de6) Importer(815301076,1909f56bfc062723c751e8b465ee728b)  -> (artifact id: '5b7233b4413ad6b971806b4fcdaa478e') in 0.005205 seconds
Number of updated asset objects reloaded before import = 0
Number of asset objects unloaded after import = 2
========================================================================
Received Import Request.
  Time since last request: 0.000013 seconds.
  path: Assets/PolygonHeist/Model/Collisions/SM_Prop_Jewellery_Rings_01_Convex.asset
  artifactKey: Guid(0a7f690c0100e7c48a34001bc25b4560) Importer(815301076,1909f56bfc062723c751e8b465ee728b)
Start importing Assets/PolygonHeist/Model/Collisions/SM_Prop_Jewellery_Rings_01_Convex.asset using Guid(0a7f690c0100e7c48a34001bc25b4560) Importer(815301076,1909f56bfc062723c751e8b465ee728b)  -> (artifact id: '6950b7d87db42213f01a3c17dad4088d') in 0.011264 seconds
Number of updated asset objects reloaded before import = 0
Number of asset objects unloaded after import = 2
========================================================================
Received Import Request.
  Time since last request: 0.000015 seconds.
  path: Assets/PolygonHeist/Model/Collisions/SM_Prop_MetalDetector_01_Convex.asset
  artifactKey: Guid(9ede10139b1d7a643ad7f16913157416) Importer(815301076,1909f56bfc062723c751e8b465ee728b)
Start importing Assets/PolygonHeist/Model/Collisions/SM_Prop_MetalDetector_01_Convex.asset using Guid(9ede10139b1d7a643ad7f16913157416) Importer(815301076,1909f56bfc062723c751e8b465ee728b)  -> (artifact id: '68e1ebf13cef1e9b7529449ef0496a96') in 0.005970 seconds
Number of updated asset objects reloaded before import = 0
Number of asset objects unloaded after import = 2
========================================================================
Received Import Request.
  Time since last request: 0.000054 seconds.
  path: Assets/PolygonHeist/Model/Collisions/SM_Prop_Money_Note_03_Convex.asset
  artifactKey: Guid(0e33f912af7dc984dad5c4b3cc34f3bc) Importer(815301076,1909f56bfc062723c751e8b465ee728b)
Start importing Assets/PolygonHeist/Model/Collisions/SM_Prop_Money_Note_03_Convex.asset using Guid(0e33f912af7dc984dad5c4b3cc34f3bc) Importer(815301076,1909f56bfc062723c751e8b465ee728b)  -> (artifact id: '54236fd3f44b03dbb9be01ecdfc8b9e7') in 0.004839 seconds
Number of updated asset objects reloaded before import = 0
Number of asset objects unloaded after import = 2
========================================================================
Received Import Request.
  Time since last request: 0.000056 seconds.
  path: Assets/PolygonHeist/Model/Collisions/SM_Prop_Money_Note_01_Convex.asset
  artifactKey: Guid(2133cbc5a5534ce4ca7f23a76dba8029) Importer(815301076,1909f56bfc062723c751e8b465ee728b)
Start importing Assets/PolygonHeist/Model/Collisions/SM_Prop_Money_Note_01_Convex.asset using Guid(2133cbc5a5534ce4ca7f23a76dba8029) Importer(815301076,1909f56bfc062723c751e8b465ee728b)  -> (artifact id: 'ac90ec4a25a262c42e95899fa39fc1e9') in 0.005397 seconds
Number of updated asset objects reloaded before import = 0
Number of asset objects unloaded after import = 2
========================================================================
Received Import Request.
  Time since last request: 0.000024 seconds.
  path: Assets/PolygonHeist/Model/Collisions/SM_Prop_Money_Stack_01_Convex.asset
  artifactKey: Guid(d2cf7168dfb90234ea982c978e24cebd) Importer(815301076,1909f56bfc062723c751e8b465ee728b)
Start importing Assets/PolygonHeist/Model/Collisions/SM_Prop_Money_Stack_01_Convex.asset using Guid(d2cf7168dfb90234ea982c978e24cebd) Importer(815301076,1909f56bfc062723c751e8b465ee728b)  -> (artifact id: 'f9c421e8acb38270ff7c828265626c6a') in 0.071273 seconds
Number of updated asset objects reloaded before import = 0
Number of asset objects unloaded after import = 2
========================================================================
Received Import Request.
  Time since last request: 0.000015 seconds.
  path: Assets/PolygonHeist/Model/Collisions/SM_Prop_Jewellery_04_Convex.asset
  artifactKey: Guid(660e268bd568c1646bf3595bd1c224ec) Importer(815301076,1909f56bfc062723c751e8b465ee728b)
Start importing Assets/PolygonHeist/Model/Collisions/SM_Prop_Jewellery_04_Convex.asset using Guid(660e268bd568c1646bf3595bd1c224ec) Importer(815301076,1909f56bfc062723c751e8b465ee728b)  -> (artifact id: '80a0e06c1f5a581e60ee3c31b238da5e') in 0.057227 seconds
Number of updated asset objects reloaded before import = 0
Number of asset objects unloaded after import = 2
========================================================================
Received Import Request.
  Time since last request: 0.619948 seconds.
  path: Assets/PolygonHeist/Model/Collisions/SM_Prop_RopeBarrier_01_Convex.asset
  artifactKey: Guid(cc2c3b63f30306748a9867799cfe3acc) Importer(815301076,1909f56bfc062723c751e8b465ee728b)
Start importing Assets/PolygonHeist/Model/Collisions/SM_Prop_RopeBarrier_01_Convex.asset using Guid(cc2c3b63f30306748a9867799cfe3acc) Importer(815301076,1909f56bfc062723c751e8b465ee728b)  -> (artifact id: '0e669e64805a05b15b8b267668bec5af') in 0.005985 seconds
Number of updated asset objects reloaded before import = 0
Number of asset objects unloaded after import = 2
========================================================================
Received Import Request.
  Time since last request: 0.000013 seconds.
  path: Assets/PolygonHeist/Model/Collisions/SM_Prop_Rug_02_Convex.asset
  artifactKey: Guid(494cb434330174b4f9f02f0119611dfc) Importer(815301076,1909f56bfc062723c751e8b465ee728b)
Start importing Assets/PolygonHeist/Model/Collisions/SM_Prop_Rug_02_Convex.asset using Guid(494cb434330174b4f9f02f0119611dfc) Importer(815301076,1909f56bfc062723c751e8b465ee728b)  -> (artifact id: '507ffb88eea51f51bc18740df256aefa') in 0.005050 seconds
Number of updated asset objects reloaded before import = 0
Number of asset objects unloaded after import = 2
========================================================================
Received Import Request.
  Time since last request: 0.000014 seconds.
  path: Assets/PolygonHeist/Model/Collisions/SM_Prop_SafeDepositBoxes_Empty_01_Convex.asset
  artifactKey: Guid(ec7b8e4266113e540b8f68147ffcda9d) Importer(815301076,1909f56bfc062723c751e8b465ee728b)
Start importing Assets/PolygonHeist/Model/Collisions/SM_Prop_SafeDepositBoxes_Empty_01_Convex.asset using Guid(ec7b8e4266113e540b8f68147ffcda9d) Importer(815301076,1909f56bfc062723c751e8b465ee728b)  -> (artifact id: '121146aee411e47fecb3e621f2de7932') in 0.031729 seconds
Number of updated asset objects reloaded before import = 0
Number of asset objects unloaded after import = 2
========================================================================
Received Import Request.
  Time since last request: 0.000013 seconds.
  path: Assets/PolygonHeist/Model/Collisions/SM_Prop_SafeDepositBoxes_01_Convex.asset
  artifactKey: Guid(519816d5afc47d54c94c7751fd206f7a) Importer(815301076,1909f56bfc062723c751e8b465ee728b)
Start importing Assets/PolygonHeist/Model/Collisions/SM_Prop_SafeDepositBoxes_01_Convex.asset using Guid(519816d5afc47d54c94c7751fd206f7a) Importer(815301076,1909f56bfc062723c751e8b465ee728b)  -> (artifact id: '8e293f5c4129438c0e63cee495844fcf') in 0.006903 seconds
Number of updated asset objects reloaded before import = 0
Number of asset objects unloaded after import = 2
========================================================================
Received Import Request.
  Time since last request: 0.012575 seconds.
  path: Assets/PolygonHeist/Model/Collisions/SM_Prop_SafeDepositBoxes_Looted_01_Convex 1.asset
  artifactKey: Guid(6ba1c636d2560ca4b83e0c967cffa374) Importer(815301076,1909f56bfc062723c751e8b465ee728b)
Start importing Assets/PolygonHeist/Model/Collisions/SM_Prop_SafeDepositBoxes_Looted_01_Convex 1.asset using Guid(6ba1c636d2560ca4b83e0c967cffa374) Importer(815301076,1909f56bfc062723c751e8b465ee728b)  -> (artifact id: 'fa2beea71e3ddb1887ea2821fecc59d2') in 0.018978 seconds
Number of updated asset objects reloaded before import = 0
Number of asset objects unloaded after import = 6
========================================================================
Received Import Request.
  Time since last request: 0.000016 seconds.
  path: Assets/PolygonHeist/Model/Collisions/SM_Prop_TellerDesk_02_Convex.asset
  artifactKey: Guid(0a20c1f32b0ff314babc173adf935b61) Importer(815301076,1909f56bfc062723c751e8b465ee728b)
Start importing Assets/PolygonHeist/Model/Collisions/SM_Prop_TellerDesk_02_Convex.asset using Guid(0a20c1f32b0ff314babc173adf935b61) Importer(815301076,1909f56bfc062723c751e8b465ee728b)  -> (artifact id: '05fbb6c77bede9cc5a7d425e040ea20d') in 0.010871 seconds
Number of updated asset objects reloaded before import = 0
Number of asset objects unloaded after import = 2
========================================================================
Received Import Request.
  Time since last request: 0.000012 seconds.
  path: Assets/PolygonHeist/Model/Collisions/SM_Prop_TellerDesk_01_Convex.asset
  artifactKey: Guid(b17e0bf20106d4942a78b24468b9fd01) Importer(815301076,1909f56bfc062723c751e8b465ee728b)
Start importing Assets/PolygonHeist/Model/Collisions/SM_Prop_TellerDesk_01_Convex.asset using Guid(b17e0bf20106d4942a78b24468b9fd01) Importer(815301076,1909f56bfc062723c751e8b465ee728b)  -> (artifact id: 'f07acd595a9235c743acea8988340c1d') in 0.022101 seconds
Number of updated asset objects reloaded before import = 0
Number of asset objects unloaded after import = 2
========================================================================
Received Import Request.
  Time since last request: 0.387098 seconds.
  path: Assets/PolygonHeist/Model/Collisions/SM_Prop_TellerDesk_Barrier_02_Convex.asset
  artifactKey: Guid(95a2f727378caac4480347a01579659f) Importer(815301076,1909f56bfc062723c751e8b465ee728b)
Start importing Assets/PolygonHeist/Model/Collisions/SM_Prop_TellerDesk_Barrier_02_Convex.asset using Guid(95a2f727378caac4480347a01579659f) Importer(815301076,1909f56bfc062723c751e8b465ee728b)  -> (artifact id: '0463d1ddac9bb3f46bb897327daa38f7') in 0.005369 seconds
Number of updated asset objects reloaded before import = 0
Number of asset objects unloaded after import = 2
========================================================================
Received Import Request.
  Time since last request: 0.000014 seconds.
  path: Assets/PolygonHeist/Model/Collisions/SM_Veh_Car_Police_Heist_01_Convex 3.asset
  artifactKey: Guid(9408b54bec27151488600b7a38790276) Importer(815301076,1909f56bfc062723c751e8b465ee728b)
Start importing Assets/PolygonHeist/Model/Collisions/SM_Veh_Car_Police_Heist_01_Convex 3.asset using Guid(9408b54bec27151488600b7a38790276) Importer(815301076,1909f56bfc062723c751e8b465ee728b)  -> (artifact id: '3cb7b351c2d69a088a7b393e34bdc7b3') in 0.010166 seconds
Number of updated asset objects reloaded before import = 0
Number of asset objects unloaded after import = 3
========================================================================
Received Import Request.
  Time since last request: 0.000013 seconds.
  path: Assets/PolygonHeist/Model/Collisions/SM_Veh_Car_Police_Heist_01_Convex 1.asset
  artifactKey: Guid(4d544251d64398e46899886bf0af29c2) Importer(815301076,1909f56bfc062723c751e8b465ee728b)
Start importing Assets/PolygonHeist/Model/Collisions/SM_Veh_Car_Police_Heist_01_Convex 1.asset using Guid(4d544251d64398e46899886bf0af29c2) Importer(815301076,1909f56bfc062723c751e8b465ee728b)  -> (artifact id: '9c5fbf5272564e61a80cc2bc3b520044') in 0.010975 seconds
Number of updated asset objects reloaded before import = 0
Number of asset objects unloaded after import = 3
========================================================================
Received Import Request.
  Time since last request: 0.008176 seconds.
  path: Assets/PolygonHeist/Model/Collisions/SM_Wep_Ammo_BulletSmall_01_Convex.asset
  artifactKey: Guid(d1c8dcdaedcf9e842b7f5c39d02dad5c) Importer(815301076,1909f56bfc062723c751e8b465ee728b)
Start importing Assets/PolygonHeist/Model/Collisions/SM_Wep_Ammo_BulletSmall_01_Convex.asset using Guid(d1c8dcdaedcf9e842b7f5c39d02dad5c) Importer(815301076,1909f56bfc062723c751e8b465ee728b)  -> (artifact id: '3cb767f7595b4e8a2e38cdd165b7accd') in 0.004701 seconds
Number of updated asset objects reloaded before import = 0
Number of asset objects unloaded after import = 2
========================================================================
Received Import Request.
  Time since last request: 0.000014 seconds.
  path: Assets/PolygonHeist/Model/Collisions/SM_Wep_Ammo_Shotgun_01_Convex.asset
  artifactKey: Guid(e31ca064433e4f84f866d350c6d93aa6) Importer(815301076,1909f56bfc062723c751e8b465ee728b)
Start importing Assets/PolygonHeist/Model/Collisions/SM_Wep_Ammo_Shotgun_01_Convex.asset using Guid(e31ca064433e4f84f866d350c6d93aa6) Importer(815301076,1909f56bfc062723c751e8b465ee728b)  -> (artifact id: 'ac20f2062b00eb6559966985dc5e4413') in 0.005052 seconds
Number of updated asset objects reloaded before import = 0
Number of asset objects unloaded after import = 2
========================================================================
Received Import Request.
  Time since last request: 0.000011 seconds.
  path: Assets/PolygonHeist/Model/Collisions/SM_Wep_Attachment_M4Rail_01_Convex.asset
  artifactKey: Guid(525469d7c96061648b460946c0426eea) Importer(815301076,1909f56bfc062723c751e8b465ee728b)
Start importing Assets/PolygonHeist/Model/Collisions/SM_Wep_Attachment_M4Rail_01_Convex.asset using Guid(525469d7c96061648b460946c0426eea) Importer(815301076,1909f56bfc062723c751e8b465ee728b)  -> (artifact id: 'e88ce4435a123a21e33a999299b7ad89') in 0.008044 seconds
Number of updated asset objects reloaded before import = 0
Number of asset objects unloaded after import = 2
========================================================================
Received Import Request.
  Time since last request: 0.000012 seconds.
  path: Assets/PolygonHeist/Model/Collisions/SM_Wep_Ammo_BulletSmall_02_Convex.asset
  artifactKey: Guid(f7084e49c076eec4ead6339c2cc9012c) Importer(815301076,1909f56bfc062723c751e8b465ee728b)
Start importing Assets/PolygonHeist/Model/Collisions/SM_Wep_Ammo_BulletSmall_02_Convex.asset using Guid(f7084e49c076eec4ead6339c2cc9012c) Importer(815301076,1909f56bfc062723c751e8b465ee728b)  -> (artifact id: '6db5b14e8e586ead104511882ee6d276') in 0.004878 seconds
Number of updated asset objects reloaded before import = 0
Number of asset objects unloaded after import = 2
========================================================================
Received Import Request.
  Time since last request: 0.000015 seconds.
  path: Assets/PolygonHeist/Model/Collisions/SM_Wep_Crosshair_Sniper_01_Convex.asset
  artifactKey: Guid(597ed754246619f458d2c92acab61308) Importer(815301076,1909f56bfc062723c751e8b465ee728b)
Start importing Assets/PolygonHeist/Model/Collisions/SM_Wep_Crosshair_Sniper_01_Convex.asset using Guid(597ed754246619f458d2c92acab61308) Importer(815301076,1909f56bfc062723c751e8b465ee728b)  -> (artifact id: 'f7aae32938113ee9c2868a5e42c057b3') in 0.005755 seconds
Number of updated asset objects reloaded before import = 0
Number of asset objects unloaded after import = 2
========================================================================
Received Import Request.
  Time since last request: 0.000013 seconds.
  path: Assets/PolygonHeist/Model/Collisions/SM_Wep_RifleBandit_01_Convex.asset
  artifactKey: Guid(5978e1e21e344c04487869f4b3e6571f) Importer(815301076,1909f56bfc062723c751e8b465ee728b)
Start importing Assets/PolygonHeist/Model/Collisions/SM_Wep_RifleBandit_01_Convex.asset using Guid(5978e1e21e344c04487869f4b3e6571f) Importer(815301076,1909f56bfc062723c751e8b465ee728b)  -> (artifact id: '320032aed8e8846e0e3a319de3ec73d0') in 0.020505 seconds
Number of updated asset objects reloaded before import = 0
Number of asset objects unloaded after import = 2
========================================================================
Received Import Request.
  Time since last request: 0.000013 seconds.
  path: Assets/PolygonHeist/Model/Collisions/SM_Wep_Flashbang_Base_01_Convex 1.asset
  artifactKey: Guid(cbce5b32936facf4080b724f0de09636) Importer(815301076,1909f56bfc062723c751e8b465ee728b)
Start importing Assets/PolygonHeist/Model/Collisions/SM_Wep_Flashbang_Base_01_Convex 1.asset using Guid(cbce5b32936facf4080b724f0de09636) Importer(815301076,1909f56bfc062723c751e8b465ee728b)  -> (artifact id: 'c96d7a74a44b1ee10427d7da1174c76f') in 0.026623 seconds
Number of updated asset objects reloaded before import = 0
Number of asset objects unloaded after import = 3
========================================================================
Received Import Request.
  Time since last request: 0.000013 seconds.
  path: Assets/PolygonHeist/Model/Collisions/SM_Wep_Flashbang_Base_01_Convex.asset
  artifactKey: Guid(dfbbeabb42125894098dee38b234f16b) Importer(815301076,1909f56bfc062723c751e8b465ee728b)
Start importing Assets/PolygonHeist/Model/Collisions/SM_Wep_Flashbang_Base_01_Convex.asset using Guid(dfbbeabb42125894098dee38b234f16b) Importer(815301076,1909f56bfc062723c751e8b465ee728b)  -> (artifact id: '3c665d3b4d4f61c72987eeb2cc234bd0') in 0.005767 seconds
Number of updated asset objects reloaded before import = 0
Number of asset objects unloaded after import = 2
========================================================================
Received Import Request.
  Time since last request: 0.789142 seconds.
  path: Assets/PolygonHeist/Model/Collisions/SM_Wep_RifleSwat_01_Convex 1.asset
  artifactKey: Guid(b2bff9b884330bb4a82b9e0a4fca806c) Importer(815301076,1909f56bfc062723c751e8b465ee728b)
Start importing Assets/PolygonHeist/Model/Collisions/SM_Wep_RifleSwat_01_Convex 1.asset using Guid(b2bff9b884330bb4a82b9e0a4fca806c) Importer(815301076,1909f56bfc062723c751e8b465ee728b)  -> (artifact id: '123f7227ce55b9e8bfc1202ef0c42807') in 0.010026 seconds
Number of updated asset objects reloaded before import = 0
Number of asset objects unloaded after import = 3
========================================================================
Received Import Request.
  Time since last request: 0.000014 seconds.
  path: Assets/PolygonHeist/Model/Collisions/SM_Wep_SniperSwat_01_Convex 1.asset
  artifactKey: Guid(e790ecda3f8977848abda66eae12df1d) Importer(815301076,1909f56bfc062723c751e8b465ee728b)
Start importing Assets/PolygonHeist/Model/Collisions/SM_Wep_SniperSwat_01_Convex 1.asset using Guid(e790ecda3f8977848abda66eae12df1d) Importer(815301076,1909f56bfc062723c751e8b465ee728b)  -> (artifact id: '9f2fa885456003efdd6d95c552cec432') in 0.011639 seconds
Number of updated asset objects reloaded before import = 0
Number of asset objects unloaded after import = 4
========================================================================
Received Prepare
Begin MonoManager ReloadAssembly
- Loaded All Assemblies, in  0.305 seconds
Refreshing native plugins compatible for Editor in 2.16 ms, found 3 plugins.
Native extension for WindowsStandalone target not found
[Package Manager] Server::EnsureServerProcessIsRunning -- launch failed, reason: Unity was launched with the -noUpm command-line argument
[Package Manager] UpmClient::Send -- Unable to send message (not connected to UPM process).
[Package Manager] Cannot connect to Unity Package Manager local server
Mono: successfully reloaded assembly
- Finished resetting the current domain, in  0.839 seconds
Domain Reload Profiling: 1144ms
	BeginReloadAssembly (128ms)
		ExecutionOrderSort (0ms)
		DisableScriptedObjects (8ms)
		BackupInstance (0ms)
		ReleaseScriptingObjects (0ms)
		CreateAndSetChildDomain (31ms)
	RebuildCommonClasses (25ms)
	RebuildNativeTypeToScriptingClass (9ms)
	initialDomainReloadingComplete (17ms)
	LoadAllAssembliesAndSetupDomain (126ms)
		LoadAssemblies (176ms)
		RebuildTransferFunctionScriptingTraits (0ms)
		AnalyzeDomain (13ms)
			TypeCache.Refresh (4ms)
				TypeCache.ScanAssembly (0ms)
			ScanForSourceGeneratedMonoScriptInfo (0ms)
			ResolveRequiredComponents (8ms)
	FinalizeReload (839ms)
		ReleaseScriptCaches (0ms)
		RebuildScriptCaches (0ms)
		SetupLoadedEditorAssemblies (395ms)
			LogAssemblyErrors (0ms)
			InitializePlatformSupportModulesInManaged (5ms)
			SetLoadedEditorAssemblies (3ms)
			RefreshPlugins (0ms)
			BeforeProcessingInitializeOnLoad (57ms)
			ProcessInitializeOnLoadAttributes (270ms)
			ProcessInitializeOnLoadMethodAttributes (56ms)
			AfterProcessingInitializeOnLoad (3ms)
			EditorAssembliesLoaded (0ms)
		ExecutionOrderSort2 (0ms)
		AwakeInstancesAfterBackupRestoration (19ms)
Refreshing native plugins compatible for Editor in 2.48 ms, found 3 plugins.
Preloading 0 native plugins for Editor in 0.00 ms.
Unloading 4810 Unused Serialized files (Serialized files now loaded: 0)
Unloading 47 unused Assets / (0.6 MB). Loaded Objects now: 5538.
Memory consumption went from 197.7 MB to 197.1 MB.
Total: 3.159200 ms (FindLiveObjects: 0.358600 ms CreateObjectMapping: 0.331600 ms MarkObjects: 2.148500 ms  DeleteObjects: 0.319500 ms)

Prepare: number of updated asset objects reloaded= 0
AssetImportParameters requested are different than current active one (requested -> active):
  custom:container-demuxer-ogg: 62fdf1f143b41e24485cea50d1cbac27 -> 
  custom:video-codec-MediaFoundation-h265: 746d11721c4dcdbdad8f713fa42b33f4 -> 
  custom:video-decoder-ogg-theora: a1e56fd34408186e4bbccfd4996cb3dc -> 
  custom:framework-win-MediaFoundation: 216162199b28c13a410421893ffa2e32 -> 
  custom:CustomObjectIndexerAttribute: a3ef5dd2817f97addfee359851a9dba5 -> 
  custom:container-demuxer-webm: 4f35f7cbe854078d1ac9338744f61a02 -> 
  custom:container-muxer-webm: aa71ff27fc2769a1b78a27578f13a17b -> 
  custom:video-decoder-webm-vp8: 9c59270c3fd7afecdb556c50c9e8de78 -> 
  custom:SearchIndexIgnoredProperties: e643bd26f0fe6173181afceb89e7c659 -> 
  custom:AudioImporter_EditorPlatform: d09bf68614088b80899f8185d706f6e7 -> 
  custom:video-encoder-webm-vp8: eb34c28f22e8b96e1ab97ce403110664 -> 
  custom:audio-decoder-ogg-vorbis: bf7c407c2cedff20999df2af8eb42d56 -> 
  custom:audio-encoder-webm-vorbis: bf7c407c2cedff20999df2af8eb42d56 -> 
========================================================================
Received Prepare
Begin MonoManager ReloadAssembly
- Loaded All Assemblies, in  0.312 seconds
Refreshing native plugins compatible for Editor in 2.17 ms, found 3 plugins.
Native extension for WindowsStandalone target not found
[Package Manager] Server::EnsureServerProcessIsRunning -- launch failed, reason: Unity was launched with the -noUpm command-line argument
[Package Manager] UpmClient::Send -- Unable to send message (not connected to UPM process).
[Package Manager] Cannot connect to Unity Package Manager local server
Mono: successfully reloaded assembly
- Finished resetting the current domain, in  0.862 seconds
Domain Reload Profiling: 1173ms
	BeginReloadAssembly (118ms)
		ExecutionOrderSort (0ms)
		DisableScriptedObjects (3ms)
		BackupInstance (0ms)
		ReleaseScriptingObjects (0ms)
		CreateAndSetChildDomain (27ms)
	RebuildCommonClasses (25ms)
	RebuildNativeTypeToScriptingClass (9ms)
	initialDomainReloadingComplete (25ms)
	LoadAllAssembliesAndSetupDomain (134ms)
		LoadAssemblies (185ms)
		RebuildTransferFunctionScriptingTraits (0ms)
		AnalyzeDomain (14ms)
			TypeCache.Refresh (5ms)
				TypeCache.ScanAssembly (0ms)
			ScanForSourceGeneratedMonoScriptInfo (0ms)
			ResolveRequiredComponents (8ms)
	FinalizeReload (862ms)
		ReleaseScriptCaches (0ms)
		RebuildScriptCaches (0ms)
		SetupLoadedEditorAssemblies (393ms)
			LogAssemblyErrors (0ms)
			InitializePlatformSupportModulesInManaged (4ms)
			SetLoadedEditorAssemblies (2ms)
			RefreshPlugins (0ms)
			BeforeProcessingInitializeOnLoad (56ms)
			ProcessInitializeOnLoadAttributes (268ms)
			ProcessInitializeOnLoadMethodAttributes (59ms)
			AfterProcessingInitializeOnLoad (3ms)
			EditorAssembliesLoaded (0ms)
		ExecutionOrderSort2 (0ms)
		AwakeInstancesAfterBackupRestoration (20ms)
Refreshing native plugins compatible for Editor in 2.56 ms, found 3 plugins.
Preloading 0 native plugins for Editor in 0.00 ms.
Unloading 4810 Unused Serialized files (Serialized files now loaded: 0)
Unloading 47 unused Assets / (0.6 MB). Loaded Objects now: 5542.
Memory consumption went from 197.7 MB to 197.0 MB.
Total: 3.114800 ms (FindLiveObjects: 0.322500 ms CreateObjectMapping: 0.328700 ms MarkObjects: 2.151300 ms  DeleteObjects: 0.311600 ms)

Prepare: number of updated asset objects reloaded= 0
AssetImportParameters requested are different than current active one (requested -> active):
  custom:container-demuxer-ogg: 62fdf1f143b41e24485cea50d1cbac27 -> 
  custom:video-codec-MediaFoundation-h265: 746d11721c4dcdbdad8f713fa42b33f4 -> 
  custom:video-decoder-ogg-theora: a1e56fd34408186e4bbccfd4996cb3dc -> 
  custom:framework-win-MediaFoundation: 216162199b28c13a410421893ffa2e32 -> 
  custom:CustomObjectIndexerAttribute: a3ef5dd2817f97addfee359851a9dba5 -> 
  custom:container-demuxer-webm: 4f35f7cbe854078d1ac9338744f61a02 -> 
  custom:container-muxer-webm: aa71ff27fc2769a1b78a27578f13a17b -> 
  custom:video-decoder-webm-vp8: 9c59270c3fd7afecdb556c50c9e8de78 -> 
  custom:SearchIndexIgnoredProperties: e643bd26f0fe6173181afceb89e7c659 -> 
  custom:AudioImporter_EditorPlatform: d09bf68614088b80899f8185d706f6e7 -> 
  custom:video-encoder-webm-vp8: eb34c28f22e8b96e1ab97ce403110664 -> 
  custom:audio-decoder-ogg-vorbis: bf7c407c2cedff20999df2af8eb42d56 -> 
  custom:audio-encoder-webm-vorbis: bf7c407c2cedff20999df2af8eb42d56 -> 
========================================================================
Received Import Request.
  Time since last request: 950.309731 seconds.
  path: Assets/PolygonHeist/Materials/PolygonHeist_Character_Material_01.mat
  artifactKey: Guid(176c49da1f24739498629fa1c85cfa7b) Importer(815301076,1909f56bfc062723c751e8b465ee728b)
Start importing Assets/PolygonHeist/Materials/PolygonHeist_Character_Material_01.mat using Guid(176c49da1f24739498629fa1c85cfa7b) Importer(815301076,1909f56bfc062723c751e8b465ee728b)  -> (artifact id: '399d847a9882948fcf94af462cfa370c') in 0.221064 seconds
Number of updated asset objects reloaded before import = 0
Number of asset objects unloaded after import = 22
========================================================================
Received Import Request.
  Time since last request: 0.000021 seconds.
  path: Assets/PolygonHeist/Materials/PolygonHeist_Material_04_C.mat
  artifactKey: Guid(b55d4d6a3e6f27148991cff6919581fd) Importer(815301076,1909f56bfc062723c751e8b465ee728b)
Start importing Assets/PolygonHeist/Materials/PolygonHeist_Material_04_C.mat using Guid(b55d4d6a3e6f27148991cff6919581fd) Importer(815301076,1909f56bfc062723c751e8b465ee728b)  -> (artifact id: 'f6d15d6da09757fd2d002b6f69e51f72') in 0.007779 seconds
Number of updated asset objects reloaded before import = 0
Number of asset objects unloaded after import = 3
========================================================================
Received Import Request.
  Time since last request: 0.000017 seconds.
  path: Assets/PolygonHeist/Materials/PolygonHeist_Material_02_A.mat
  artifactKey: Guid(bd0bc8c231660a549be135327b1cc186) Importer(815301076,1909f56bfc062723c751e8b465ee728b)
Start importing Assets/PolygonHeist/Materials/PolygonHeist_Material_02_A.mat using Guid(bd0bc8c231660a549be135327b1cc186) Importer(815301076,1909f56bfc062723c751e8b465ee728b)  -> (artifact id: 'fa4976f366d792c930cdea07cb7af921') in 0.009897 seconds
Number of updated asset objects reloaded before import = 0
Number of asset objects unloaded after import = 5
========================================================================
Received Import Request.
  Time since last request: 0.000014 seconds.
  path: Assets/PolygonHeist/Materials/SimplePeopleMasks_White.mat
  artifactKey: Guid(f8923546482337e499da1f7d5ce715c0) Importer(815301076,1909f56bfc062723c751e8b465ee728b)
Start importing Assets/PolygonHeist/Materials/SimplePeopleMasks_White.mat using Guid(f8923546482337e499da1f7d5ce715c0) Importer(815301076,1909f56bfc062723c751e8b465ee728b)  -> (artifact id: '8a10ec7952878c0c4f9fb0e2e8c50479') in 0.008967 seconds
Number of updated asset objects reloaded before import = 0
Number of asset objects unloaded after import = 3
========================================================================
Received Import Request.
  Time since last request: 0.000013 seconds.
  path: Assets/PolygonHeist/Materials/PolygonHeist_Material_03_B.mat
  artifactKey: Guid(fa7fa780863de81408c082241bbc2caf) Importer(815301076,1909f56bfc062723c751e8b465ee728b)
Start importing Assets/PolygonHeist/Materials/PolygonHeist_Material_03_B.mat using Guid(fa7fa780863de81408c082241bbc2caf) Importer(815301076,1909f56bfc062723c751e8b465ee728b)  -> (artifact id: '1e9570febb37f8e1ddfcd10e58a2e239') in 0.011156 seconds
Number of updated asset objects reloaded before import = 0
Number of asset objects unloaded after import = 3
========================================================================
Received Import Request.
  Time since last request: 0.000013 seconds.
  path: Assets/PolygonHeist/Materials/SimplePeopleMasks_Black.mat
  artifactKey: Guid(fc1a620d4002e62489bb0b9fdad9d5f8) Importer(815301076,1909f56bfc062723c751e8b465ee728b)
Start importing Assets/PolygonHeist/Materials/SimplePeopleMasks_Black.mat using Guid(fc1a620d4002e62489bb0b9fdad9d5f8) Importer(815301076,1909f56bfc062723c751e8b465ee728b)  -> (artifact id: '9b1b8aa337b8e70a0f5f59bb1e0a29a7') in 0.006593 seconds
Number of updated asset objects reloaded before import = 0
Number of asset objects unloaded after import = 3
========================================================================
Received Import Request.
  Time since last request: 0.000014 seconds.
  path: Assets/PolygonHeist/Materials/PolygonHeist_Material_01_C.mat
  artifactKey: Guid(640873c036094c74abbb1cfef8656986) Importer(815301076,1909f56bfc062723c751e8b465ee728b)
Start importing Assets/PolygonHeist/Materials/PolygonHeist_Material_01_C.mat using Guid(640873c036094c74abbb1cfef8656986) Importer(815301076,1909f56bfc062723c751e8b465ee728b)  -> (artifact id: '3344c26882541731c9c04abaf24ed0e6') in 0.008398 seconds
Number of updated asset objects reloaded before import = 0
Number of asset objects unloaded after import = 3
========================================================================
Received Import Request.
  Time since last request: 0.000014 seconds.
  path: Assets/PolygonHeist/Materials/SimplePeopleMasks_White_Blonde_Mat.mat
  artifactKey: Guid(5aa360377aa6b0e4bb52414992819b60) Importer(815301076,1909f56bfc062723c751e8b465ee728b)
Start importing Assets/PolygonHeist/Materials/SimplePeopleMasks_White_Blonde_Mat.mat using Guid(5aa360377aa6b0e4bb52414992819b60) Importer(815301076,1909f56bfc062723c751e8b465ee728b)  -> (artifact id: 'd5a75d5210f75a089afd8638e6aa63e0') in 0.007916 seconds
Number of updated asset objects reloaded before import = 0
Number of asset objects unloaded after import = 3
========================================================================
Received Import Request.
  Time since last request: 0.000013 seconds.
  path: Assets/PolygonHeist/Materials/PolygonHeist_Material_03_A.mat
  artifactKey: Guid(1c8e4d2529a740d408943d56a4e8506e) Importer(815301076,1909f56bfc062723c751e8b465ee728b)
Start importing Assets/PolygonHeist/Materials/PolygonHeist_Material_03_A.mat using Guid(1c8e4d2529a740d408943d56a4e8506e) Importer(815301076,1909f56bfc062723c751e8b465ee728b)  -> (artifact id: '3e04b13482b3557cc65df4a07eedbc5d') in 0.008425 seconds
Number of updated asset objects reloaded before import = 0
Number of asset objects unloaded after import = 4
========================================================================
Received Import Request.
  Time since last request: 0.000012 seconds.
  path: Assets/PolygonHeist/Materials/PolygonHeist_Character_Swat_Glass_01.mat
  artifactKey: Guid(92eb64d9ab10fcb4ba51ea1aad131523) Importer(815301076,1909f56bfc062723c751e8b465ee728b)
Start importing Assets/PolygonHeist/Materials/PolygonHeist_Character_Swat_Glass_01.mat using Guid(92eb64d9ab10fcb4ba51ea1aad131523) Importer(815301076,1909f56bfc062723c751e8b465ee728b)  -> (artifact id: '1e2c9b73ebbd7e00096f123e93cdfea2') in 0.006927 seconds
Number of updated asset objects reloaded before import = 0
Number of asset objects unloaded after import = 2
========================================================================
Received Import Request.
  Time since last request: 0.000017 seconds.
  path: Assets/PolygonHeist/Materials/PolygonHeist_Material_01_B.mat
  artifactKey: Guid(cc94ad0e6032a4544aa41ebc87655451) Importer(815301076,1909f56bfc062723c751e8b465ee728b)
Start importing Assets/PolygonHeist/Materials/PolygonHeist_Material_01_B.mat using Guid(cc94ad0e6032a4544aa41ebc87655451) Importer(815301076,1909f56bfc062723c751e8b465ee728b)  -> (artifact id: '755fd59f1415ad77e10f2c2235b2c6a6') in 0.009217 seconds
Number of updated asset objects reloaded before import = 0
Number of asset objects unloaded after import = 3
========================================================================
Received Import Request.
  Time since last request: 6.997790 seconds.
  path: Assets/PolygonHeist/Model/SM_Env_Wall_Interior_Door_Alt_01.fbx
  artifactKey: Guid(8a5ee178a67e9064fb4e2351017715a9) Importer(815301076,1909f56bfc062723c751e8b465ee728b)
Start importing Assets/PolygonHeist/Model/SM_Env_Wall_Interior_Door_Alt_01.fbx using Guid(8a5ee178a67e9064fb4e2351017715a9) Importer(815301076,1909f56bfc062723c751e8b465ee728b)  -> (artifact id: '2246ae7f73e29ea9597c1167b123cca0') in 0.026202 seconds
Number of updated asset objects reloaded before import = 0
Number of asset objects unloaded after import = 8
========================================================================
Received Import Request.
  Time since last request: 0.000014 seconds.
  path: Assets/PolygonHeist/Model/SM_Item_AmmoPack_02.fbx
  artifactKey: Guid(871d3258bfe94ce4f9a7efcfa9537b5a) Importer(815301076,1909f56bfc062723c751e8b465ee728b)
Start importing Assets/PolygonHeist/Model/SM_Item_AmmoPack_02.fbx using Guid(871d3258bfe94ce4f9a7efcfa9537b5a) Importer(815301076,1909f56bfc062723c751e8b465ee728b)  -> (artifact id: '45bae661bbc316e791af2994297f3ca5') in 0.010293 seconds
Number of updated asset objects reloaded before import = 0
Number of asset objects unloaded after import = 8
========================================================================
Received Import Request.
  Time since last request: 0.000015 seconds.
  path: Assets/PolygonHeist/Model/SM_Env_Wall_Interior_Window_Ground_01.fbx
  artifactKey: Guid(4f42c4f22a833d74085b66ff226159d4) Importer(815301076,1909f56bfc062723c751e8b465ee728b)
Start importing Assets/PolygonHeist/Model/SM_Env_Wall_Interior_Window_Ground_01.fbx using Guid(4f42c4f22a833d74085b66ff226159d4) Importer(815301076,1909f56bfc062723c751e8b465ee728b)  -> (artifact id: '46a168e90f7e1b1cf6edb67accbc83c0') in 0.017236 seconds
Number of updated asset objects reloaded before import = 0
Number of asset objects unloaded after import = 13
========================================================================
Received Import Request.
  Time since last request: 0.000016 seconds.
  path: Assets/PolygonHeist/Model/SM_Env_Wall_Interior_Window_02.fbx
  artifactKey: Guid(9bbc915844cbc99478dffa9bc6ef4953) Importer(815301076,1909f56bfc062723c751e8b465ee728b)
Start importing Assets/PolygonHeist/Model/SM_Env_Wall_Interior_Window_02.fbx using Guid(9bbc915844cbc99478dffa9bc6ef4953) Importer(815301076,1909f56bfc062723c751e8b465ee728b)  -> (artifact id: '8b29e473b7f2420b550c6542c58a5179') in 0.015080 seconds
Number of updated asset objects reloaded before import = 0
Number of asset objects unloaded after import = 13
========================================================================
Received Import Request.
  Time since last request: 0.000013 seconds.
  path: Assets/PolygonHeist/Model/SM_Item_DuffleBag_Open_Empty_01.fbx
  artifactKey: Guid(7d08ffb5293ca284a92b7dd566ee08b5) Importer(815301076,1909f56bfc062723c751e8b465ee728b)
Start importing Assets/PolygonHeist/Model/SM_Item_DuffleBag_Open_Empty_01.fbx using Guid(7d08ffb5293ca284a92b7dd566ee08b5) Importer(815301076,1909f56bfc062723c751e8b465ee728b)  -> (artifact id: '0582ad48a4d047f18f88c4faf706516a') in 0.009223 seconds
Number of updated asset objects reloaded before import = 0
Number of asset objects unloaded after import = 8
========================================================================
Received Import Request.
  Time since last request: 0.000013 seconds.
  path: Assets/PolygonHeist/Model/SM_Item_Handcuffs_01.fbx
  artifactKey: Guid(4d52e7ba7f0c5864e88bef1cc55f2e08) Importer(815301076,1909f56bfc062723c751e8b465ee728b)
Start importing Assets/PolygonHeist/Model/SM_Item_Handcuffs_01.fbx using Guid(4d52e7ba7f0c5864e88bef1cc55f2e08) Importer(815301076,1909f56bfc062723c751e8b465ee728b)  -> (artifact id: '501e9b34dbf7f2b8aa410d06891a3677') in 0.009541 seconds
Number of updated asset objects reloaded before import = 0
Number of asset objects unloaded after import = 8
========================================================================
Received Import Request.
  Time since last request: 0.000013 seconds.
  path: Assets/PolygonHeist/Model/SM_Item_Hammer_01.fbx
  artifactKey: Guid(2dbf492d25ff28449a3c28f09d22fc45) Importer(815301076,1909f56bfc062723c751e8b465ee728b)
Start importing Assets/PolygonHeist/Model/SM_Item_Hammer_01.fbx using Guid(2dbf492d25ff28449a3c28f09d22fc45) Importer(815301076,1909f56bfc062723c751e8b465ee728b)  -> (artifact id: '84ef177b564303642695966e32c75a2d') in 0.009729 seconds
Number of updated asset objects reloaded before import = 0
Number of asset objects unloaded after import = 8
========================================================================
Received Import Request.
  Time since last request: 0.000012 seconds.
  path: Assets/PolygonHeist/Model/SM_Env_Wall_Interior_Ground_01.fbx
  artifactKey: Guid(af2167a1d55f47d4a8287a30c75ee72a) Importer(815301076,1909f56bfc062723c751e8b465ee728b)
Start importing Assets/PolygonHeist/Model/SM_Env_Wall_Interior_Ground_01.fbx using Guid(af2167a1d55f47d4a8287a30c75ee72a) Importer(815301076,1909f56bfc062723c751e8b465ee728b)  -> (artifact id: 'aa2f9220badf1c4b6ce997d552aacf79') in 0.010434 seconds
Number of updated asset objects reloaded before import = 0
Number of asset objects unloaded after import = 8
========================================================================
Received Import Request.
  Time since last request: 0.000013 seconds.
  path: Assets/PolygonHeist/Model/SM_Item_Crowbar_01.fbx
  artifactKey: Guid(34cae36c187f9a04786717b1d88e88ce) Importer(815301076,1909f56bfc062723c751e8b465ee728b)
Start importing Assets/PolygonHeist/Model/SM_Item_Crowbar_01.fbx using Guid(34cae36c187f9a04786717b1d88e88ce) Importer(815301076,1909f56bfc062723c751e8b465ee728b)  -> (artifact id: 'cd871c3e55e9e3ad9c5b54523a94060e') in 0.010538 seconds
Number of updated asset objects reloaded before import = 0
Number of asset objects unloaded after import = 8
========================================================================
Received Import Request.
  Time since last request: 0.000015 seconds.
  path: Assets/PolygonHeist/Model/SM_Item_HealthKit_01.fbx
  artifactKey: Guid(84f10bef37660334c96811b6d66fc3ff) Importer(815301076,1909f56bfc062723c751e8b465ee728b)
Start importing Assets/PolygonHeist/Model/SM_Item_HealthKit_01.fbx using Guid(84f10bef37660334c96811b6d66fc3ff) Importer(815301076,1909f56bfc062723c751e8b465ee728b)  -> (artifact id: '1eadae1926029ebcc1357163fe89c59b') in 0.028216 seconds
Number of updated asset objects reloaded before import = 0
Number of asset objects unloaded after import = 18
========================================================================
Received Import Request.
  Time since last request: 0.000022 seconds.
  path: Assets/PolygonHeist/Model/SM_Item_HealthKit_02.fbx
  artifactKey: Guid(c587b5e23f3356844a22ab6263fe6587) Importer(815301076,1909f56bfc062723c751e8b465ee728b)
Start importing Assets/PolygonHeist/Model/SM_Item_HealthKit_02.fbx using Guid(c587b5e23f3356844a22ab6263fe6587) Importer(815301076,1909f56bfc062723c751e8b465ee728b)  -> (artifact id: '73e5b31a6148b64971ced5ca053d722d') in 0.010211 seconds
Number of updated asset objects reloaded before import = 0
Number of asset objects unloaded after import = 8
========================================================================
Received Import Request.
  Time since last request: 0.000022 seconds.
  path: Assets/PolygonHeist/Model/SM_Item_DuffleBag_Open_Full_01.fbx
  artifactKey: Guid(2f047ae9006227a439211dafab290834) Importer(815301076,1909f56bfc062723c751e8b465ee728b)
Start importing Assets/PolygonHeist/Model/SM_Item_DuffleBag_Open_Full_01.fbx using Guid(2f047ae9006227a439211dafab290834) Importer(815301076,1909f56bfc062723c751e8b465ee728b)  -> (artifact id: '45602ec2fc0203e165584a90b286cd9f') in 0.010642 seconds
Number of updated asset objects reloaded before import = 0
Number of asset objects unloaded after import = 8
========================================================================
Received Import Request.
  Time since last request: 0.000019 seconds.
  path: Assets/PolygonHeist/Model/SM_Item_DuffleBag_Full_01.fbx
  artifactKey: Guid(45a7d960ad2702c44bc9bd653b71b887) Importer(815301076,1909f56bfc062723c751e8b465ee728b)
Start importing Assets/PolygonHeist/Model/SM_Item_DuffleBag_Full_01.fbx using Guid(45a7d960ad2702c44bc9bd653b71b887) Importer(815301076,1909f56bfc062723c751e8b465ee728b)  -> (artifact id: '553b9bde6d9742774888b94c1d2e4f8d') in 0.017629 seconds
Number of updated asset objects reloaded before import = 0
Number of asset objects unloaded after import = 8
========================================================================
Received Import Request.
  Time since last request: 0.000018 seconds.
  path: Assets/PolygonHeist/Model/SM_Env_Wall_Interior_Window_Ground_02.fbx
  artifactKey: Guid(40599412db99ce844bb711a59036d7d3) Importer(815301076,1909f56bfc062723c751e8b465ee728b)
Start importing Assets/PolygonHeist/Model/SM_Env_Wall_Interior_Window_Ground_02.fbx using Guid(40599412db99ce844bb711a59036d7d3) Importer(815301076,1909f56bfc062723c751e8b465ee728b)  -> (artifact id: 'cf3c838a04dbd270dd6b1af356836763') in 0.018381 seconds
Number of updated asset objects reloaded before import = 0
Number of asset objects unloaded after import = 13
Editor requested this worker to shutdown with reason: Scaling down because of idle timeout
TcpMessagingSession - receive error: operation aborted. errorcode: 995, details: The I/O operation has been aborted because of either a thread exit or an application request.
AssetImportWorker is now disconnected from the server
Process exiting
Exiting without the bug reporter. Application will terminate with return code 0