Using pre-set license
Built from '2022.3/staging' branch; Version is '2022.3.9f1 (ea401c316338) revision 15351836'; Using compiler version '192829333'; Build Type 'Release'
OS: 'Windows 10  (10.0.19045) 64bit Professional' Language: 'en' Physical Memory: 32702 MB
BatchMode: 1, IsHumanControllingUs: 0, StartBugReporterOnCrash: 0, Is64bit: 1, IsPro: 1

COMMAND LINE ARGUMENTS:
D:\Unity Installs\2022.3.9f1\Editor\Unity.exe
-adb2
-batchMode
-noUpm
-name
AssetImportWorker2
-projectPath
D:/Unity Projects/Stealth FPS
-logFile
Logs/AssetImportWorker2.log
-srvPort
65370
Successfully changed project path to: D:/Unity Projects/Stealth FPS
D:/Unity Projects/Stealth FPS
[UnityMemory] Configuration Parameters - Can be set up in boot.config
    "memorysetup-bucket-allocator-granularity=16"
    "memorysetup-bucket-allocator-bucket-count=8"
    "memorysetup-bucket-allocator-block-size=33554432"
    "memorysetup-bucket-allocator-block-count=8"
    "memorysetup-main-allocator-block-size=16777216"
    "memorysetup-thread-allocator-block-size=16777216"
    "memorysetup-gfx-main-allocator-block-size=16777216"
    "memorysetup-gfx-thread-allocator-block-size=16777216"
    "memorysetup-cache-allocator-block-size=4194304"
    "memorysetup-typetree-allocator-block-size=2097152"
    "memorysetup-profiler-bucket-allocator-granularity=16"
    "memorysetup-profiler-bucket-allocator-bucket-count=8"
    "memorysetup-profiler-bucket-allocator-block-size=33554432"
    "memorysetup-profiler-bucket-allocator-block-count=8"
    "memorysetup-profiler-allocator-block-size=16777216"
    "memorysetup-profiler-editor-allocator-block-size=1048576"
    "memorysetup-temp-allocator-size-main=16777216"
    "memorysetup-job-temp-allocator-block-size=2097152"
    "memorysetup-job-temp-allocator-block-size-background=1048576"
    "memorysetup-job-temp-allocator-reduction-small-platforms=262144"
    "memorysetup-allocator-temp-initial-block-size-main=262144"
    "memorysetup-allocator-temp-initial-block-size-worker=262144"
    "memorysetup-temp-allocator-size-background-worker=32768"
    "memorysetup-temp-allocator-size-job-worker=262144"
    "memorysetup-temp-allocator-size-preload-manager=33554432"
    "memorysetup-temp-allocator-size-nav-mesh-worker=65536"
    "memorysetup-temp-allocator-size-audio-worker=65536"
    "memorysetup-temp-allocator-size-cloud-worker=32768"
    "memorysetup-temp-allocator-size-gi-baking-worker=262144"
    "memorysetup-temp-allocator-size-gfx=262144"
Player connection [9468] Host "[IP] 192.168.1.172 [Port] 0 [Flags] 2 [Guid] 2672934596 [EditorId] 2672934596 [Version] 1048832 [Id] WindowsEditor(7,DESKTOP-01TE2F3) [Debug] 1 [PackageName] WindowsEditor [ProjectName] Editor" joined multi-casting on [225.0.0.222:54997]...

Player connection [9468] Host "[IP] 192.168.1.172 [Port] 0 [Flags] 2 [Guid] 2672934596 [EditorId] 2672934596 [Version] 1048832 [Id] WindowsEditor(7,DESKTOP-01TE2F3) [Debug] 1 [PackageName] WindowsEditor [ProjectName] Editor" joined alternative multi-casting on [225.0.0.222:34997]...

[Physics::Module] Initialized MultithreadedJobDispatcher with 15 workers.
Refreshing native plugins compatible for Editor in 7.23 ms, found 3 plugins.
Preloading 0 native plugins for Editor in 0.00 ms.
Initialize engine version: 2022.3.9f1 (ea401c316338)
[Subsystems] Discovering subsystems at path D:/Unity Installs/2022.3.9f1/Editor/Data/Resources/UnitySubsystems
[Subsystems] Discovering subsystems at path D:/Unity Projects/Stealth FPS/Assets
GfxDevice: creating device client; threaded=0; jobified=0
Direct3D:
    Version:  Direct3D 11.0 [level 11.1]
    Renderer: NVIDIA GeForce RTX 2080 Ti (ID=0x1e04)
    Vendor:   NVIDIA
    VRAM:     11027 MB
    Driver:   31.0.15.5161
Initialize mono
Mono path[0] = 'D:/Unity Installs/2022.3.9f1/Editor/Data/Managed'
Mono path[1] = 'D:/Unity Installs/2022.3.9f1/Editor/Data/MonoBleedingEdge/lib/mono/unityjit-win32'
Mono config path = 'D:/Unity Installs/2022.3.9f1/Editor/Data/MonoBleedingEdge/etc'
Using monoOptions --debugger-agent=transport=dt_socket,embedding=1,server=y,suspend=n,address=127.0.0.1:56292
Begin MonoManager ReloadAssembly
Registering precompiled unity dll's ...
Register platform support module: D:/Unity Installs/2022.3.9f1/Editor/Data/PlaybackEngines/WindowsStandaloneSupport/UnityEditor.WindowsStandalone.Extensions.dll
Registered in 0.003551 seconds.
- Loaded All Assemblies, in  0.243 seconds
Native extension for WindowsStandalone target not found
Mono: successfully reloaded assembly
- Finished resetting the current domain, in  0.184 seconds
Domain Reload Profiling: 427ms
	BeginReloadAssembly (74ms)
		ExecutionOrderSort (0ms)
		DisableScriptedObjects (0ms)
		BackupInstance (0ms)
		ReleaseScriptingObjects (0ms)
		CreateAndSetChildDomain (1ms)
	RebuildCommonClasses (25ms)
	RebuildNativeTypeToScriptingClass (9ms)
	initialDomainReloadingComplete (36ms)
	LoadAllAssembliesAndSetupDomain (99ms)
		LoadAssemblies (73ms)
		RebuildTransferFunctionScriptingTraits (0ms)
		AnalyzeDomain (98ms)
			TypeCache.Refresh (97ms)
				TypeCache.ScanAssembly (87ms)
			ScanForSourceGeneratedMonoScriptInfo (0ms)
			ResolveRequiredComponents (0ms)
	FinalizeReload (184ms)
		ReleaseScriptCaches (0ms)
		RebuildScriptCaches (0ms)
		SetupLoadedEditorAssemblies (143ms)
			LogAssemblyErrors (0ms)
			InitializePlatformSupportModulesInManaged (5ms)
			SetLoadedEditorAssemblies (5ms)
			RefreshPlugins (0ms)
			BeforeProcessingInitializeOnLoad (2ms)
			ProcessInitializeOnLoadAttributes (93ms)
			ProcessInitializeOnLoadMethodAttributes (38ms)
			AfterProcessingInitializeOnLoad (0ms)
			EditorAssembliesLoaded (0ms)
		ExecutionOrderSort2 (0ms)
		AwakeInstancesAfterBackupRestoration (0ms)
========================================================================
Worker process is ready to serve import requests
Begin MonoManager ReloadAssembly
- Loaded All Assemblies, in  0.429 seconds
Refreshing native plugins compatible for Editor in 1.86 ms, found 3 plugins.
Native extension for WindowsStandalone target not found
Package Manager log level set to [2]
[Package Manager] Server::EnsureServerProcessIsRunning -- launch failed, reason: Unity was launched with the -noUpm command-line argument
[Package Manager] UpmClient::Send -- Unable to send message (not connected to UPM process).
[Package Manager] Cannot connect to Unity Package Manager local server
Mono: successfully reloaded assembly
- Finished resetting the current domain, in  0.462 seconds
Domain Reload Profiling: 891ms
	BeginReloadAssembly (102ms)
		ExecutionOrderSort (0ms)
		DisableScriptedObjects (4ms)
		BackupInstance (0ms)
		ReleaseScriptingObjects (0ms)
		CreateAndSetChildDomain (15ms)
	RebuildCommonClasses (28ms)
	RebuildNativeTypeToScriptingClass (8ms)
	initialDomainReloadingComplete (27ms)
	LoadAllAssembliesAndSetupDomain (263ms)
		LoadAssemblies (178ms)
		RebuildTransferFunctionScriptingTraits (0ms)
		AnalyzeDomain (144ms)
			TypeCache.Refresh (116ms)
				TypeCache.ScanAssembly (105ms)
			ScanForSourceGeneratedMonoScriptInfo (19ms)
			ResolveRequiredComponents (7ms)
	FinalizeReload (462ms)
		ReleaseScriptCaches (0ms)
		RebuildScriptCaches (0ms)
		SetupLoadedEditorAssemblies (347ms)
			LogAssemblyErrors (0ms)
			InitializePlatformSupportModulesInManaged (3ms)
			SetLoadedEditorAssemblies (2ms)
			RefreshPlugins (0ms)
			BeforeProcessingInitializeOnLoad (46ms)
			ProcessInitializeOnLoadAttributes (244ms)
			ProcessInitializeOnLoadMethodAttributes (49ms)
			AfterProcessingInitializeOnLoad (2ms)
			EditorAssembliesLoaded (0ms)
		ExecutionOrderSort2 (0ms)
		AwakeInstancesAfterBackupRestoration (7ms)
Launched and connected shader compiler UnityShaderCompiler.exe after 0.03 seconds
Refreshing native plugins compatible for Editor in 2.99 ms, found 3 plugins.
Preloading 0 native plugins for Editor in 0.00 ms.
Unloading 4967 Unused Serialized files (Serialized files now loaded: 0)
Unloading 72 unused Assets / (0.7 MB). Loaded Objects now: 5419.
Memory consumption went from 199.6 MB to 198.9 MB.
Total: 4.505500 ms (FindLiveObjects: 0.488600 ms CreateObjectMapping: 0.485200 ms MarkObjects: 3.153800 ms  DeleteObjects: 0.377000 ms)

AssetImportParameters requested are different than current active one (requested -> active):
  custom:container-demuxer-ogg: 62fdf1f143b41e24485cea50d1cbac27 -> 
  custom:video-codec-MediaFoundation-h265: 746d11721c4dcdbdad8f713fa42b33f4 -> 
  custom:video-decoder-ogg-theora: a1e56fd34408186e4bbccfd4996cb3dc -> 
  custom:framework-win-MediaFoundation: 216162199b28c13a410421893ffa2e32 -> 
  custom:CustomObjectIndexerAttribute: a3ef5dd2817f97addfee359851a9dba5 -> 
  custom:container-demuxer-webm: 4f35f7cbe854078d1ac9338744f61a02 -> 
  custom:container-muxer-webm: aa71ff27fc2769a1b78a27578f13a17b -> 
  custom:video-decoder-webm-vp8: 9c59270c3fd7afecdb556c50c9e8de78 -> 
  custom:SearchIndexIgnoredProperties: e643bd26f0fe6173181afceb89e7c659 -> 
  custom:AudioImporter_EditorPlatform: d09bf68614088b80899f8185d706f6e7 -> 
  custom:video-encoder-webm-vp8: eb34c28f22e8b96e1ab97ce403110664 -> 
  custom:audio-decoder-ogg-vorbis: bf7c407c2cedff20999df2af8eb42d56 -> 
  custom:audio-encoder-webm-vorbis: bf7c407c2cedff20999df2af8eb42d56 -> 
========================================================================
Received Import Request.
  Time since last request: 4123.266906 seconds.
  path: Assets/CLazyRunnerActionAnimPack/Animations/P4_CLazyAttack/Attack_Jump_Air
  artifactKey: Guid(793ef9f578762304496e034884be768a) Importer(815301076,1909f56bfc062723c751e8b465ee728b)
Start importing Assets/CLazyRunnerActionAnimPack/Animations/P4_CLazyAttack/Attack_Jump_Air using Guid(793ef9f578762304496e034884be768a) Importer(815301076,1909f56bfc062723c751e8b465ee728b)  -> (artifact id: '868e0f97e87e364008f9c172ae9decb7') in 0.001983 seconds
Number of updated asset objects reloaded before import = 0
Number of asset objects unloaded after import = 0
========================================================================
Received Import Request.
  Time since last request: 1.316642 seconds.
  path: Assets/CLazyRunnerActionAnimPack/Animations/P4_CLazyAttack/Attack_Kick_Run
  artifactKey: Guid(09547066e2a2a4d4e8fa4f35009fd613) Importer(815301076,1909f56bfc062723c751e8b465ee728b)
Start importing Assets/CLazyRunnerActionAnimPack/Animations/P4_CLazyAttack/Attack_Kick_Run using Guid(09547066e2a2a4d4e8fa4f35009fd613) Importer(815301076,1909f56bfc062723c751e8b465ee728b)  -> (artifact id: '6fa4e9c2fbb614932eabce952cb27c39') in 0.000608 seconds
Number of updated asset objects reloaded before import = 0
Number of asset objects unloaded after import = 0
========================================================================
Received Import Request.
  Time since last request: 0.546509 seconds.
  path: Assets/CLazyRunnerActionAnimPack/Animations/P4_CLazyAttack/Attack_Punch_Run
  artifactKey: Guid(0b25371d104c0624f903d3fdc7b6198c) Importer(815301076,1909f56bfc062723c751e8b465ee728b)
Start importing Assets/CLazyRunnerActionAnimPack/Animations/P4_CLazyAttack/Attack_Punch_Run using Guid(0b25371d104c0624f903d3fdc7b6198c) Importer(815301076,1909f56bfc062723c751e8b465ee728b)  -> (artifact id: '863dcf486f5ee18931de4bf27fe695b3') in 0.000559 seconds
Number of updated asset objects reloaded before import = 0
Number of asset objects unloaded after import = 0
========================================================================
Received Import Request.
  Time since last request: 0.496376 seconds.
  path: Assets/CLazyRunnerActionAnimPack/Animations/P4_CLazyAttack/Attack_Wp_Jump_Air
  artifactKey: Guid(01042eeb1f0ba54438feede3266bfa47) Importer(815301076,1909f56bfc062723c751e8b465ee728b)
Start importing Assets/CLazyRunnerActionAnimPack/Animations/P4_CLazyAttack/Attack_Wp_Jump_Air using Guid(01042eeb1f0ba54438feede3266bfa47) Importer(815301076,1909f56bfc062723c751e8b465ee728b)  -> (artifact id: '50611a994f347ea46716b170ee458bf7') in 0.000655 seconds
Number of updated asset objects reloaded before import = 0
Number of asset objects unloaded after import = 0
========================================================================
Received Import Request.
  Time since last request: 0.586096 seconds.
  path: Assets/CLazyRunnerActionAnimPack/Animations/P4_CLazyAttack/Attack_Wp_Swing_Run
  artifactKey: Guid(d598270a3af3e4d44a140c95d2d2bf64) Importer(815301076,1909f56bfc062723c751e8b465ee728b)
Start importing Assets/CLazyRunnerActionAnimPack/Animations/P4_CLazyAttack/Attack_Wp_Swing_Run using Guid(d598270a3af3e4d44a140c95d2d2bf64) Importer(815301076,1909f56bfc062723c751e8b465ee728b)  -> (artifact id: '5ecb32bb8503b5fc251ec31c538d98e4') in 0.000606 seconds
Number of updated asset objects reloaded before import = 0
Number of asset objects unloaded after import = 0
========================================================================
Received Import Request.
  Time since last request: 4.890798 seconds.
  path: Assets/CLazyRunnerActionAnimPack/Animations/P4_CLazyAttack/Attack_Wp_Swing_Run/CLazy@WpAttack_Hand_1R.FBX
  artifactKey: Guid(cba5cc357002eab4893f570436d8a36b) Importer(815301076,1909f56bfc062723c751e8b465ee728b)
Start importing Assets/CLazyRunnerActionAnimPack/Animations/P4_CLazyAttack/Attack_Wp_Swing_Run/CLazy@WpAttack_Hand_1R.FBX using Guid(cba5cc357002eab4893f570436d8a36b) Importer(815301076,1909f56bfc062723c751e8b465ee728b)  -> (artifact id: 'b7989cfb2b5ffce00f6a911621635d90') in 0.313600 seconds
Number of updated asset objects reloaded before import = 0
Number of asset objects unloaded after import = 149
========================================================================
Received Import Request.
  Time since last request: 29.438865 seconds.
  path: Assets/CLazyRunnerActionAnimPack/Animations/P4_CLazyAttack/Attack_Wp_Swing_Run/Controller
  artifactKey: Guid(0ce0c5c746a52784aa8b87231f5e869c) Importer(815301076,1909f56bfc062723c751e8b465ee728b)
Start importing Assets/CLazyRunnerActionAnimPack/Animations/P4_CLazyAttack/Attack_Wp_Swing_Run/Controller using Guid(0ce0c5c746a52784aa8b87231f5e869c) Importer(815301076,1909f56bfc062723c751e8b465ee728b)  -> (artifact id: '54de98f112aa4afc23728afaf0e9d753') in 0.000467 seconds
Number of updated asset objects reloaded before import = 0
Number of asset objects unloaded after import = 0
========================================================================
Received Import Request.
  Time since last request: 9.433402 seconds.
  path: Assets/CLazyRunnerActionAnimPack/Animations/P5_CLazyCollision/Dam_Flying_Die
  artifactKey: Guid(b392495fcb3ddc04d9e835c4818a5763) Importer(815301076,1909f56bfc062723c751e8b465ee728b)
Start importing Assets/CLazyRunnerActionAnimPack/Animations/P5_CLazyCollision/Dam_Flying_Die using Guid(b392495fcb3ddc04d9e835c4818a5763) Importer(815301076,1909f56bfc062723c751e8b465ee728b)  -> (artifact id: 'a2ee1fd50b87923e1d7632861b13e767') in 0.000699 seconds
Number of updated asset objects reloaded before import = 0
Number of asset objects unloaded after import = 0
========================================================================
Received Import Request.
  Time since last request: 1.149077 seconds.
  path: Assets/CLazyRunnerActionAnimPack/Animations/P5_CLazyCollision/Dam_Jumping_Die
  artifactKey: Guid(2ec974868c70ff942a742aa71249d7b2) Importer(815301076,1909f56bfc062723c751e8b465ee728b)
Start importing Assets/CLazyRunnerActionAnimPack/Animations/P5_CLazyCollision/Dam_Jumping_Die using Guid(2ec974868c70ff942a742aa71249d7b2) Importer(815301076,1909f56bfc062723c751e8b465ee728b)  -> (artifact id: '81e8b8e304e53cf42180aa9798a873e8') in 0.000586 seconds
Number of updated asset objects reloaded before import = 0
Number of asset objects unloaded after import = 0
========================================================================
Received Import Request.
  Time since last request: 0.526109 seconds.
  path: Assets/CLazyRunnerActionAnimPack/Animations/P5_CLazyCollision/Dam_Leap_Over_Die
  artifactKey: Guid(3f66e20791718564c80ba35eb239df3c) Importer(815301076,1909f56bfc062723c751e8b465ee728b)
Start importing Assets/CLazyRunnerActionAnimPack/Animations/P5_CLazyCollision/Dam_Leap_Over_Die using Guid(3f66e20791718564c80ba35eb239df3c) Importer(815301076,1909f56bfc062723c751e8b465ee728b)  -> (artifact id: '492cce31e8a8898df07f73d0cfaf9218') in 0.000615 seconds
Number of updated asset objects reloaded before import = 0
Number of asset objects unloaded after import = 0
========================================================================
Received Import Request.
  Time since last request: 0.471186 seconds.
  path: Assets/CLazyRunnerActionAnimPack/Animations/P5_CLazyCollision/Dam_Running_Die
  artifactKey: Guid(92cb3a005a46ea44f9328d2763230aa4) Importer(815301076,1909f56bfc062723c751e8b465ee728b)
Start importing Assets/CLazyRunnerActionAnimPack/Animations/P5_CLazyCollision/Dam_Running_Die using Guid(92cb3a005a46ea44f9328d2763230aa4) Importer(815301076,1909f56bfc062723c751e8b465ee728b)  -> (artifact id: '89f544841ecb9dcfd37033e14f51fab9') in 0.000611 seconds
Number of updated asset objects reloaded before import = 0
Number of asset objects unloaded after import = 0
========================================================================
Received Import Request.
  Time since last request: 0.525689 seconds.
  path: Assets/CLazyRunnerActionAnimPack/Animations/P5_CLazyCollision/Dam_Sliding_Die
  artifactKey: Guid(797b7475f9f32cd448af3538eea22972) Importer(815301076,1909f56bfc062723c751e8b465ee728b)
Start importing Assets/CLazyRunnerActionAnimPack/Animations/P5_CLazyCollision/Dam_Sliding_Die using Guid(797b7475f9f32cd448af3538eea22972) Importer(815301076,1909f56bfc062723c751e8b465ee728b)  -> (artifact id: '0a5b3cffa75fb379fe107b45c212c6d4') in 0.000572 seconds
Number of updated asset objects reloaded before import = 0
Number of asset objects unloaded after import = 0
========================================================================
Received Import Request.
  Time since last request: 0.572556 seconds.
  path: Assets/CLazyRunnerActionAnimPack/Animations/P5_CLazyCollision/Dam_Stand_Up
  artifactKey: Guid(069e9814635560443b5e0ba75b6d681f) Importer(815301076,1909f56bfc062723c751e8b465ee728b)
Start importing Assets/CLazyRunnerActionAnimPack/Animations/P5_CLazyCollision/Dam_Stand_Up using Guid(069e9814635560443b5e0ba75b6d681f) Importer(815301076,1909f56bfc062723c751e8b465ee728b)  -> (artifact id: 'ff6187c6d79a62ec9e434c1f0e9060fc') in 0.000601 seconds
Number of updated asset objects reloaded before import = 0
Number of asset objects unloaded after import = 0
========================================================================
Received Import Request.
  Time since last request: 0.594503 seconds.
  path: Assets/CLazyRunnerActionAnimPack/Animations/P5_CLazyCollision/Dam_Stumble_Run
  artifactKey: Guid(21f9fd90816aed841b84d242e32474ad) Importer(815301076,1909f56bfc062723c751e8b465ee728b)
Start importing Assets/CLazyRunnerActionAnimPack/Animations/P5_CLazyCollision/Dam_Stumble_Run using Guid(21f9fd90816aed841b84d242e32474ad) Importer(815301076,1909f56bfc062723c751e8b465ee728b)  -> (artifact id: '0b0e81ce8290e91bff43e34f88e378ae') in 0.000580 seconds
Number of updated asset objects reloaded before import = 0
Number of asset objects unloaded after import = 0
========================================================================
Received Import Request.
  Time since last request: 1.334373 seconds.
  path: Assets/CLazyRunnerActionAnimPack/Animations/P5_CLazyCollision/Dam_Stumble_Run/CLazy@Dam_Stand_Stumble.FBX
  artifactKey: Guid(58d24c59f966b7440b6087121c85130b) Importer(815301076,1909f56bfc062723c751e8b465ee728b)
Start importing Assets/CLazyRunnerActionAnimPack/Animations/P5_CLazyCollision/Dam_Stumble_Run/CLazy@Dam_Stand_Stumble.FBX using Guid(58d24c59f966b7440b6087121c85130b) Importer(815301076,1909f56bfc062723c751e8b465ee728b)  -> (artifact id: '2bbb9ee3e87c7e9e0da4fcd55e2fb28f') in 0.044086 seconds
Number of updated asset objects reloaded before import = 0
Number of asset objects unloaded after import = 148
========================================================================
Received Import Request.
  Time since last request: 0.000019 seconds.
  path: Assets/CLazyRunnerActionAnimPack/Animations/P5_CLazyCollision/Dam_Stumble_Run/CLazy@Dam_Turn_Stumble_Right.FBX
  artifactKey: Guid(a70a5c6964589294da2168176c483c92) Importer(815301076,1909f56bfc062723c751e8b465ee728b)
Start importing Assets/CLazyRunnerActionAnimPack/Animations/P5_CLazyCollision/Dam_Stumble_Run/CLazy@Dam_Turn_Stumble_Right.FBX using Guid(a70a5c6964589294da2168176c483c92) Importer(815301076,1909f56bfc062723c751e8b465ee728b)  -> (artifact id: '8cd3e09e6c7abf56acd080cbc5fabd91') in 0.019712 seconds
Number of updated asset objects reloaded before import = 0
Number of asset objects unloaded after import = 148
========================================================================
Received Import Request.
  Time since last request: 11.870459 seconds.
  path: Assets/CLazyRunnerActionAnimPack/Animations/P4_CLazyAttack/Attack_Jump_Air/CLazy@JAttack_AirDrop_All.FBX
  artifactKey: Guid(04c249908638ccf45a546e5200f48f90) Importer(815301076,1909f56bfc062723c751e8b465ee728b)
Start importing Assets/CLazyRunnerActionAnimPack/Animations/P4_CLazyAttack/Attack_Jump_Air/CLazy@JAttack_AirDrop_All.FBX using Guid(04c249908638ccf45a546e5200f48f90) Importer(815301076,1909f56bfc062723c751e8b465ee728b)  -> (artifact id: '79908488d650aa05b5ab94ef12ffd621') in 0.017771 seconds
Number of updated asset objects reloaded before import = 0
Number of asset objects unloaded after import = 148
========================================================================
Received Import Request.
  Time since last request: 0.000014 seconds.
  path: Assets/CLazyRunnerActionAnimPack/Animations/P4_CLazyAttack/Attack_Jump_Air/CLazy@JAttack_AirFront_All.FBX
  artifactKey: Guid(1e37a3d8db76a744daf6ae5deff7f10a) Importer(815301076,1909f56bfc062723c751e8b465ee728b)
Start importing Assets/CLazyRunnerActionAnimPack/Animations/P4_CLazyAttack/Attack_Jump_Air/CLazy@JAttack_AirFront_All.FBX using Guid(1e37a3d8db76a744daf6ae5deff7f10a) Importer(815301076,1909f56bfc062723c751e8b465ee728b)  -> (artifact id: '3c756514f83a0ae104cf0b18aaf44816') in 0.020075 seconds
Number of updated asset objects reloaded before import = 0
Number of asset objects unloaded after import = 148
========================================================================
Received Import Request.
  Time since last request: 0.000021 seconds.
  path: Assets/CLazyRunnerActionAnimPack/Animations/P4_CLazyAttack/Attack_Jump_Air/CLazy@JAttack_AirFront_Root.FBX
  artifactKey: Guid(99fd131b76cd4314a89dce4969b40c35) Importer(815301076,1909f56bfc062723c751e8b465ee728b)
Start importing Assets/CLazyRunnerActionAnimPack/Animations/P4_CLazyAttack/Attack_Jump_Air/CLazy@JAttack_AirFront_Root.FBX using Guid(99fd131b76cd4314a89dce4969b40c35) Importer(815301076,1909f56bfc062723c751e8b465ee728b)  -> (artifact id: '7a07db3ce2688c642aecd71a7bd1d903') in 0.015575 seconds
Number of updated asset objects reloaded before import = 0
Number of asset objects unloaded after import = 148
========================================================================
Received Import Request.
  Time since last request: 22.306108 seconds.
  path: Assets/CLazyRunnerActionAnimPack/Animations/P4_CLazyAttack/Attack_Punch_Run/CLazy@Attack_Hand_1R.FBX
  artifactKey: Guid(c2976fa7ea9c6844ca1d7042aef0a731) Importer(815301076,1909f56bfc062723c751e8b465ee728b)
Start importing Assets/CLazyRunnerActionAnimPack/Animations/P4_CLazyAttack/Attack_Punch_Run/CLazy@Attack_Hand_1R.FBX using Guid(c2976fa7ea9c6844ca1d7042aef0a731) Importer(815301076,1909f56bfc062723c751e8b465ee728b)  -> (artifact id: '2538861b3424e250f17847a3da34d74d') in 0.055647 seconds
Number of updated asset objects reloaded before import = 0
Number of asset objects unloaded after import = 148
========================================================================
Received Import Request.
  Time since last request: 0.000013 seconds.
  path: Assets/CLazyRunnerActionAnimPack/Animations/P4_CLazyAttack/Attack_Punch_Run/CLazy@Attack_Hand_PwR.FBX
  artifactKey: Guid(6009fc35f863bd14ba3908a22fd51715) Importer(815301076,1909f56bfc062723c751e8b465ee728b)
Start importing Assets/CLazyRunnerActionAnimPack/Animations/P4_CLazyAttack/Attack_Punch_Run/CLazy@Attack_Hand_PwR.FBX using Guid(6009fc35f863bd14ba3908a22fd51715) Importer(815301076,1909f56bfc062723c751e8b465ee728b)  -> (artifact id: '0cda3408d5a76bde1ac93fcb35a1bd93') in 0.198841 seconds
Number of updated asset objects reloaded before import = 0
Number of asset objects unloaded after import = 148
========================================================================
Received Prepare
Begin MonoManager ReloadAssembly
- Loaded All Assemblies, in  0.322 seconds
Refreshing native plugins compatible for Editor in 2.30 ms, found 3 plugins.
Native extension for WindowsStandalone target not found
[Package Manager] Server::EnsureServerProcessIsRunning -- launch failed, reason: Unity was launched with the -noUpm command-line argument
[Package Manager] UpmClient::Send -- Unable to send message (not connected to UPM process).
[Package Manager] Cannot connect to Unity Package Manager local server
Mono: successfully reloaded assembly
- Finished resetting the current domain, in  0.853 seconds
Domain Reload Profiling: 1175ms
	BeginReloadAssembly (128ms)
		ExecutionOrderSort (0ms)
		DisableScriptedObjects (8ms)
		BackupInstance (0ms)
		ReleaseScriptingObjects (0ms)
		CreateAndSetChildDomain (28ms)
	RebuildCommonClasses (28ms)
	RebuildNativeTypeToScriptingClass (9ms)
	initialDomainReloadingComplete (18ms)
	LoadAllAssembliesAndSetupDomain (138ms)
		LoadAssemblies (184ms)
		RebuildTransferFunctionScriptingTraits (0ms)
		AnalyzeDomain (20ms)
			TypeCache.Refresh (7ms)
				TypeCache.ScanAssembly (0ms)
			ScanForSourceGeneratedMonoScriptInfo (0ms)
			ResolveRequiredComponents (13ms)
	FinalizeReload (854ms)
		ReleaseScriptCaches (0ms)
		RebuildScriptCaches (0ms)
		SetupLoadedEditorAssemblies (392ms)
			LogAssemblyErrors (0ms)
			InitializePlatformSupportModulesInManaged (3ms)
			SetLoadedEditorAssemblies (2ms)
			RefreshPlugins (0ms)
			BeforeProcessingInitializeOnLoad (57ms)
			ProcessInitializeOnLoadAttributes (265ms)
			ProcessInitializeOnLoadMethodAttributes (61ms)
			AfterProcessingInitializeOnLoad (3ms)
			EditorAssembliesLoaded (0ms)
		ExecutionOrderSort2 (0ms)
		AwakeInstancesAfterBackupRestoration (22ms)
Refreshing native plugins compatible for Editor in 3.14 ms, found 3 plugins.
Preloading 0 native plugins for Editor in 0.00 ms.
Unloading 4810 Unused Serialized files (Serialized files now loaded: 0)
Unloading 47 unused Assets / (0.6 MB). Loaded Objects now: 5475.
Memory consumption went from 193.0 MB to 192.4 MB.
Total: 4.971800 ms (FindLiveObjects: 0.562100 ms CreateObjectMapping: 0.483300 ms MarkObjects: 3.477300 ms  DeleteObjects: 0.447800 ms)

Prepare: number of updated asset objects reloaded= 0
AssetImportParameters requested are different than current active one (requested -> active):
  custom:container-demuxer-ogg: 62fdf1f143b41e24485cea50d1cbac27 -> 
  custom:video-codec-MediaFoundation-h265: 746d11721c4dcdbdad8f713fa42b33f4 -> 
  custom:video-decoder-ogg-theora: a1e56fd34408186e4bbccfd4996cb3dc -> 
  custom:framework-win-MediaFoundation: 216162199b28c13a410421893ffa2e32 -> 
  custom:CustomObjectIndexerAttribute: a3ef5dd2817f97addfee359851a9dba5 -> 
  custom:container-demuxer-webm: 4f35f7cbe854078d1ac9338744f61a02 -> 
  custom:container-muxer-webm: aa71ff27fc2769a1b78a27578f13a17b -> 
  custom:video-decoder-webm-vp8: 9c59270c3fd7afecdb556c50c9e8de78 -> 
  custom:SearchIndexIgnoredProperties: e643bd26f0fe6173181afceb89e7c659 -> 
  custom:AudioImporter_EditorPlatform: d09bf68614088b80899f8185d706f6e7 -> 
  custom:video-encoder-webm-vp8: eb34c28f22e8b96e1ab97ce403110664 -> 
  custom:audio-decoder-ogg-vorbis: bf7c407c2cedff20999df2af8eb42d56 -> 
  custom:audio-encoder-webm-vorbis: bf7c407c2cedff20999df2af8eb42d56 -> 
Editor requested this worker to shutdown with reason: Scaling down because of idle timeout
TcpMessagingSession - receive error: operation aborted. errorcode: 995, details: The I/O operation has been aborted because of either a thread exit or an application request.
AssetImportWorker is now disconnected from the server
Process exiting
Exiting without the bug reporter. Application will terminate with return code 0