Using pre-set license
Built from '2022.3/staging' branch; Version is '2022.3.9f1 (ea401c316338) revision 15351836'; Using compiler version '192829333'; Build Type 'Release'
OS: 'Windows 10  (10.0.19045) 64bit Professional' Language: 'en' Physical Memory: 32702 MB
BatchMode: 1, IsHumanControllingUs: 0, StartBugReporterOnCrash: 0, Is64bit: 1, IsPro: 1

COMMAND LINE ARGUMENTS:
D:\Unity Installs\2022.3.9f1\Editor\Unity.exe
-adb2
-batchMode
-noUpm
-name
AssetImportWorker6
-projectPath
D:/Unity Projects/Stealth FPS
-logFile
Logs/AssetImportWorker6.log
-srvPort
65370
Successfully changed project path to: D:/Unity Projects/Stealth FPS
D:/Unity Projects/Stealth FPS
[UnityMemory] Configuration Parameters - Can be set up in boot.config
    "memorysetup-bucket-allocator-granularity=16"
    "memorysetup-bucket-allocator-bucket-count=8"
    "memorysetup-bucket-allocator-block-size=33554432"
    "memorysetup-bucket-allocator-block-count=8"
    "memorysetup-main-allocator-block-size=16777216"
    "memorysetup-thread-allocator-block-size=16777216"
    "memorysetup-gfx-main-allocator-block-size=16777216"
    "memorysetup-gfx-thread-allocator-block-size=16777216"
    "memorysetup-cache-allocator-block-size=4194304"
    "memorysetup-typetree-allocator-block-size=2097152"
    "memorysetup-profiler-bucket-allocator-granularity=16"
    "memorysetup-profiler-bucket-allocator-bucket-count=8"
    "memorysetup-profiler-bucket-allocator-block-size=33554432"
    "memorysetup-profiler-bucket-allocator-block-count=8"
    "memorysetup-profiler-allocator-block-size=16777216"
    "memorysetup-profiler-editor-allocator-block-size=1048576"
    "memorysetup-temp-allocator-size-main=16777216"
    "memorysetup-job-temp-allocator-block-size=2097152"
    "memorysetup-job-temp-allocator-block-size-background=1048576"
    "memorysetup-job-temp-allocator-reduction-small-platforms=262144"
    "memorysetup-allocator-temp-initial-block-size-main=262144"
    "memorysetup-allocator-temp-initial-block-size-worker=262144"
    "memorysetup-temp-allocator-size-background-worker=32768"
    "memorysetup-temp-allocator-size-job-worker=262144"
    "memorysetup-temp-allocator-size-preload-manager=33554432"
    "memorysetup-temp-allocator-size-nav-mesh-worker=65536"
    "memorysetup-temp-allocator-size-audio-worker=65536"
    "memorysetup-temp-allocator-size-cloud-worker=32768"
    "memorysetup-temp-allocator-size-gi-baking-worker=262144"
    "memorysetup-temp-allocator-size-gfx=262144"
Player connection [11088] Host "[IP] 192.168.1.172 [Port] 0 [Flags] 2 [Guid] 1422766946 [EditorId] 1422766946 [Version] 1048832 [Id] WindowsEditor(7,DESKTOP-01TE2F3) [Debug] 1 [PackageName] WindowsEditor [ProjectName] Editor" joined multi-casting on [225.0.0.222:54997]...

Player connection [11088] Host "[IP] 192.168.1.172 [Port] 0 [Flags] 2 [Guid] 1422766946 [EditorId] 1422766946 [Version] 1048832 [Id] WindowsEditor(7,DESKTOP-01TE2F3) [Debug] 1 [PackageName] WindowsEditor [ProjectName] Editor" joined alternative multi-casting on [225.0.0.222:34997]...

[Physics::Module] Initialized MultithreadedJobDispatcher with 15 workers.
Refreshing native plugins compatible for Editor in 6.76 ms, found 3 plugins.
Preloading 0 native plugins for Editor in 0.00 ms.
Initialize engine version: 2022.3.9f1 (ea401c316338)
[Subsystems] Discovering subsystems at path D:/Unity Installs/2022.3.9f1/Editor/Data/Resources/UnitySubsystems
[Subsystems] Discovering subsystems at path D:/Unity Projects/Stealth FPS/Assets
GfxDevice: creating device client; threaded=0; jobified=0
Direct3D:
    Version:  Direct3D 11.0 [level 11.1]
    Renderer: NVIDIA GeForce RTX 2080 Ti (ID=0x1e04)
    Vendor:   NVIDIA
    VRAM:     11027 MB
    Driver:   31.0.15.5161
Initialize mono
Mono path[0] = 'D:/Unity Installs/2022.3.9f1/Editor/Data/Managed'
Mono path[1] = 'D:/Unity Installs/2022.3.9f1/Editor/Data/MonoBleedingEdge/lib/mono/unityjit-win32'
Mono config path = 'D:/Unity Installs/2022.3.9f1/Editor/Data/MonoBleedingEdge/etc'
Using monoOptions --debugger-agent=transport=dt_socket,embedding=1,server=y,suspend=n,address=127.0.0.1:56888
Begin MonoManager ReloadAssembly
Registering precompiled unity dll's ...
Register platform support module: D:/Unity Installs/2022.3.9f1/Editor/Data/PlaybackEngines/WindowsStandaloneSupport/UnityEditor.WindowsStandalone.Extensions.dll
Registered in 0.002971 seconds.
- Loaded All Assemblies, in  0.253 seconds
Native extension for WindowsStandalone target not found
Mono: successfully reloaded assembly
- Finished resetting the current domain, in  0.181 seconds
Domain Reload Profiling: 434ms
	BeginReloadAssembly (83ms)
		ExecutionOrderSort (0ms)
		DisableScriptedObjects (0ms)
		BackupInstance (0ms)
		ReleaseScriptingObjects (0ms)
		CreateAndSetChildDomain (1ms)
	RebuildCommonClasses (25ms)
	RebuildNativeTypeToScriptingClass (9ms)
	initialDomainReloadingComplete (35ms)
	LoadAllAssembliesAndSetupDomain (100ms)
		LoadAssemblies (83ms)
		RebuildTransferFunctionScriptingTraits (0ms)
		AnalyzeDomain (99ms)
			TypeCache.Refresh (98ms)
				TypeCache.ScanAssembly (89ms)
			ScanForSourceGeneratedMonoScriptInfo (0ms)
			ResolveRequiredComponents (0ms)
	FinalizeReload (181ms)
		ReleaseScriptCaches (0ms)
		RebuildScriptCaches (0ms)
		SetupLoadedEditorAssemblies (140ms)
			LogAssemblyErrors (0ms)
			InitializePlatformSupportModulesInManaged (5ms)
			SetLoadedEditorAssemblies (5ms)
			RefreshPlugins (0ms)
			BeforeProcessingInitializeOnLoad (2ms)
			ProcessInitializeOnLoadAttributes (91ms)
			ProcessInitializeOnLoadMethodAttributes (36ms)
			AfterProcessingInitializeOnLoad (0ms)
			EditorAssembliesLoaded (0ms)
		ExecutionOrderSort2 (0ms)
		AwakeInstancesAfterBackupRestoration (0ms)
========================================================================
Worker process is ready to serve import requests
Begin MonoManager ReloadAssembly
- Loaded All Assemblies, in  0.439 seconds
Refreshing native plugins compatible for Editor in 1.94 ms, found 3 plugins.
Native extension for WindowsStandalone target not found
Package Manager log level set to [2]
[Package Manager] Server::EnsureServerProcessIsRunning -- launch failed, reason: Unity was launched with the -noUpm command-line argument
[Package Manager] UpmClient::Send -- Unable to send message (not connected to UPM process).
[Package Manager] Cannot connect to Unity Package Manager local server
Mono: successfully reloaded assembly
- Finished resetting the current domain, in  0.467 seconds
Domain Reload Profiling: 906ms
	BeginReloadAssembly (102ms)
		ExecutionOrderSort (0ms)
		DisableScriptedObjects (4ms)
		BackupInstance (0ms)
		ReleaseScriptingObjects (0ms)
		CreateAndSetChildDomain (14ms)
	RebuildCommonClasses (27ms)
	RebuildNativeTypeToScriptingClass (9ms)
	initialDomainReloadingComplete (29ms)
	LoadAllAssembliesAndSetupDomain (272ms)
		LoadAssemblies (182ms)
		RebuildTransferFunctionScriptingTraits (0ms)
		AnalyzeDomain (151ms)
			TypeCache.Refresh (126ms)
				TypeCache.ScanAssembly (112ms)
			ScanForSourceGeneratedMonoScriptInfo (16ms)
			ResolveRequiredComponents (7ms)
	FinalizeReload (467ms)
		ReleaseScriptCaches (0ms)
		RebuildScriptCaches (0ms)
		SetupLoadedEditorAssemblies (346ms)
			LogAssemblyErrors (0ms)
			InitializePlatformSupportModulesInManaged (3ms)
			SetLoadedEditorAssemblies (3ms)
			RefreshPlugins (0ms)
			BeforeProcessingInitializeOnLoad (48ms)
			ProcessInitializeOnLoadAttributes (242ms)
			ProcessInitializeOnLoadMethodAttributes (47ms)
			AfterProcessingInitializeOnLoad (2ms)
			EditorAssembliesLoaded (0ms)
		ExecutionOrderSort2 (0ms)
		AwakeInstancesAfterBackupRestoration (7ms)
Launched and connected shader compiler UnityShaderCompiler.exe after 0.06 seconds
Refreshing native plugins compatible for Editor in 2.84 ms, found 3 plugins.
Preloading 0 native plugins for Editor in 0.00 ms.
Unloading 4967 Unused Serialized files (Serialized files now loaded: 0)
Unloading 72 unused Assets / (0.7 MB). Loaded Objects now: 5419.
Memory consumption went from 199.6 MB to 198.9 MB.
Total: 3.294400 ms (FindLiveObjects: 0.328400 ms CreateObjectMapping: 0.309100 ms MarkObjects: 2.343600 ms  DeleteObjects: 0.311700 ms)

AssetImportParameters requested are different than current active one (requested -> active):
  custom:container-demuxer-ogg: 62fdf1f143b41e24485cea50d1cbac27 -> 
  custom:video-codec-MediaFoundation-h265: 746d11721c4dcdbdad8f713fa42b33f4 -> 
  custom:video-decoder-ogg-theora: a1e56fd34408186e4bbccfd4996cb3dc -> 
  custom:framework-win-MediaFoundation: 216162199b28c13a410421893ffa2e32 -> 
  custom:CustomObjectIndexerAttribute: a3ef5dd2817f97addfee359851a9dba5 -> 
  custom:container-demuxer-webm: 4f35f7cbe854078d1ac9338744f61a02 -> 
  custom:container-muxer-webm: aa71ff27fc2769a1b78a27578f13a17b -> 
  custom:video-decoder-webm-vp8: 9c59270c3fd7afecdb556c50c9e8de78 -> 
  custom:SearchIndexIgnoredProperties: e643bd26f0fe6173181afceb89e7c659 -> 
  custom:AudioImporter_EditorPlatform: d09bf68614088b80899f8185d706f6e7 -> 
  custom:video-encoder-webm-vp8: eb34c28f22e8b96e1ab97ce403110664 -> 
  custom:audio-decoder-ogg-vorbis: bf7c407c2cedff20999df2af8eb42d56 -> 
  custom:audio-encoder-webm-vorbis: bf7c407c2cedff20999df2af8eb42d56 -> 
========================================================================
Received Import Request.
  Time since last request: 5500.964494 seconds.
  path: Assets/PolygonHeist/Model/SM_Env_Wall_Interior_DoubleDoor_01.fbx
  artifactKey: Guid(13aebcf39d8d54c48adc345f50169232) Importer(815301076,1909f56bfc062723c751e8b465ee728b)
Start importing Assets/PolygonHeist/Model/SM_Env_Wall_Interior_DoubleDoor_01.fbx using Guid(13aebcf39d8d54c48adc345f50169232) Importer(815301076,1909f56bfc062723c751e8b465ee728b)  -> (artifact id: 'acbf30c24f9ae829ff764f73bafcba6d') in 0.289438 seconds
Number of updated asset objects reloaded before import = 0
Number of asset objects unloaded after import = 9
========================================================================
Received Import Request.
  Time since last request: 0.000020 seconds.
  path: Assets/PolygonHeist/Model/SM_Item_Hair_Woman_01.fbx
  artifactKey: Guid(fea2f51a8061b824fb9f086319c09b75) Importer(815301076,1909f56bfc062723c751e8b465ee728b)
Start importing Assets/PolygonHeist/Model/SM_Item_Hair_Woman_01.fbx using Guid(fea2f51a8061b824fb9f086319c09b75) Importer(815301076,1909f56bfc062723c751e8b465ee728b)  -> (artifact id: '85f0e9d5ff9629a6a7d93510c550acd4') in 0.009909 seconds
Number of updated asset objects reloaded before import = 0
Number of asset objects unloaded after import = 8
========================================================================
Received Import Request.
  Time since last request: 385.465440 seconds.
  path: Assets/Frank_RPG_Gunslinger/Assets/Animations/FBX/Frank_RPG_Gunslinger_8Way_Run_BL.FBX
  artifactKey: Guid(2e984912b44a0c841bdd121aab5b9655) Importer(815301076,1909f56bfc062723c751e8b465ee728b)
Start importing Assets/Frank_RPG_Gunslinger/Assets/Animations/FBX/Frank_RPG_Gunslinger_8Way_Run_BL.FBX using Guid(2e984912b44a0c841bdd121aab5b9655) Importer(815301076,1909f56bfc062723c751e8b465ee728b)  -> (artifact id: '6d68e4049eabd855f68339c1fb06b836') in 0.005810 seconds
Number of updated asset objects reloaded before import = 0
Number of asset objects unloaded after import = 181
========================================================================
Received Import Request.
  Time since last request: 0.004312 seconds.
  path: Assets/Frank_RPG_Gunslinger/Assets/Animations/FBX/Frank_RPG_Gunslinger_8Way_Run_F.FBX
  artifactKey: Guid(5f4dba405545ee84081b42fe23e43649) Importer(815301076,1909f56bfc062723c751e8b465ee728b)
Start importing Assets/Frank_RPG_Gunslinger/Assets/Animations/FBX/Frank_RPG_Gunslinger_8Way_Run_F.FBX using Guid(5f4dba405545ee84081b42fe23e43649) Importer(815301076,1909f56bfc062723c751e8b465ee728b)  -> (artifact id: '03bcd2a8e300a1c0c15c3fd0f0b2b4c1') in 0.003458 seconds
Number of updated asset objects reloaded before import = 0
Number of asset objects unloaded after import = 181
========================================================================
Received Import Request.
  Time since last request: 0.000015 seconds.
  path: Assets/Frank_RPG_Gunslinger/Assets/Animations/FBX/Frank_RPG_Gunslinger_Attack04.FBX
  artifactKey: Guid(f2116060390e41641ad1a9ddd994831d) Importer(815301076,1909f56bfc062723c751e8b465ee728b)
Start importing Assets/Frank_RPG_Gunslinger/Assets/Animations/FBX/Frank_RPG_Gunslinger_Attack04.FBX using Guid(f2116060390e41641ad1a9ddd994831d) Importer(815301076,1909f56bfc062723c751e8b465ee728b)  -> (artifact id: 'ac5a820b5942702003b01a878ace191a') in 0.008042 seconds
Number of updated asset objects reloaded before import = 0
Number of asset objects unloaded after import = 181
========================================================================
Received Import Request.
  Time since last request: 0.000018 seconds.
  path: Assets/Frank_RPG_Gunslinger/Assets/Animations/FBX/Frank_RPG_Gunslinger_Die.FBX
  artifactKey: Guid(241853b59e9b2c04e9f5c7e67622acaa) Importer(815301076,1909f56bfc062723c751e8b465ee728b)
Start importing Assets/Frank_RPG_Gunslinger/Assets/Animations/FBX/Frank_RPG_Gunslinger_Die.FBX using Guid(241853b59e9b2c04e9f5c7e67622acaa) Importer(815301076,1909f56bfc062723c751e8b465ee728b)  -> (artifact id: '25c2a986560c5c4c4d0c612014fd2d1a') in 0.004462 seconds
Number of updated asset objects reloaded before import = 0
Number of asset objects unloaded after import = 181
========================================================================
Received Import Request.
  Time since last request: 0.000014 seconds.
  path: Assets/Frank_RPG_Gunslinger/Assets/Animations/FBX/Frank_RPG_Gunslinger_Hit03.FBX
  artifactKey: Guid(c49e302ef2f9ce34b8f67c3defa79c49) Importer(815301076,1909f56bfc062723c751e8b465ee728b)
Start importing Assets/Frank_RPG_Gunslinger/Assets/Animations/FBX/Frank_RPG_Gunslinger_Hit03.FBX using Guid(c49e302ef2f9ce34b8f67c3defa79c49) Importer(815301076,1909f56bfc062723c751e8b465ee728b)  -> (artifact id: 'c4c293bf9ab524d78f09026c3619c689') in 0.004522 seconds
Number of updated asset objects reloaded before import = 0
Number of asset objects unloaded after import = 181
========================================================================
Received Import Request.
  Time since last request: 0.000012 seconds.
  path: Assets/Frank_RPG_Gunslinger/Assets/Animations/FBX/Frank_RPG_Gunslinger_Attack05.FBX
  artifactKey: Guid(46ec66b5a8c8563449985d8c1d331e4a) Importer(815301076,1909f56bfc062723c751e8b465ee728b)
Start importing Assets/Frank_RPG_Gunslinger/Assets/Animations/FBX/Frank_RPG_Gunslinger_Attack05.FBX using Guid(46ec66b5a8c8563449985d8c1d331e4a) Importer(815301076,1909f56bfc062723c751e8b465ee728b)  -> (artifact id: '4adca26c2a4550497183703b0e203ddd') in 0.005138 seconds
Number of updated asset objects reloaded before import = 0
Number of asset objects unloaded after import = 181
========================================================================
Received Import Request.
  Time since last request: 0.000019 seconds.
  path: Assets/Frank_RPG_Gunslinger/Assets/Animations/FBX/Frank_RPG_Gunslinger_Run07_Dual_Aim.FBX
  artifactKey: Guid(6261d4e960e62304d9ecd9c08fd1e25d) Importer(815301076,1909f56bfc062723c751e8b465ee728b)
Start importing Assets/Frank_RPG_Gunslinger/Assets/Animations/FBX/Frank_RPG_Gunslinger_Run07_Dual_Aim.FBX using Guid(6261d4e960e62304d9ecd9c08fd1e25d) Importer(815301076,1909f56bfc062723c751e8b465ee728b)  -> (artifact id: '7c377d417ce878964fc48d4fb52f9617') in 0.005138 seconds
Number of updated asset objects reloaded before import = 0
Number of asset objects unloaded after import = 181
========================================================================
Received Import Request.
  Time since last request: 0.000021 seconds.
  path: Assets/Frank_RPG_Gunslinger/Assets/Animations/FBX/Frank_RPG_Gunslinger_Jump_02.FBX
  artifactKey: Guid(cd5180edd4d94874f8944a8cc38b0412) Importer(815301076,1909f56bfc062723c751e8b465ee728b)
Start importing Assets/Frank_RPG_Gunslinger/Assets/Animations/FBX/Frank_RPG_Gunslinger_Jump_02.FBX using Guid(cd5180edd4d94874f8944a8cc38b0412) Importer(815301076,1909f56bfc062723c751e8b465ee728b)  -> (artifact id: '1a46912757f1af41255ce44d8cd8efa7') in 0.005331 seconds
Number of updated asset objects reloaded before import = 0
Number of asset objects unloaded after import = 181
========================================================================
Received Import Request.
  Time since last request: 0.000015 seconds.
  path: Assets/Frank_RPG_Gunslinger/Assets/Animations/FBX/Frank_RPG_Gunslinger_Attack02.FBX
  artifactKey: Guid(c477025b19b6daa4689605c216462946) Importer(815301076,1909f56bfc062723c751e8b465ee728b)
Start importing Assets/Frank_RPG_Gunslinger/Assets/Animations/FBX/Frank_RPG_Gunslinger_Attack02.FBX using Guid(c477025b19b6daa4689605c216462946) Importer(815301076,1909f56bfc062723c751e8b465ee728b)  -> (artifact id: '018367ce0ac22e4fa12780f2576523c2') in 0.006005 seconds
Number of updated asset objects reloaded before import = 0
Number of asset objects unloaded after import = 181
========================================================================
Received Import Request.
  Time since last request: 0.000017 seconds.
  path: Assets/Frank_RPG_Gunslinger/Assets/Animations/FBX/Frank_RPG_Gunslinger_Hit02.FBX
  artifactKey: Guid(71871b574273e27498f1450414c18113) Importer(815301076,1909f56bfc062723c751e8b465ee728b)
Start importing Assets/Frank_RPG_Gunslinger/Assets/Animations/FBX/Frank_RPG_Gunslinger_Hit02.FBX using Guid(71871b574273e27498f1450414c18113) Importer(815301076,1909f56bfc062723c751e8b465ee728b)  -> (artifact id: '2db5151177f6aa546b2a8b6d09b7b255') in 0.004437 seconds
Number of updated asset objects reloaded before import = 0
Number of asset objects unloaded after import = 181
========================================================================
Received Import Request.
  Time since last request: 0.000016 seconds.
  path: Assets/Frank_RPG_Gunslinger/Assets/Animations/FBX/Frank_RPG_Gunslinger_8Way_Walk_B.FBX
  artifactKey: Guid(fc3a7f3f1bd8c884fb4677eafa6b7832) Importer(815301076,1909f56bfc062723c751e8b465ee728b)
Start importing Assets/Frank_RPG_Gunslinger/Assets/Animations/FBX/Frank_RPG_Gunslinger_8Way_Walk_B.FBX using Guid(fc3a7f3f1bd8c884fb4677eafa6b7832) Importer(815301076,1909f56bfc062723c751e8b465ee728b)  -> (artifact id: 'efbc238e5d9271918d10150e8069064f') in 0.005372 seconds
Number of updated asset objects reloaded before import = 0
Number of asset objects unloaded after import = 181
========================================================================
Received Import Request.
  Time since last request: 0.000013 seconds.
  path: Assets/Frank_RPG_Gunslinger/Assets/Animations/FBX/Frank_RPG_Gunslinger_Run03_Faster.FBX
  artifactKey: Guid(c5bb58326087c9443936ad8b340db931) Importer(815301076,1909f56bfc062723c751e8b465ee728b)
Start importing Assets/Frank_RPG_Gunslinger/Assets/Animations/FBX/Frank_RPG_Gunslinger_Run03_Faster.FBX using Guid(c5bb58326087c9443936ad8b340db931) Importer(815301076,1909f56bfc062723c751e8b465ee728b)  -> (artifact id: '5972175673a5861ace4563e600f87d66') in 0.003879 seconds
Number of updated asset objects reloaded before import = 0
Number of asset objects unloaded after import = 181
========================================================================
Received Import Request.
  Time since last request: 0.000015 seconds.
  path: Assets/Frank_RPG_Gunslinger/Assets/Animations/FBX/Frank_RPG_Gunslinger_AirCombo01_All.FBX
  artifactKey: Guid(f85ac386a76329a4dad8a8244954e54a) Importer(815301076,1909f56bfc062723c751e8b465ee728b)
Start importing Assets/Frank_RPG_Gunslinger/Assets/Animations/FBX/Frank_RPG_Gunslinger_AirCombo01_All.FBX using Guid(f85ac386a76329a4dad8a8244954e54a) Importer(815301076,1909f56bfc062723c751e8b465ee728b)  -> (artifact id: '477785834ec9e169418545707734413d') in 0.007260 seconds
Number of updated asset objects reloaded before import = 0
Number of asset objects unloaded after import = 181
========================================================================
Received Import Request.
  Time since last request: 0.000014 seconds.
  path: Assets/Frank_RPG_Gunslinger/Assets/Animations/FBX/Frank_RPG_Gunslinger_8Way_Run_FL.FBX
  artifactKey: Guid(f687bf1f09fde7141a36b92cf94171c7) Importer(815301076,1909f56bfc062723c751e8b465ee728b)
Start importing Assets/Frank_RPG_Gunslinger/Assets/Animations/FBX/Frank_RPG_Gunslinger_8Way_Run_FL.FBX using Guid(f687bf1f09fde7141a36b92cf94171c7) Importer(815301076,1909f56bfc062723c751e8b465ee728b)  -> (artifact id: 'f3cbff2f02ee101f6bc4ab7e18d5d7a3') in 0.003863 seconds
Number of updated asset objects reloaded before import = 0
Number of asset objects unloaded after import = 181
========================================================================
Received Import Request.
  Time since last request: 0.000012 seconds.
  path: Assets/Frank_RPG_Gunslinger/Assets/Animations/FBX/Frank_RPG_Gunslinger_Evade_R.FBX
  artifactKey: Guid(41dcb99825fc40a49a7ccb8de2d9cbc2) Importer(815301076,1909f56bfc062723c751e8b465ee728b)
Start importing Assets/Frank_RPG_Gunslinger/Assets/Animations/FBX/Frank_RPG_Gunslinger_Evade_R.FBX using Guid(41dcb99825fc40a49a7ccb8de2d9cbc2) Importer(815301076,1909f56bfc062723c751e8b465ee728b)  -> (artifact id: 'feb1e5083183bfbee9c8b0d107811dec') in 0.004852 seconds
Number of updated asset objects reloaded before import = 0
Number of asset objects unloaded after import = 181
========================================================================
Received Import Request.
  Time since last request: 0.000023 seconds.
  path: Assets/Frank_RPG_Gunslinger/Assets/Animations/FBX/Frank_RPG_Gunslinger_Run01.FBX
  artifactKey: Guid(66fa6b7e536863540ab43d3a171280be) Importer(815301076,1909f56bfc062723c751e8b465ee728b)
Start importing Assets/Frank_RPG_Gunslinger/Assets/Animations/FBX/Frank_RPG_Gunslinger_Run01.FBX using Guid(66fa6b7e536863540ab43d3a171280be) Importer(815301076,1909f56bfc062723c751e8b465ee728b)  -> (artifact id: '2bfde787ff523069b5b16062a71cf5ec') in 0.005609 seconds
Number of updated asset objects reloaded before import = 0
Number of asset objects unloaded after import = 181
========================================================================
Received Import Request.
  Time since last request: 0.000016 seconds.
  path: Assets/Frank_RPG_Gunslinger/Assets/Animations/FBX/Frank_RPG_Gunslinger_Attack01.FBX
  artifactKey: Guid(3dcb186b33b86984c842e1b23d27053f) Importer(815301076,1909f56bfc062723c751e8b465ee728b)
Start importing Assets/Frank_RPG_Gunslinger/Assets/Animations/FBX/Frank_RPG_Gunslinger_Attack01.FBX using Guid(3dcb186b33b86984c842e1b23d27053f) Importer(815301076,1909f56bfc062723c751e8b465ee728b)  -> (artifact id: '1568a8f19cf00d71a7e74b5b614091ca') in 0.004710 seconds
Number of updated asset objects reloaded before import = 0
Number of asset objects unloaded after import = 181
========================================================================
Received Import Request.
  Time since last request: 0.000016 seconds.
  path: Assets/Frank_RPG_Gunslinger/Assets/Animations/FBX/Frank_RPG_Gunslinger_Run04_HandGun_Aim_Velocity.FBX
  artifactKey: Guid(c18af87a4a47451488df39bb23fb0af0) Importer(815301076,1909f56bfc062723c751e8b465ee728b)
Start importing Assets/Frank_RPG_Gunslinger/Assets/Animations/FBX/Frank_RPG_Gunslinger_Run04_HandGun_Aim_Velocity.FBX using Guid(c18af87a4a47451488df39bb23fb0af0) Importer(815301076,1909f56bfc062723c751e8b465ee728b)  -> (artifact id: '2bbce5ee06178e0665cab0d3ad99522c') in 0.003901 seconds
Number of updated asset objects reloaded before import = 0
Number of asset objects unloaded after import = 181
========================================================================
Received Import Request.
  Time since last request: 0.000013 seconds.
  path: Assets/Frank_RPG_Gunslinger/Assets/Animations/FBX/Frank_RPG_Gunslinger_Run01_Velocity.FBX
  artifactKey: Guid(9168166af8403684d9c8867fc818c2e9) Importer(815301076,1909f56bfc062723c751e8b465ee728b)
Start importing Assets/Frank_RPG_Gunslinger/Assets/Animations/FBX/Frank_RPG_Gunslinger_Run01_Velocity.FBX using Guid(9168166af8403684d9c8867fc818c2e9) Importer(815301076,1909f56bfc062723c751e8b465ee728b)  -> (artifact id: '441a774ebc4d04586fd2fdf0be6267d4') in 0.004947 seconds
Number of updated asset objects reloaded before import = 0
Number of asset objects unloaded after import = 181
========================================================================
Received Import Request.
  Time since last request: 0.000014 seconds.
  path: Assets/Frank_RPG_Gunslinger/Assets/Animations/FBX/Frank_RPG_Gunslinger_Equip.FBX
  artifactKey: Guid(adcd5469d6a83d146b9d5f51e1a90e0e) Importer(815301076,1909f56bfc062723c751e8b465ee728b)
Start importing Assets/Frank_RPG_Gunslinger/Assets/Animations/FBX/Frank_RPG_Gunslinger_Equip.FBX using Guid(adcd5469d6a83d146b9d5f51e1a90e0e) Importer(815301076,1909f56bfc062723c751e8b465ee728b)  -> (artifact id: '1c850542b1ff4fb936715b861d996592') in 0.004977 seconds
Number of updated asset objects reloaded before import = 0
Number of asset objects unloaded after import = 181
========================================================================
Received Import Request.
  Time since last request: 0.000016 seconds.
  path: Assets/Frank_RPG_Gunslinger/Assets/Animations/FBX/Frank_RPG_Gunslinger_8Way_Walk_L.FBX
  artifactKey: Guid(5389e076e90591244b7ef351f0d4eb94) Importer(815301076,1909f56bfc062723c751e8b465ee728b)
Start importing Assets/Frank_RPG_Gunslinger/Assets/Animations/FBX/Frank_RPG_Gunslinger_8Way_Walk_L.FBX using Guid(5389e076e90591244b7ef351f0d4eb94) Importer(815301076,1909f56bfc062723c751e8b465ee728b)  -> (artifact id: '893d52bbb7bdd3aa02ab767863078a7e') in 0.005100 seconds
Number of updated asset objects reloaded before import = 0
Number of asset objects unloaded after import = 181
========================================================================
Received Import Request.
  Time since last request: 0.000013 seconds.
  path: Assets/Frank_RPG_Gunslinger/Assets/Animations/FBX/Frank_RPG_Gunslinger_Hit_Knockdown.FBX
  artifactKey: Guid(0f18239561d11184e908247afae56837) Importer(815301076,1909f56bfc062723c751e8b465ee728b)
Start importing Assets/Frank_RPG_Gunslinger/Assets/Animations/FBX/Frank_RPG_Gunslinger_Hit_Knockdown.FBX using Guid(0f18239561d11184e908247afae56837) Importer(815301076,1909f56bfc062723c751e8b465ee728b)  -> (artifact id: '0377e1e6fc839b89ae7ec3cd75a56408') in 0.006051 seconds
Number of updated asset objects reloaded before import = 0
Number of asset objects unloaded after import = 181
========================================================================
Received Import Request.
  Time since last request: 0.000012 seconds.
  path: Assets/Frank_RPG_Gunslinger/Assets/Animations/FBX/Frank_RPG_Gunslinger_Combo01_All.FBX
  artifactKey: Guid(e904da0d1d17462488ed7e2f1491419e) Importer(815301076,1909f56bfc062723c751e8b465ee728b)
Start importing Assets/Frank_RPG_Gunslinger/Assets/Animations/FBX/Frank_RPG_Gunslinger_Combo01_All.FBX using Guid(e904da0d1d17462488ed7e2f1491419e) Importer(815301076,1909f56bfc062723c751e8b465ee728b)  -> (artifact id: 'b2631c83181f7852795c2dbb6b5b6082') in 0.007914 seconds
Number of updated asset objects reloaded before import = 0
Number of asset objects unloaded after import = 181
========================================================================
Received Import Request.
  Time since last request: 0.000014 seconds.
  path: Assets/Frank_RPG_Gunslinger/Assets/Animations/FBX/Frank_RPG_Gunslinger_Hit_Knockback.FBX
  artifactKey: Guid(dbc0279f3de080a42b1e7fe678afbea9) Importer(815301076,1909f56bfc062723c751e8b465ee728b)
Start importing Assets/Frank_RPG_Gunslinger/Assets/Animations/FBX/Frank_RPG_Gunslinger_Hit_Knockback.FBX using Guid(dbc0279f3de080a42b1e7fe678afbea9) Importer(815301076,1909f56bfc062723c751e8b465ee728b)  -> (artifact id: '1f072ba0957cab71550990a334766a2b') in 0.004355 seconds
Number of updated asset objects reloaded before import = 0
Number of asset objects unloaded after import = 181
========================================================================
Received Import Request.
  Time since last request: 0.000015 seconds.
  path: Assets/Frank_RPG_Gunslinger/Assets/Animations/FBX/Frank_RPG_Gunslinger_8Way_Walk_BR.FBX
  artifactKey: Guid(39c19893f487e3d4498cbd4a54f860e8) Importer(815301076,1909f56bfc062723c751e8b465ee728b)
Start importing Assets/Frank_RPG_Gunslinger/Assets/Animations/FBX/Frank_RPG_Gunslinger_8Way_Walk_BR.FBX using Guid(39c19893f487e3d4498cbd4a54f860e8) Importer(815301076,1909f56bfc062723c751e8b465ee728b)  -> (artifact id: 'f0560d6f5802763a886242a3a0b56c90') in 0.004219 seconds
Number of updated asset objects reloaded before import = 0
Number of asset objects unloaded after import = 181
========================================================================
Received Import Request.
  Time since last request: 0.000020 seconds.
  path: Assets/Frank_RPG_Gunslinger/Assets/Animations/FBX/Frank_RPG_Gunslinger_Guard.FBX
  artifactKey: Guid(06bffdabdedf6884e8c93da79d79e7f2) Importer(815301076,1909f56bfc062723c751e8b465ee728b)
Start importing Assets/Frank_RPG_Gunslinger/Assets/Animations/FBX/Frank_RPG_Gunslinger_Guard.FBX using Guid(06bffdabdedf6884e8c93da79d79e7f2) Importer(815301076,1909f56bfc062723c751e8b465ee728b)  -> (artifact id: 'a11fc25a1f242d3a8aedf80e7cf9968a') in 0.004168 seconds
Number of updated asset objects reloaded before import = 0
Number of asset objects unloaded after import = 181
========================================================================
Received Import Request.
  Time since last request: 0.000012 seconds.
  path: Assets/Frank_RPG_Gunslinger/Assets/Animations/FBX/Frank_RPG_Gunslinger_8Way_Walk_FL.FBX
  artifactKey: Guid(91463ee3150b6bc49830d691fb665611) Importer(815301076,1909f56bfc062723c751e8b465ee728b)
Start importing Assets/Frank_RPG_Gunslinger/Assets/Animations/FBX/Frank_RPG_Gunslinger_8Way_Walk_FL.FBX using Guid(91463ee3150b6bc49830d691fb665611) Importer(815301076,1909f56bfc062723c751e8b465ee728b)  -> (artifact id: '4acf3fda50326329ae38fa59281998eb') in 0.004352 seconds
Number of updated asset objects reloaded before import = 0
Number of asset objects unloaded after import = 181
========================================================================
Received Import Request.
  Time since last request: 0.000013 seconds.
  path: Assets/Frank_RPG_Gunslinger/Assets/Animations/FBX/Frank_RPG_Gunslinger_8Way_Walk_R.FBX
  artifactKey: Guid(1eda09a7ea80c2d4dbcc0f2d1460edf5) Importer(815301076,1909f56bfc062723c751e8b465ee728b)
Start importing Assets/Frank_RPG_Gunslinger/Assets/Animations/FBX/Frank_RPG_Gunslinger_8Way_Walk_R.FBX using Guid(1eda09a7ea80c2d4dbcc0f2d1460edf5) Importer(815301076,1909f56bfc062723c751e8b465ee728b)  -> (artifact id: '01fced97aedcbc215514a2d6734aa6bb') in 0.004620 seconds
Number of updated asset objects reloaded before import = 0
Number of asset objects unloaded after import = 181
========================================================================
Received Import Request.
  Time since last request: 0.000014 seconds.
  path: Assets/Frank_RPG_Gunslinger/Assets/Animations/FBX/Frank_RPG_Gunslinger_8Way_Run_L.FBX
  artifactKey: Guid(e7e2ceb5f9bece14bbbf353c4f4cf730) Importer(815301076,1909f56bfc062723c751e8b465ee728b)
Start importing Assets/Frank_RPG_Gunslinger/Assets/Animations/FBX/Frank_RPG_Gunslinger_8Way_Run_L.FBX using Guid(e7e2ceb5f9bece14bbbf353c4f4cf730) Importer(815301076,1909f56bfc062723c751e8b465ee728b)  -> (artifact id: 'de71b307ae04ee7a3a6f9b10d5dbd9fd') in 0.003824 seconds
Number of updated asset objects reloaded before import = 0
Number of asset objects unloaded after import = 181
========================================================================
Received Import Request.
  Time since last request: 0.000012 seconds.
  path: Assets/Frank_RPG_Gunslinger/Assets/Animations/FBX/Frank_RPG_Gunslinger_Run05_ShotGun_Aim.FBX
  artifactKey: Guid(3be3908b2e1bd5d4bab4b9f0a5875df5) Importer(815301076,1909f56bfc062723c751e8b465ee728b)
Start importing Assets/Frank_RPG_Gunslinger/Assets/Animations/FBX/Frank_RPG_Gunslinger_Run05_ShotGun_Aim.FBX using Guid(3be3908b2e1bd5d4bab4b9f0a5875df5) Importer(815301076,1909f56bfc062723c751e8b465ee728b)  -> (artifact id: '3258db308eab0398e3416ef7a7920ca7') in 0.004816 seconds
Number of updated asset objects reloaded before import = 0
Number of asset objects unloaded after import = 181
========================================================================
Received Import Request.
  Time since last request: 0.000016 seconds.
  path: Assets/Frank_RPG_Gunslinger/Assets/Animations/FBX/Frank_RPG_Gunslinger_Block.FBX
  artifactKey: Guid(7a3125fc150a92f4586c04b191cff96c) Importer(815301076,1909f56bfc062723c751e8b465ee728b)
Start importing Assets/Frank_RPG_Gunslinger/Assets/Animations/FBX/Frank_RPG_Gunslinger_Block.FBX using Guid(7a3125fc150a92f4586c04b191cff96c) Importer(815301076,1909f56bfc062723c751e8b465ee728b)  -> (artifact id: '01375d2e9f577d6e29cec14e587edd88') in 0.003789 seconds
Number of updated asset objects reloaded before import = 0
Number of asset objects unloaded after import = 181
========================================================================
Received Import Request.
  Time since last request: 0.000013 seconds.
  path: Assets/Frank_RPG_Gunslinger/Assets/Animations/FBX/Frank_RPG_Gunslinger_Crouch_Start.FBX
  artifactKey: Guid(834de31676ffec1488838e1d5f94c14e) Importer(815301076,1909f56bfc062723c751e8b465ee728b)
Start importing Assets/Frank_RPG_Gunslinger/Assets/Animations/FBX/Frank_RPG_Gunslinger_Crouch_Start.FBX using Guid(834de31676ffec1488838e1d5f94c14e) Importer(815301076,1909f56bfc062723c751e8b465ee728b)  -> (artifact id: '986440338362c9c232e6fdb6f5d97b25') in 0.005346 seconds
Number of updated asset objects reloaded before import = 0
Number of asset objects unloaded after import = 181
========================================================================
Received Import Request.
  Time since last request: 0.000017 seconds.
  path: Assets/Frank_RPG_Gunslinger/Assets/Animations/FBX/Frank_RPG_Gunslinger_8Way_Run_FR.FBX
  artifactKey: Guid(00df44b0c2b8d0141a1f34b33e98d47c) Importer(815301076,1909f56bfc062723c751e8b465ee728b)
Start importing Assets/Frank_RPG_Gunslinger/Assets/Animations/FBX/Frank_RPG_Gunslinger_8Way_Run_FR.FBX using Guid(00df44b0c2b8d0141a1f34b33e98d47c) Importer(815301076,1909f56bfc062723c751e8b465ee728b)  -> (artifact id: '8b10352a7ad11b334133e9d685d0a00c') in 0.004333 seconds
Number of updated asset objects reloaded before import = 0
Number of asset objects unloaded after import = 181
Editor requested this worker to shutdown with reason: Scaling down because of idle timeout
TcpMessagingSession - receive error: operation aborted. errorcode: 995, details: The I/O operation has been aborted because of either a thread exit or an application request.
AssetImportWorker is now disconnected from the server
Process exiting
Exiting without the bug reporter. Application will terminate with return code 0