Using pre-set license
Built from '2022.3/staging' branch; Version is '2022.3.9f1 (ea401c316338) revision 15351836'; Using compiler version '192829333'; Build Type 'Release'
OS: 'Windows 10  (10.0.19045) 64bit Professional' Language: 'en' Physical Memory: 16318 MB
BatchMode: 1, IsHumanControllingUs: 0, StartBugReporterOnCrash: 0, Is64bit: 1, IsPro: 1

COMMAND LINE ARGUMENTS:
D:\Unity Installs\2022.3.9f1\Editor\Unity.exe
-adb2
-batchMode
-noUpm
-name
AssetImportWorker1
-projectPath
D:/Unity Projects/Stealth FPS
-logFile
Logs/AssetImportWorker1.log
-srvPort
54466
Successfully changed project path to: D:/Unity Projects/Stealth FPS
D:/Unity Projects/Stealth FPS
[UnityMemory] Configuration Parameters - Can be set up in boot.config
    "memorysetup-bucket-allocator-granularity=16"
    "memorysetup-bucket-allocator-bucket-count=8"
    "memorysetup-bucket-allocator-block-size=33554432"
    "memorysetup-bucket-allocator-block-count=8"
    "memorysetup-main-allocator-block-size=16777216"
    "memorysetup-thread-allocator-block-size=16777216"
    "memorysetup-gfx-main-allocator-block-size=16777216"
    "memorysetup-gfx-thread-allocator-block-size=16777216"
    "memorysetup-cache-allocator-block-size=4194304"
    "memorysetup-typetree-allocator-block-size=2097152"
    "memorysetup-profiler-bucket-allocator-granularity=16"
    "memorysetup-profiler-bucket-allocator-bucket-count=8"
    "memorysetup-profiler-bucket-allocator-block-size=33554432"
    "memorysetup-profiler-bucket-allocator-block-count=8"
    "memorysetup-profiler-allocator-block-size=16777216"
    "memorysetup-profiler-editor-allocator-block-size=1048576"
    "memorysetup-temp-allocator-size-main=16777216"
    "memorysetup-job-temp-allocator-block-size=2097152"
    "memorysetup-job-temp-allocator-block-size-background=1048576"
    "memorysetup-job-temp-allocator-reduction-small-platforms=262144"
    "memorysetup-allocator-temp-initial-block-size-main=262144"
    "memorysetup-allocator-temp-initial-block-size-worker=262144"
    "memorysetup-temp-allocator-size-background-worker=32768"
    "memorysetup-temp-allocator-size-job-worker=262144"
    "memorysetup-temp-allocator-size-preload-manager=33554432"
    "memorysetup-temp-allocator-size-nav-mesh-worker=65536"
    "memorysetup-temp-allocator-size-audio-worker=65536"
    "memorysetup-temp-allocator-size-cloud-worker=32768"
    "memorysetup-temp-allocator-size-gi-baking-worker=262144"
    "memorysetup-temp-allocator-size-gfx=262144"
Player connection [8520] Host "[IP] 172.16.27.114 [Port] 0 [Flags] 2 [Guid] 2186005061 [EditorId] 2186005061 [Version] 1048832 [Id] WindowsEditor(7,DESKTOP-01TE2F3) [Debug] 1 [PackageName] WindowsEditor [ProjectName] Editor" joined multi-casting on [225.0.0.222:54997]...

Player connection [8520] Host "[IP] 172.16.27.114 [Port] 0 [Flags] 2 [Guid] 2186005061 [EditorId] 2186005061 [Version] 1048832 [Id] WindowsEditor(7,DESKTOP-01TE2F3) [Debug] 1 [PackageName] WindowsEditor [ProjectName] Editor" joined alternative multi-casting on [225.0.0.222:34997]...

[Physics::Module] Initialized MultithreadedJobDispatcher with 15 workers.
Refreshing native plugins compatible for Editor in 8.46 ms, found 3 plugins.
Preloading 0 native plugins for Editor in 0.00 ms.
Initialize engine version: 2022.3.9f1 (ea401c316338)
[Subsystems] Discovering subsystems at path D:/Unity Installs/2022.3.9f1/Editor/Data/Resources/UnitySubsystems
[Subsystems] Discovering subsystems at path D:/Unity Projects/Stealth FPS/Assets
GfxDevice: creating device client; threaded=0; jobified=0
Direct3D:
    Version:  Direct3D 11.0 [level 11.1]
    Renderer: NVIDIA GeForce RTX 2080 Ti (ID=0x1e04)
    Vendor:   NVIDIA
    VRAM:     11041 MB
    Driver:   31.0.15.4633
Initialize mono
Mono path[0] = 'D:/Unity Installs/2022.3.9f1/Editor/Data/Managed'
Mono path[1] = 'D:/Unity Installs/2022.3.9f1/Editor/Data/MonoBleedingEdge/lib/mono/unityjit-win32'
Mono config path = 'D:/Unity Installs/2022.3.9f1/Editor/Data/MonoBleedingEdge/etc'
Using monoOptions --debugger-agent=transport=dt_socket,embedding=1,server=y,suspend=n,address=127.0.0.1:56208
Begin MonoManager ReloadAssembly
Registering precompiled unity dll's ...
Register platform support module: D:/Unity Installs/2022.3.9f1/Editor/Data/PlaybackEngines/WindowsStandaloneSupport/UnityEditor.WindowsStandalone.Extensions.dll
Registered in 0.002913 seconds.
- Loaded All Assemblies, in  0.268 seconds
Native extension for WindowsStandalone target not found
Mono: successfully reloaded assembly
- Finished resetting the current domain, in  0.185 seconds
Domain Reload Profiling: 453ms
	BeginReloadAssembly (78ms)
		ExecutionOrderSort (0ms)
		DisableScriptedObjects (0ms)
		BackupInstance (0ms)
		ReleaseScriptingObjects (0ms)
		CreateAndSetChildDomain (1ms)
	RebuildCommonClasses (29ms)
	RebuildNativeTypeToScriptingClass (14ms)
	initialDomainReloadingComplete (40ms)
	LoadAllAssembliesAndSetupDomain (106ms)
		LoadAssemblies (78ms)
		RebuildTransferFunctionScriptingTraits (0ms)
		AnalyzeDomain (105ms)
			TypeCache.Refresh (104ms)
				TypeCache.ScanAssembly (93ms)
			ScanForSourceGeneratedMonoScriptInfo (0ms)
			ResolveRequiredComponents (0ms)
	FinalizeReload (186ms)
		ReleaseScriptCaches (0ms)
		RebuildScriptCaches (0ms)
		SetupLoadedEditorAssemblies (143ms)
			LogAssemblyErrors (0ms)
			InitializePlatformSupportModulesInManaged (6ms)
			SetLoadedEditorAssemblies (5ms)
			RefreshPlugins (0ms)
			BeforeProcessingInitializeOnLoad (2ms)
			ProcessInitializeOnLoadAttributes (94ms)
			ProcessInitializeOnLoadMethodAttributes (37ms)
			AfterProcessingInitializeOnLoad (0ms)
			EditorAssembliesLoaded (0ms)
		ExecutionOrderSort2 (0ms)
		AwakeInstancesAfterBackupRestoration (0ms)
========================================================================
Worker process is ready to serve import requests
Begin MonoManager ReloadAssembly
- Loaded All Assemblies, in  0.452 seconds
Refreshing native plugins compatible for Editor in 1.89 ms, found 3 plugins.
Native extension for WindowsStandalone target not found
Package Manager log level set to [2]
[Package Manager] Server::EnsureServerProcessIsRunning -- launch failed, reason: Unity was launched with the -noUpm command-line argument
[Package Manager] UpmClient::Send -- Unable to send message (not connected to UPM process).
[Package Manager] Cannot connect to Unity Package Manager local server
Mono: successfully reloaded assembly
- Finished resetting the current domain, in  0.483 seconds
Domain Reload Profiling: 936ms
	BeginReloadAssembly (109ms)
		ExecutionOrderSort (0ms)
		DisableScriptedObjects (4ms)
		BackupInstance (0ms)
		ReleaseScriptingObjects (0ms)
		CreateAndSetChildDomain (17ms)
	RebuildCommonClasses (26ms)
	RebuildNativeTypeToScriptingClass (9ms)
	initialDomainReloadingComplete (28ms)
	LoadAllAssembliesAndSetupDomain (281ms)
		LoadAssemblies (190ms)
		RebuildTransferFunctionScriptingTraits (0ms)
		AnalyzeDomain (153ms)
			TypeCache.Refresh (130ms)
				TypeCache.ScanAssembly (118ms)
			ScanForSourceGeneratedMonoScriptInfo (15ms)
			ResolveRequiredComponents (7ms)
	FinalizeReload (484ms)
		ReleaseScriptCaches (0ms)
		RebuildScriptCaches (0ms)
		SetupLoadedEditorAssemblies (360ms)
			LogAssemblyErrors (0ms)
			InitializePlatformSupportModulesInManaged (3ms)
			SetLoadedEditorAssemblies (2ms)
			RefreshPlugins (0ms)
			BeforeProcessingInitializeOnLoad (47ms)
			ProcessInitializeOnLoadAttributes (252ms)
			ProcessInitializeOnLoadMethodAttributes (54ms)
			AfterProcessingInitializeOnLoad (2ms)
			EditorAssembliesLoaded (0ms)
		ExecutionOrderSort2 (0ms)
		AwakeInstancesAfterBackupRestoration (8ms)
Launched and connected shader compiler UnityShaderCompiler.exe after 0.04 seconds
Refreshing native plugins compatible for Editor in 1.86 ms, found 3 plugins.
Preloading 0 native plugins for Editor in 0.00 ms.
Unloading 4922 Unused Serialized files (Serialized files now loaded: 0)
Unloading 72 unused Assets / (0.7 MB). Loaded Objects now: 5374.
Memory consumption went from 198.5 MB to 197.9 MB.
Total: 2.867600 ms (FindLiveObjects: 0.279900 ms CreateObjectMapping: 0.290800 ms MarkObjects: 2.043500 ms  DeleteObjects: 0.252100 ms)

AssetImportParameters requested are different than current active one (requested -> active):
  custom:container-demuxer-ogg: 62fdf1f143b41e24485cea50d1cbac27 -> 
  custom:video-codec-MediaFoundation-h265: 746d11721c4dcdbdad8f713fa42b33f4 -> 
  custom:video-decoder-ogg-theora: a1e56fd34408186e4bbccfd4996cb3dc -> 
  custom:framework-win-MediaFoundation: 216162199b28c13a410421893ffa2e32 -> 
  custom:CustomObjectIndexerAttribute: a3ef5dd2817f97addfee359851a9dba5 -> 
  custom:container-demuxer-webm: 4f35f7cbe854078d1ac9338744f61a02 -> 
  custom:container-muxer-webm: aa71ff27fc2769a1b78a27578f13a17b -> 
  custom:video-decoder-webm-vp8: 9c59270c3fd7afecdb556c50c9e8de78 -> 
  custom:SearchIndexIgnoredProperties: e643bd26f0fe6173181afceb89e7c659 -> 
  custom:AudioImporter_EditorPlatform: d09bf68614088b80899f8185d706f6e7 -> 
  custom:video-encoder-webm-vp8: eb34c28f22e8b96e1ab97ce403110664 -> 
  custom:audio-decoder-ogg-vorbis: bf7c407c2cedff20999df2af8eb42d56 -> 
  custom:audio-encoder-webm-vorbis: bf7c407c2cedff20999df2af8eb42d56 -> 
========================================================================
Received Import Request.
  Time since last request: 79519.102132 seconds.
  path: Assets/CLazyRunnerActionAnimPack/Textures/ClazyBody_White.png
  artifactKey: Guid(f5dced813de5fa344a85670065ad6fa0) Importer(815301076,1909f56bfc062723c751e8b465ee728b)
Start importing Assets/CLazyRunnerActionAnimPack/Textures/ClazyBody_White.png using Guid(f5dced813de5fa344a85670065ad6fa0) Importer(815301076,1909f56bfc062723c751e8b465ee728b)  -> (artifact id: '79d5b840a248193f554eb1f8c9403b20') in 0.047804 seconds
Number of updated asset objects reloaded before import = 0
Number of asset objects unloaded after import = 2
========================================================================
Received Import Request.
  Time since last request: 2.072763 seconds.
  path: Assets/CLazyRunnerActionAnimPack/Materials/CLazyBody_White.mat
  artifactKey: Guid(03fa50f59422f82458e6a10dd5096822) Importer(815301076,1909f56bfc062723c751e8b465ee728b)
Start importing Assets/CLazyRunnerActionAnimPack/Materials/CLazyBody_White.mat using Guid(03fa50f59422f82458e6a10dd5096822) Importer(815301076,1909f56bfc062723c751e8b465ee728b)  -> (artifact id: '37679bf06a34a07408e4f89e762331a1') in 0.193539 seconds
Number of updated asset objects reloaded before import = 0
Number of asset objects unloaded after import = 3
========================================================================
Received Import Request.
  Time since last request: 27.795087 seconds.
  path: Assets/CLazyRunnerActionAnimPack/Animations/P1_CLazyMovement/Mvm_8way_Walk/CLazy@Mvm_Walk_Back.FBX
  artifactKey: Guid(f2f0f7b1c134a3442a8f6570b63ed097) Importer(815301076,1909f56bfc062723c751e8b465ee728b)
Start importing Assets/CLazyRunnerActionAnimPack/Animations/P1_CLazyMovement/Mvm_8way_Walk/CLazy@Mvm_Walk_Back.FBX using Guid(f2f0f7b1c134a3442a8f6570b63ed097) Importer(815301076,1909f56bfc062723c751e8b465ee728b)  -> (artifact id: '8b4039c21b95e97b87bf21b5e7a2012f') in 0.090675 seconds
Number of updated asset objects reloaded before import = 0
Number of asset objects unloaded after import = 148
========================================================================
Received Import Request.
  Time since last request: 0.000017 seconds.
  path: Assets/CLazyRunnerActionAnimPack/Animations/P1_CLazyMovement/Mvm_8way_Walk/CLazy@Mvm_Walk_Front_L_Root.FBX
  artifactKey: Guid(9e33500effd86fe4b8b58d048eb082e7) Importer(815301076,1909f56bfc062723c751e8b465ee728b)
Start importing Assets/CLazyRunnerActionAnimPack/Animations/P1_CLazyMovement/Mvm_8way_Walk/CLazy@Mvm_Walk_Front_L_Root.FBX using Guid(9e33500effd86fe4b8b58d048eb082e7) Importer(815301076,1909f56bfc062723c751e8b465ee728b)  -> (artifact id: '55c2f2f8524a8d38b9e3a0a1b7f23e78') in 0.024923 seconds
Number of updated asset objects reloaded before import = 0
Number of asset objects unloaded after import = 148
========================================================================
Received Import Request.
  Time since last request: 0.000018 seconds.
  path: Assets/CLazyRunnerActionAnimPack/Animations/P1_CLazyMovement/Mvm_8way_Walk/CLazy@Mvm_Walk_Front_L.FBX
  artifactKey: Guid(8963a7997f2bbdd43998a822733ac81e) Importer(815301076,1909f56bfc062723c751e8b465ee728b)
Start importing Assets/CLazyRunnerActionAnimPack/Animations/P1_CLazyMovement/Mvm_8way_Walk/CLazy@Mvm_Walk_Front_L.FBX using Guid(8963a7997f2bbdd43998a822733ac81e) Importer(815301076,1909f56bfc062723c751e8b465ee728b)  -> (artifact id: 'f5c2337b51c30d261b80303ff83ddd92') in 0.034301 seconds
Number of updated asset objects reloaded before import = 0
Number of asset objects unloaded after import = 148
========================================================================
Received Import Request.
  Time since last request: 0.000013 seconds.
  path: Assets/CLazyRunnerActionAnimPack/Animations/P1_CLazyMovement/Mvm_8way_Walk/CLazy@Mvm_Walk_Back_Root.FBX
  artifactKey: Guid(1ce6178f580970141b5ae8f4b1099a73) Importer(815301076,1909f56bfc062723c751e8b465ee728b)
Start importing Assets/CLazyRunnerActionAnimPack/Animations/P1_CLazyMovement/Mvm_8way_Walk/CLazy@Mvm_Walk_Back_Root.FBX using Guid(1ce6178f580970141b5ae8f4b1099a73) Importer(815301076,1909f56bfc062723c751e8b465ee728b)  -> (artifact id: 'f3803b2d696117be8bb17d70f8d722ec') in 0.034658 seconds
Number of updated asset objects reloaded before import = 0
Number of asset objects unloaded after import = 148
========================================================================
Received Import Request.
  Time since last request: 0.000012 seconds.
  path: Assets/CLazyRunnerActionAnimPack/Animations/P1_CLazyMovement/Mvm_8way_Walk/CLazy@Mvm_Walk_Front_R45.FBX
  artifactKey: Guid(ae36db0ec29790b4d909645412d2094f) Importer(815301076,1909f56bfc062723c751e8b465ee728b)
Start importing Assets/CLazyRunnerActionAnimPack/Animations/P1_CLazyMovement/Mvm_8way_Walk/CLazy@Mvm_Walk_Front_R45.FBX using Guid(ae36db0ec29790b4d909645412d2094f) Importer(815301076,1909f56bfc062723c751e8b465ee728b)  -> (artifact id: '994c3b67ab3d32ba058a28d97f4ed9d1') in 0.050821 seconds
Number of updated asset objects reloaded before import = 0
Number of asset objects unloaded after import = 148
========================================================================
Received Import Request.
  Time since last request: 0.000047 seconds.
  path: Assets/CLazyRunnerActionAnimPack/Animations/P1_CLazyMovement/Mvm_8way_Walk/CLazy@Mvm_Walk_Back_R.FBX
  artifactKey: Guid(b7ca7bb65b560c540b5ac7823f741c53) Importer(815301076,1909f56bfc062723c751e8b465ee728b)
Start importing Assets/CLazyRunnerActionAnimPack/Animations/P1_CLazyMovement/Mvm_8way_Walk/CLazy@Mvm_Walk_Back_R.FBX using Guid(b7ca7bb65b560c540b5ac7823f741c53) Importer(815301076,1909f56bfc062723c751e8b465ee728b)  -> (artifact id: 'a7c4b05a6f0f3984af7cd729ef17cd61') in 0.015699 seconds
Number of updated asset objects reloaded before import = 0
Number of asset objects unloaded after import = 148
========================================================================
Received Import Request.
  Time since last request: 0.000013 seconds.
  path: Assets/CLazyRunnerActionAnimPack/Animations/P1_CLazyMovement/Mvm_8way_Walk/CLazy@Mvm_Walk_Back_L45_Root.FBX
  artifactKey: Guid(a023c3065474b1f43bc2ad959fd40f5e) Importer(815301076,1909f56bfc062723c751e8b465ee728b)
Start importing Assets/CLazyRunnerActionAnimPack/Animations/P1_CLazyMovement/Mvm_8way_Walk/CLazy@Mvm_Walk_Back_L45_Root.FBX using Guid(a023c3065474b1f43bc2ad959fd40f5e) Importer(815301076,1909f56bfc062723c751e8b465ee728b)  -> (artifact id: '25818989104933ffee1f35dd9b4c5665') in 0.015028 seconds
Number of updated asset objects reloaded before import = 0
Number of asset objects unloaded after import = 148
========================================================================
Received Import Request.
  Time since last request: 0.000012 seconds.
  path: Assets/CLazyRunnerActionAnimPack/Animations/P1_CLazyMovement/Mvm_8way_Walk/CLazy@Mvm_Walk_Back_R45_Root.FBX
  artifactKey: Guid(5d08d12dae75ba946b93320fd50a09fe) Importer(815301076,1909f56bfc062723c751e8b465ee728b)
Start importing Assets/CLazyRunnerActionAnimPack/Animations/P1_CLazyMovement/Mvm_8way_Walk/CLazy@Mvm_Walk_Back_R45_Root.FBX using Guid(5d08d12dae75ba946b93320fd50a09fe) Importer(815301076,1909f56bfc062723c751e8b465ee728b)  -> (artifact id: '94980e6b6910205cbabd7905d15e0671') in 0.018013 seconds
Number of updated asset objects reloaded before import = 0
Number of asset objects unloaded after import = 148
========================================================================
Received Import Request.
  Time since last request: 0.000014 seconds.
  path: Assets/CLazyRunnerActionAnimPack/Animations/P1_CLazyMovement/Mvm_8way_Walk/CLazy@Mvm_Walk_Back_L45.FBX
  artifactKey: Guid(9b7e4ef7c6efe6d41b0daa23baf117e8) Importer(815301076,1909f56bfc062723c751e8b465ee728b)
Start importing Assets/CLazyRunnerActionAnimPack/Animations/P1_CLazyMovement/Mvm_8way_Walk/CLazy@Mvm_Walk_Back_L45.FBX using Guid(9b7e4ef7c6efe6d41b0daa23baf117e8) Importer(815301076,1909f56bfc062723c751e8b465ee728b)  -> (artifact id: '89fa3de5f4c6e62eb39ea6ac1940d143') in 0.015437 seconds
Number of updated asset objects reloaded before import = 0
Number of asset objects unloaded after import = 148
========================================================================
Received Import Request.
  Time since last request: 0.000022 seconds.
  path: Assets/CLazyRunnerActionAnimPack/Animations/P1_CLazyMovement/Mvm_8way_Walk/CLazy@Mvm_Walk_Front_R.FBX
  artifactKey: Guid(23fe2c799289f0b4c87e5184114d35d8) Importer(815301076,1909f56bfc062723c751e8b465ee728b)
Start importing Assets/CLazyRunnerActionAnimPack/Animations/P1_CLazyMovement/Mvm_8way_Walk/CLazy@Mvm_Walk_Front_R.FBX using Guid(23fe2c799289f0b4c87e5184114d35d8) Importer(815301076,1909f56bfc062723c751e8b465ee728b)  -> (artifact id: '38e6b0b4ac69488fb1d49a33ba82c08e') in 0.016351 seconds
Number of updated asset objects reloaded before import = 0
Number of asset objects unloaded after import = 148
========================================================================
Received Import Request.
  Time since last request: 0.000014 seconds.
  path: Assets/CLazyRunnerActionAnimPack/Animations/P1_CLazyMovement/Mvm_8way_Walk/CLazy@Mvm_Walk_Back_R_Root.FBX
  artifactKey: Guid(5dbc90ebe28baf540b9d41fdf78783ef) Importer(815301076,1909f56bfc062723c751e8b465ee728b)
Start importing Assets/CLazyRunnerActionAnimPack/Animations/P1_CLazyMovement/Mvm_8way_Walk/CLazy@Mvm_Walk_Back_R_Root.FBX using Guid(5dbc90ebe28baf540b9d41fdf78783ef) Importer(815301076,1909f56bfc062723c751e8b465ee728b)  -> (artifact id: '7d65d051bc9eb7b17eef748b66850201') in 0.015292 seconds
Number of updated asset objects reloaded before import = 0
Number of asset objects unloaded after import = 148
Editor requested this worker to shutdown with reason: Scaling down because of idle timeout
TcpMessagingSession - receive error: operation aborted. errorcode: 995, details: The I/O operation has been aborted because of either a thread exit or an application request.
AssetImportWorker is now disconnected from the server
Process exiting
Exiting without the bug reporter. Application will terminate with return code 0